
  [4;36;1mSQL (0.1ms)[0m   [0;1mSET NAMES 'utf8'[0m
  [4;35;1mSQL (0.1ms)[0m   [0mSET SQL_AUTO_IS_NULL=0[0m
  [4;36;1mSQL (0.2ms)[0m   [0;1mSHOW TABLES[0m
  [4;35;1mSQL (378.7ms)[0m   [0mCREATE TABLE `schema_migrations` (`version` varchar(255) NOT NULL) ENGINE=InnoDB[0m
  [4;36;1mSQL (190.0ms)[0m   [0;1mCREATE UNIQUE INDEX `unique_schema_migrations` ON `schema_migrations` (`version`)[0m
  [4;35;1mSQL (0.4ms)[0m   [0mSHOW TABLES[0m
  [4;36;1mSQL (0.3ms)[0m   [0;1mSHOW TABLES[0m
  [4;35;1mSQL (0.2ms)[0m   [0mSELECT version FROM schema_migrations[0m
  [4;36;1mSQL (0.2ms)[0m   [0;1mSHOW TABLES[0m
  [4;36;1mSQL (0.1ms)[0m   [0;1mSET NAMES 'utf8'[0m
  [4;35;1mSQL (0.1ms)[0m   [0mSET SQL_AUTO_IS_NULL=0[0m
  [4;36;1mSQL (0.3ms)[0m   [0;1mSHOW TABLES[0m
  [4;35;1mSQL (0.1ms)[0m   [0mSELECT version FROM schema_migrations[0m
Migrating to CreateProducts (20100908012249)
  [4;36;1mSQL (366.3ms)[0m   [0;1mCREATE TABLE `products` (`id` int(11) DEFAULT NULL auto_increment PRIMARY KEY, `title` varchar(255), `description` text, `created_at` datetime, `updated_at` datetime) ENGINE=InnoDB[0m
  [4;35;1mSQL (0.8ms)[0m   [0mINSERT INTO schema_migrations (version) VALUES ('20100908012249')[0m
  [4;36;1mSQL (0.3ms)[0m   [0;1mSHOW TABLES[0m
  [4;35;1mSQL (0.2ms)[0m   [0mSELECT version FROM schema_migrations[0m
  [4;36;1mSQL (0.2ms)[0m   [0;1mSHOW TABLES[0m
  [4;35;1mSQL (1.2ms)[0m   [0mSHOW FIELDS FROM `products`[0m
  [4;36;1mSQL (1.4ms)[0m   [0;1mdescribe `products`[0m
  [4;35;1mSQL (1.6ms)[0m   [0mSHOW KEYS FROM `products`[0m
  [4;36;1mSQL (0.1ms)[0m   [0;1mSET NAMES 'utf8'[0m
  [4;35;1mSQL (0.1ms)[0m   [0mSET SQL_AUTO_IS_NULL=0[0m


Processing ApplicationController#index (for 127.0.0.1 at 2010-09-07 21:24:35) [GET]

ActionController::RoutingError (No route matches "/product" with {:method=>:get}):
  

Rendering rescues/layout (not_found)
  [4;36;1mSQL (0.1ms)[0m   [0;1mSET NAMES 'utf8'[0m
  [4;35;1mSQL (0.5ms)[0m   [0mSET SQL_AUTO_IS_NULL=0[0m


Processing ProductsController#index (for 127.0.0.1 at 2010-09-07 21:24:39) [GET]
  [4;36;1mProduct Load (0.4ms)[0m   [0;1mSELECT * FROM `products` [0m
Rendering template within layouts/products
Rendering products/index
Completed in 51ms (View: 46, DB: 1) | 200 OK [http://0.0.0.0/products]
  [4;35;1mSQL (0.1ms)[0m   [0mSET NAMES 'utf8'[0m
  [4;36;1mSQL (0.1ms)[0m   [0;1mSET SQL_AUTO_IS_NULL=0[0m


Processing ProductsController#index (for 127.0.0.1 at 2010-09-07 21:33:00) [GET]
  [4;35;1mProduct Load (0.3ms)[0m   [0mSELECT * FROM `products` [0m
Rendering template within layouts/products
Rendering products/index
Completed in 10ms (View: 6, DB: 1) | 200 OK [http://0.0.0.0/products]
  [4;36;1mSQL (0.1ms)[0m   [0;1mSET NAMES 'utf8'[0m
  [4;35;1mSQL (0.1ms)[0m   [0mSET SQL_AUTO_IS_NULL=0[0m


Processing ProductsController#index (for 127.0.0.1 at 2010-09-07 21:33:17) [GET]
  [4;36;1mProduct Load (0.3ms)[0m   [0;1mSELECT * FROM `products` [0m
Rendering template within layouts/products
Rendering products/index
Completed in 5ms (View: 1, DB: 0) | 200 OK [http://0.0.0.0/products]
  [4;36;1mSQL (0.1ms)[0m   [0;1mSET NAMES 'utf8'[0m
  [4;35;1mSQL (0.1ms)[0m   [0mSET SQL_AUTO_IS_NULL=0[0m
  [4;36;1mSQL (0.3ms)[0m   [0;1mSHOW TABLES[0m
  [4;35;1mSQL (0.2ms)[0m   [0mSELECT version FROM schema_migrations[0m
Migrating to CreateProducts (20100908012249)
Migrating to CreateManifests (20100908014355)
  [4;36;1mSQL (53.7ms)[0m   [0;1mCREATE TABLE `manifests` (`id` int(11) DEFAULT NULL auto_increment PRIMARY KEY, `title` varchar(255), `description` text, `created_at` datetime, `updated_at` datetime) ENGINE=InnoDB[0m
  [4;35;1mSQL (0.6ms)[0m   [0mINSERT INTO schema_migrations (version) VALUES ('20100908014355')[0m
  [4;36;1mSQL (0.4ms)[0m   [0;1mSHOW TABLES[0m
  [4;35;1mSQL (0.2ms)[0m   [0mSELECT version FROM schema_migrations[0m
  [4;36;1mSQL (0.2ms)[0m   [0;1mSHOW TABLES[0m
  [4;35;1mSQL (1.2ms)[0m   [0mSHOW FIELDS FROM `manifests`[0m
  [4;36;1mSQL (1.5ms)[0m   [0;1mdescribe `manifests`[0m
  [4;35;1mSQL (0.6ms)[0m   [0mSHOW KEYS FROM `manifests`[0m
  [4;36;1mSQL (0.9ms)[0m   [0;1mSHOW FIELDS FROM `products`[0m
  [4;35;1mSQL (1.5ms)[0m   [0mdescribe `products`[0m
  [4;36;1mSQL (0.6ms)[0m   [0;1mSHOW KEYS FROM `products`[0m
  [4;36;1mSQL (0.1ms)[0m   [0;1mSET NAMES 'utf8'[0m
  [4;35;1mSQL (0.1ms)[0m   [0mSET SQL_AUTO_IS_NULL=0[0m


Processing ProductsController#index (for 127.0.0.1 at 2010-09-07 21:47:26) [GET]
  [4;36;1mProduct Load (0.3ms)[0m   [0;1mSELECT * FROM `products` [0m
Rendering template within layouts/products
Rendering products/index
Completed in 22ms (View: 18, DB: 0) | 200 OK [http://0.0.0.0/products]
  [4;35;1mSQL (0.1ms)[0m   [0mSET NAMES 'utf8'[0m
  [4;36;1mSQL (0.1ms)[0m   [0;1mSET SQL_AUTO_IS_NULL=0[0m


Processing ManifestsController#index (for 127.0.0.1 at 2010-09-07 21:47:35) [GET]
  [4;35;1mManifest Load (0.4ms)[0m   [0mSELECT * FROM `manifests` [0m
Rendering template within layouts/manifests
Rendering manifests/index
Completed in 17ms (View: 11, DB: 1) | 200 OK [http://0.0.0.0/manifests]
  [4;36;1mSQL (0.1ms)[0m   [0;1mSET NAMES 'utf8'[0m
  [4;35;1mSQL (0.1ms)[0m   [0mSET SQL_AUTO_IS_NULL=0[0m


Processing ManifestsController#index (for 127.0.0.1 at 2010-09-07 21:51:34) [GET]
  [4;36;1mManifest Load (0.3ms)[0m   [0;1mSELECT * FROM `manifests` [0m
Rendering template within layouts/manifests
Rendering manifests/index
Completed in 20ms (View: 16, DB: 0) | 200 OK [http://0.0.0.0/manifests]
  [4;35;1mSQL (0.1ms)[0m   [0mSET NAMES 'utf8'[0m
  [4;36;1mSQL (0.1ms)[0m   [0;1mSET SQL_AUTO_IS_NULL=0[0m


Processing ManifestsController#index (for 127.0.0.1 at 2010-09-07 21:51:46) [GET]
  [4;35;1mManifest Load (0.2ms)[0m   [0mSELECT * FROM `manifests` [0m
Rendering template within layouts/manifests
Rendering manifests/index
Completed in 4ms (View: 1, DB: 0) | 200 OK [http://0.0.0.0/manifests]
  [4;36;1mSQL (0.1ms)[0m   [0;1mSET NAMES 'utf8'[0m
  [4;35;1mSQL (0.1ms)[0m   [0mSET SQL_AUTO_IS_NULL=0[0m


Processing ManifestsController#index (for 127.0.0.1 at 2010-09-07 21:51:58) [GET]
  [4;36;1mManifest Load (0.3ms)[0m   [0;1mSELECT * FROM `manifests` [0m
Rendering template within layouts/manifests
Rendering manifests/index
Completed in 4ms (View: 1, DB: 0) | 200 OK [http://0.0.0.0/manifests]
  [4;35;1mSQL (0.1ms)[0m   [0mSET NAMES 'utf8'[0m
  [4;36;1mSQL (0.1ms)[0m   [0;1mSET SQL_AUTO_IS_NULL=0[0m


Processing ManifestsController#index (for 127.0.0.1 at 2010-09-07 21:52:47) [GET]
  [4;35;1mManifest Load (0.2ms)[0m   [0mSELECT * FROM `manifests` [0m
Rendering template within layouts/manifests
Rendering manifests/index
Completed in 4ms (View: 1, DB: 0) | 200 OK [http://0.0.0.0/manifests]
  [4;36;1mSQL (0.1ms)[0m   [0;1mSET NAMES 'utf8'[0m
  [4;35;1mSQL (0.1ms)[0m   [0mSET SQL_AUTO_IS_NULL=0[0m


Processing ManifestsController#index (for 127.0.0.1 at 2010-09-07 21:54:57) [GET]
  [4;36;1mManifest Load (0.2ms)[0m   [0;1mSELECT * FROM `manifests` [0m
Rendering template within layouts/manifests
Rendering manifests/index
Completed in 4ms (View: 1, DB: 0) | 200 OK [http://0.0.0.0/manifests]
  [4;36;1mSQL (0.1ms)[0m   [0;1mSET NAMES 'utf8'[0m
  [4;35;1mSQL (0.1ms)[0m   [0mSET SQL_AUTO_IS_NULL=0[0m


Processing ManifestsController#index (for 127.0.0.1 at 2010-09-07 21:58:18) [GET]
  [4;36;1mManifest Load (0.3ms)[0m   [0;1mSELECT * FROM `manifests` [0m
Rendering template within layouts/manifests
Rendering manifests/index
Completed in 21ms (View: 17, DB: 0) | 200 OK [http://0.0.0.0/manifests]
  [4;35;1mSQL (0.1ms)[0m   [0mSET NAMES 'utf8'[0m
  [4;36;1mSQL (0.1ms)[0m   [0;1mSET SQL_AUTO_IS_NULL=0[0m


Processing ManifestsController#index (for 127.0.0.1 at 2010-09-07 21:58:26) [GET]
  [4;35;1mManifest Load (0.2ms)[0m   [0mSELECT * FROM `manifests` [0m
Rendering template within layouts/manifests
Rendering manifests/index
Completed in 4ms (View: 1, DB: 0) | 200 OK [http://0.0.0.0/manifests]
  [4;36;1mSQL (0.1ms)[0m   [0;1mSET NAMES 'utf8'[0m
  [4;35;1mSQL (0.1ms)[0m   [0mSET SQL_AUTO_IS_NULL=0[0m


Processing ManifestsController#index (for 127.0.0.1 at 2010-09-07 21:58:46) [GET]
  [4;36;1mManifest Load (0.2ms)[0m   [0;1mSELECT * FROM `manifests` [0m
Rendering template within layouts/manifests
Rendering manifests/index
Completed in 4ms (View: 1, DB: 0) | 200 OK [http://0.0.0.0/manifests]
  [4;36;1mSQL (0.1ms)[0m   [0;1mSET NAMES 'utf8'[0m
  [4;35;1mSQL (0.1ms)[0m   [0mSET SQL_AUTO_IS_NULL=0[0m


Processing ManifestsController#index (for 127.0.0.1 at 2010-09-07 21:59:31) [GET]
  [4;36;1mManifest Load (0.3ms)[0m   [0;1mSELECT * FROM `manifests` [0m
Rendering template within layouts/manifests
Rendering manifests/index
Completed in 19ms (View: 16, DB: 0) | 200 OK [http://0.0.0.0/manifests]
  [4;36;1mSQL (0.1ms)[0m   [0;1mSET NAMES 'utf8'[0m
  [4;35;1mSQL (0.1ms)[0m   [0mSET SQL_AUTO_IS_NULL=0[0m


Processing ManifestsController#index (for 127.0.0.1 at 2010-09-07 22:01:43) [GET]
  [4;36;1mManifest Load (0.3ms)[0m   [0;1mSELECT * FROM `manifests` [0m
Rendering template within layouts/manifests
Rendering manifests/index
Completed in 21ms (View: 17, DB: 0) | 200 OK [http://0.0.0.0/manifests]
  [4;36;1mSQL (0.1ms)[0m   [0;1mSET NAMES 'utf8'[0m
  [4;35;1mSQL (0.1ms)[0m   [0mSET SQL_AUTO_IS_NULL=0[0m


Processing ManifestsController#index (for 127.0.0.1 at 2010-09-07 22:02:31) [GET]
  [4;36;1mManifest Load (0.3ms)[0m   [0;1mSELECT * FROM `manifests` [0m
Rendering template within layouts/manifests
Rendering manifests/index
Completed in 20ms (View: 16, DB: 0) | 200 OK [http://0.0.0.0/manifests]
  [4;36;1mSQL (0.1ms)[0m   [0;1mSET NAMES 'utf8'[0m
  [4;35;1mSQL (0.1ms)[0m   [0mSET SQL_AUTO_IS_NULL=0[0m


Processing ManifestsController#index (for 127.0.0.1 at 2010-09-07 22:04:15) [GET]
  [4;36;1mManifest Load (0.3ms)[0m   [0;1mSELECT * FROM `manifests` [0m
Rendering template within layouts/manifests
Rendering manifests/index
Completed in 19ms (View: 16, DB: 0) | 200 OK [http://0.0.0.0/manifests]
  [4;35;1mSQL (0.1ms)[0m   [0mSET NAMES 'utf8'[0m
  [4;36;1mSQL (0.1ms)[0m   [0;1mSET SQL_AUTO_IS_NULL=0[0m


Processing ManifestsController#index (for 127.0.0.1 at 2010-09-07 22:04:35) [GET]
  [4;35;1mManifest Load (0.3ms)[0m   [0mSELECT * FROM `manifests` [0m
Rendering template within layouts/manifests
Rendering manifests/index
Completed in 7ms (View: 1, DB: 1) | 200 OK [http://0.0.0.0/manifests]
  [4;36;1mSQL (0.1ms)[0m   [0;1mSET NAMES 'utf8'[0m
  [4;35;1mSQL (0.1ms)[0m   [0mSET SQL_AUTO_IS_NULL=0[0m


Processing ProductsController#index (for 127.0.0.1 at 2010-09-07 22:05:01) [GET]
  [4;36;1mProduct Load (0.3ms)[0m   [0;1mSELECT * FROM `products` [0m
Rendering template within layouts/products
Rendering products/index
Completed in 18ms (View: 14, DB: 0) | 200 OK [http://0.0.0.0/products]
  [4;35;1mSQL (0.1ms)[0m   [0mSET NAMES 'utf8'[0m
  [4;36;1mSQL (0.1ms)[0m   [0;1mSET SQL_AUTO_IS_NULL=0[0m


Processing ManifestsController#index (for 127.0.0.1 at 2010-09-07 22:05:08) [GET]
  [4;35;1mManifest Load (0.3ms)[0m   [0mSELECT * FROM `manifests` [0m
Rendering template within layouts/manifests
Rendering manifests/index
Completed in 4ms (View: 1, DB: 0) | 200 OK [http://0.0.0.0/manifests]
  [4;36;1mSQL (0.1ms)[0m   [0;1mSET NAMES 'utf8'[0m
  [4;35;1mSQL (0.1ms)[0m   [0mSET SQL_AUTO_IS_NULL=0[0m


Processing ProductsController#index (for 127.0.0.1 at 2010-09-07 22:06:28) [GET]
  [4;36;1mProduct Load (0.3ms)[0m   [0;1mSELECT * FROM `products` [0m
Rendering template within layouts/products
Rendering products/index
Completed in 22ms (View: 18, DB: 0) | 200 OK [http://0.0.0.0/products]
  [4;35;1mSQL (0.1ms)[0m   [0mSET NAMES 'utf8'[0m
  [4;36;1mSQL (0.1ms)[0m   [0;1mSET SQL_AUTO_IS_NULL=0[0m


Processing ManifestsController#index (for 127.0.0.1 at 2010-09-07 22:06:29) [GET]
  [4;35;1mManifest Load (0.4ms)[0m   [0mSELECT * FROM `manifests` [0m
Rendering template within layouts/manifests
Rendering manifests/index
Completed in 16ms (View: 11, DB: 1) | 200 OK [http://0.0.0.0/manifests]
  [4;36;1mSQL (0.1ms)[0m   [0;1mSET NAMES 'utf8'[0m
  [4;35;1mSQL (0.1ms)[0m   [0mSET SQL_AUTO_IS_NULL=0[0m


Processing ProductsController#index (for 127.0.0.1 at 2010-09-07 22:06:29) [GET]
  [4;36;1mProduct Load (0.2ms)[0m   [0;1mSELECT * FROM `products` [0m
Rendering template within layouts/products
Rendering products/index
Completed in 4ms (View: 1, DB: 0) | 200 OK [http://0.0.0.0/products]
  [4;35;1mSQL (0.1ms)[0m   [0mSET NAMES 'utf8'[0m
  [4;36;1mSQL (0.1ms)[0m   [0;1mSET SQL_AUTO_IS_NULL=0[0m


Processing ApplicationController#index (for 127.0.0.1 at 2010-09-07 22:06:29) [GET]

ActionController::RoutingError (No route matches "/offline.html" with {:method=>:get}):
  

Rendering rescues/layout (not_found)
  [4;36;1mSQL (0.1ms)[0m   [0;1mSET NAMES 'utf8'[0m
  [4;35;1mSQL (0.1ms)[0m   [0mSET SQL_AUTO_IS_NULL=0[0m


Processing ProductsController#index (for 127.0.0.1 at 2010-09-07 22:07:16) [GET]
  [4;36;1mProduct Load (0.3ms)[0m   [0;1mSELECT * FROM `products` [0m
Rendering template within layouts/products
Rendering products/index
Completed in 24ms (View: 21, DB: 0) | 200 OK [http://0.0.0.0/products]
  [4;35;1mSQL (0.1ms)[0m   [0mSET NAMES 'utf8'[0m
  [4;36;1mSQL (0.1ms)[0m   [0;1mSET SQL_AUTO_IS_NULL=0[0m


Processing ManifestsController#index (for 127.0.0.1 at 2010-09-07 22:07:16) [GET]
  [4;35;1mManifest Load (0.3ms)[0m   [0mSELECT * FROM `manifests` [0m
Rendering template within layouts/manifests
Rendering manifests/index
Completed in 15ms (View: 11, DB: 1) | 200 OK [http://0.0.0.0/manifests]
  [4;36;1mSQL (0.1ms)[0m   [0;1mSET NAMES 'utf8'[0m
  [4;35;1mSQL (0.1ms)[0m   [0mSET SQL_AUTO_IS_NULL=0[0m


Processing ProductsController#index (for 127.0.0.1 at 2010-09-07 22:07:16) [GET]
  [4;36;1mProduct Load (0.3ms)[0m   [0;1mSELECT * FROM `products` [0m
Rendering template within layouts/products
Rendering products/index
Completed in 5ms (View: 1, DB: 0) | 200 OK [http://0.0.0.0/products]
  [4;35;1mSQL (0.1ms)[0m   [0mSET NAMES 'utf8'[0m
  [4;36;1mSQL (0.1ms)[0m   [0;1mSET SQL_AUTO_IS_NULL=0[0m


Processing ApplicationController#index (for 127.0.0.1 at 2010-09-07 22:07:16) [GET]

ActionController::RoutingError (No route matches "/offline.html" with {:method=>:get}):
  

Rendering rescues/layout (not_found)
  [4;35;1mSQL (0.1ms)[0m   [0mSET NAMES 'utf8'[0m
  [4;36;1mSQL (0.1ms)[0m   [0;1mSET SQL_AUTO_IS_NULL=0[0m


Processing ProductsController#index (for 127.0.0.1 at 2010-09-07 22:07:21) [GET]
  [4;35;1mProduct Load (0.3ms)[0m   [0mSELECT * FROM `products` [0m
Rendering template within layouts/products
Rendering products/index
Completed in 6ms (View: 1, DB: 0) | 200 OK [http://0.0.0.0/products]
  [4;36;1mSQL (0.1ms)[0m   [0;1mSET NAMES 'utf8'[0m
  [4;35;1mSQL (0.1ms)[0m   [0mSET SQL_AUTO_IS_NULL=0[0m


Processing ManifestsController#index (for 127.0.0.1 at 2010-09-07 22:07:21) [GET]
  [4;36;1mManifest Load (0.3ms)[0m   [0;1mSELECT * FROM `manifests` [0m
Rendering template within layouts/manifests
Rendering manifests/index
Completed in 5ms (View: 1, DB: 1) | 200 OK [http://0.0.0.0/manifests]
  [4;35;1mSQL (0.1ms)[0m   [0mSET NAMES 'utf8'[0m
  [4;36;1mSQL (0.1ms)[0m   [0;1mSET SQL_AUTO_IS_NULL=0[0m


Processing ProductsController#index (for 127.0.0.1 at 2010-09-07 22:07:21) [GET]
  [4;35;1mProduct Load (0.3ms)[0m   [0mSELECT * FROM `products` [0m
Rendering template within layouts/products
Rendering products/index
Completed in 5ms (View: 1, DB: 0) | 200 OK [http://0.0.0.0/products]
  [4;36;1mSQL (0.1ms)[0m   [0;1mSET NAMES 'utf8'[0m
  [4;35;1mSQL (0.1ms)[0m   [0mSET SQL_AUTO_IS_NULL=0[0m


Processing ApplicationController#index (for 127.0.0.1 at 2010-09-07 22:07:21) [GET]

ActionController::RoutingError (No route matches "/offline.html" with {:method=>:get}):
  

Rendering rescues/layout (not_found)
  [4;36;1mSQL (0.1ms)[0m   [0;1mSET NAMES 'utf8'[0m
  [4;35;1mSQL (0.1ms)[0m   [0mSET SQL_AUTO_IS_NULL=0[0m


Processing ProductsController#index (for 127.0.0.1 at 2010-09-07 22:08:12) [GET]
  [4;36;1mProduct Load (0.3ms)[0m   [0;1mSELECT * FROM `products` [0m
Rendering template within layouts/products
Rendering products/index
Completed in 20ms (View: 17, DB: 0) | 200 OK [http://0.0.0.0/products]
  [4;35;1mSQL (0.1ms)[0m   [0mSET NAMES 'utf8'[0m
  [4;36;1mSQL (0.1ms)[0m   [0;1mSET SQL_AUTO_IS_NULL=0[0m


Processing ManifestsController#index (for 127.0.0.1 at 2010-09-07 22:08:12) [GET]
  [4;35;1mManifest Load (0.3ms)[0m   [0mSELECT * FROM `manifests` [0m
Rendering template within layouts/manifests
Rendering manifests/index
Completed in 16ms (View: 12, DB: 0) | 200 OK [http://0.0.0.0/manifests]
  [4;36;1mSQL (0.1ms)[0m   [0;1mSET NAMES 'utf8'[0m
  [4;35;1mSQL (0.1ms)[0m   [0mSET SQL_AUTO_IS_NULL=0[0m


Processing ProductsController#index (for 127.0.0.1 at 2010-09-07 22:08:12) [GET]
  [4;36;1mProduct Load (0.3ms)[0m   [0;1mSELECT * FROM `products` [0m
Rendering template within layouts/products
Rendering products/index
Completed in 4ms (View: 1, DB: 0) | 200 OK [http://0.0.0.0/products]
  [4;35;1mSQL (0.1ms)[0m   [0mSET NAMES 'utf8'[0m
  [4;36;1mSQL (0.1ms)[0m   [0;1mSET SQL_AUTO_IS_NULL=0[0m


Processing ApplicationController#index (for 127.0.0.1 at 2010-09-07 22:08:12) [GET]

ActionController::RoutingError (No route matches "/offline.html" with {:method=>:get}):
  

Rendering rescues/layout (not_found)
  [4;35;1mSQL (0.1ms)[0m   [0mSET NAMES 'utf8'[0m
  [4;36;1mSQL (0.1ms)[0m   [0;1mSET SQL_AUTO_IS_NULL=0[0m


Processing ProductsController#index (for 127.0.0.1 at 2010-09-07 22:08:16) [GET]
  [4;35;1mProduct Load (0.3ms)[0m   [0mSELECT * FROM `products` [0m
Rendering template within layouts/products
Rendering products/index
Completed in 5ms (View: 1, DB: 0) | 200 OK [http://0.0.0.0/products]
  [4;36;1mSQL (0.1ms)[0m   [0;1mSET NAMES 'utf8'[0m
  [4;35;1mSQL (0.1ms)[0m   [0mSET SQL_AUTO_IS_NULL=0[0m


Processing ManifestsController#index (for 127.0.0.1 at 2010-09-07 22:08:16) [GET]
  [4;36;1mManifest Load (0.3ms)[0m   [0;1mSELECT * FROM `manifests` [0m
Rendering template within layouts/manifests
Rendering manifests/index
Completed in 5ms (View: 1, DB: 0) | 200 OK [http://0.0.0.0/manifests]
  [4;35;1mSQL (0.1ms)[0m   [0mSET NAMES 'utf8'[0m
  [4;36;1mSQL (0.1ms)[0m   [0;1mSET SQL_AUTO_IS_NULL=0[0m


Processing ProductsController#index (for 127.0.0.1 at 2010-09-07 22:08:16) [GET]
  [4;35;1mProduct Load (0.3ms)[0m   [0mSELECT * FROM `products` [0m
Rendering template within layouts/products
Rendering products/index
Completed in 6ms (View: 1, DB: 1) | 200 OK [http://0.0.0.0/products]
  [4;36;1mSQL (0.1ms)[0m   [0;1mSET NAMES 'utf8'[0m
  [4;35;1mSQL (0.1ms)[0m   [0mSET SQL_AUTO_IS_NULL=0[0m


Processing ApplicationController#index (for 127.0.0.1 at 2010-09-07 22:08:16) [GET]

ActionController::RoutingError (No route matches "/offline.html" with {:method=>:get}):
  

Rendering rescues/layout (not_found)
  [4;36;1mSQL (0.1ms)[0m   [0;1mSET NAMES 'utf8'[0m
  [4;35;1mSQL (0.1ms)[0m   [0mSET SQL_AUTO_IS_NULL=0[0m


Processing ProductsController#index (for 127.0.0.1 at 2010-09-07 22:08:18) [GET]
  [4;36;1mProduct Load (0.3ms)[0m   [0;1mSELECT * FROM `products` [0m
Rendering template within layouts/products
Rendering products/index
Completed in 5ms (View: 1, DB: 0) | 200 OK [http://0.0.0.0/products]
  [4;35;1mSQL (0.1ms)[0m   [0mSET NAMES 'utf8'[0m
  [4;36;1mSQL (0.1ms)[0m   [0;1mSET SQL_AUTO_IS_NULL=0[0m


Processing ManifestsController#index (for 127.0.0.1 at 2010-09-07 22:08:18) [GET]
  [4;35;1mManifest Load (0.3ms)[0m   [0mSELECT * FROM `manifests` [0m
Rendering template within layouts/manifests
Rendering manifests/index
Completed in 5ms (View: 1, DB: 0) | 200 OK [http://0.0.0.0/manifests]
  [4;36;1mSQL (0.1ms)[0m   [0;1mSET NAMES 'utf8'[0m
  [4;35;1mSQL (0.1ms)[0m   [0mSET SQL_AUTO_IS_NULL=0[0m


Processing ProductsController#index (for 127.0.0.1 at 2010-09-07 22:08:18) [GET]
  [4;36;1mProduct Load (0.3ms)[0m   [0;1mSELECT * FROM `products` [0m
Rendering template within layouts/products
Rendering products/index
Completed in 5ms (View: 1, DB: 0) | 200 OK [http://0.0.0.0/products]
  [4;35;1mSQL (0.1ms)[0m   [0mSET NAMES 'utf8'[0m
  [4;36;1mSQL (0.1ms)[0m   [0;1mSET SQL_AUTO_IS_NULL=0[0m


Processing ApplicationController#index (for 127.0.0.1 at 2010-09-07 22:08:18) [GET]

ActionController::RoutingError (No route matches "/offline.html" with {:method=>:get}):
  

Rendering rescues/layout (not_found)
  [4;36;1mSQL (0.1ms)[0m   [0;1mSET NAMES 'utf8'[0m
  [4;35;1mSQL (0.1ms)[0m   [0mSET SQL_AUTO_IS_NULL=0[0m


Processing ProductsController#new (for 127.0.0.1 at 2010-09-07 22:08:46) [GET]
  [4;36;1mProduct Columns (1.4ms)[0m   [0;1mSHOW FIELDS FROM `products`[0m
Rendering template within layouts/products
Rendering products/new
Completed in 31ms (View: 26, DB: 2) | 200 OK [http://0.0.0.0/products/new]
  [4;35;1mSQL (0.1ms)[0m   [0mSET NAMES 'utf8'[0m
  [4;36;1mSQL (0.1ms)[0m   [0;1mSET SQL_AUTO_IS_NULL=0[0m


Processing ManifestsController#index (for 127.0.0.1 at 2010-09-07 22:08:46) [GET]
  [4;35;1mManifest Load (0.2ms)[0m   [0mSELECT * FROM `manifests` [0m
Rendering template within layouts/manifests
Rendering manifests/index
Completed in 12ms (View: 8, DB: 0) | 200 OK [http://0.0.0.0/manifests]
  [4;36;1mSQL (0.1ms)[0m   [0;1mSET NAMES 'utf8'[0m
  [4;35;1mSQL (0.1ms)[0m   [0mSET SQL_AUTO_IS_NULL=0[0m


Processing ProductsController#index (for 127.0.0.1 at 2010-09-07 22:08:46) [GET]
  [4;36;1mProduct Load (0.2ms)[0m   [0;1mSELECT * FROM `products` [0m
Rendering template within layouts/products
Rendering products/index
Completed in 8ms (View: 5, DB: 0) | 200 OK [http://0.0.0.0/products]
  [4;35;1mSQL (0.1ms)[0m   [0mSET NAMES 'utf8'[0m
  [4;36;1mSQL (0.1ms)[0m   [0;1mSET SQL_AUTO_IS_NULL=0[0m


Processing ApplicationController#index (for 127.0.0.1 at 2010-09-07 22:08:46) [GET]

ActionController::RoutingError (No route matches "/offline.html" with {:method=>:get}):
  

Rendering rescues/layout (not_found)
  [4;35;1mSQL (0.1ms)[0m   [0mSET NAMES 'utf8'[0m
  [4;36;1mSQL (0.1ms)[0m   [0;1mSET SQL_AUTO_IS_NULL=0[0m


Processing ProductsController#create (for 127.0.0.1 at 2010-09-07 22:09:10) [POST]
  Parameters: {"commit"=>"Create", "authenticity_token"=>"GwXAEVLG+1TOFjf2wtTA8zqWEMDPgC2kb9HzxES2fVw=", "product"=>{"title"=>"Followin", "description"=>"Christopher Nolan Movie"}}
  [4;35;1mProduct Columns (1.3ms)[0m   [0mSHOW FIELDS FROM `products`[0m
  [4;36;1mSQL (0.1ms)[0m   [0;1mBEGIN[0m
  [4;35;1mProduct Create (0.2ms)[0m   [0mINSERT INTO `products` (`created_at`, `title`, `updated_at`, `description`) VALUES('2010-09-08 02:09:10', 'Followin', '2010-09-08 02:09:10', 'Christopher Nolan Movie')[0m
  [4;36;1mSQL (0.5ms)[0m   [0;1mCOMMIT[0m
Redirected to http://0.0.0.0:3000/products/1
Completed in 8ms (DB: 2) | 302 Found [http://0.0.0.0/products]
  [4;35;1mSQL (0.1ms)[0m   [0mSET NAMES 'utf8'[0m
  [4;36;1mSQL (0.1ms)[0m   [0;1mSET SQL_AUTO_IS_NULL=0[0m


Processing ProductsController#show (for 127.0.0.1 at 2010-09-07 22:09:10) [GET]
  Parameters: {"id"=>"1"}
  [4;35;1mProduct Columns (1.1ms)[0m   [0mSHOW FIELDS FROM `products`[0m
  [4;36;1mProduct Load (0.6ms)[0m   [0;1mSELECT * FROM `products` WHERE (`products`.`id` = 1) [0m
Rendering template within layouts/products
Rendering products/show
Completed in 11ms (View: 5, DB: 2) | 200 OK [http://0.0.0.0/products/1]
  [4;35;1mSQL (0.1ms)[0m   [0mSET NAMES 'utf8'[0m
  [4;36;1mSQL (0.1ms)[0m   [0;1mSET SQL_AUTO_IS_NULL=0[0m


Processing ManifestsController#index (for 127.0.0.1 at 2010-09-07 22:09:10) [GET]
  [4;35;1mManifest Load (0.4ms)[0m   [0mSELECT * FROM `manifests` [0m
Rendering template within layouts/manifests
Rendering manifests/index
Completed in 5ms (View: 1, DB: 1) | 200 OK [http://0.0.0.0/manifests]
  [4;36;1mSQL (0.1ms)[0m   [0;1mSET NAMES 'utf8'[0m
  [4;35;1mSQL (0.1ms)[0m   [0mSET SQL_AUTO_IS_NULL=0[0m


Processing ProductsController#index (for 127.0.0.1 at 2010-09-07 22:09:10) [GET]
  [4;36;1mProduct Load (0.3ms)[0m   [0;1mSELECT * FROM `products` [0m
Rendering template within layouts/products
Rendering products/index
  [4;35;1mProduct Columns (1.0ms)[0m   [0mSHOW FIELDS FROM `products`[0m
Completed in 9ms (View: 5, DB: 1) | 200 OK [http://0.0.0.0/products]
  [4;36;1mSQL (0.1ms)[0m   [0;1mSET NAMES 'utf8'[0m
  [4;35;1mSQL (0.1ms)[0m   [0mSET SQL_AUTO_IS_NULL=0[0m


Processing ApplicationController#index (for 127.0.0.1 at 2010-09-07 22:09:10) [GET]

ActionController::RoutingError (No route matches "/offline.html" with {:method=>:get}):
  

Rendering rescues/layout (not_found)
  [4;36;1mSQL (0.1ms)[0m   [0;1mSET NAMES 'utf8'[0m
  [4;35;1mSQL (0.1ms)[0m   [0mSET SQL_AUTO_IS_NULL=0[0m


Processing ProductsController#index (for 127.0.0.1 at 2010-09-07 22:09:29) [GET]
  [4;36;1mProduct Load (0.2ms)[0m   [0;1mSELECT * FROM `products` [0m
Rendering template within layouts/products
Rendering products/index
  [4;35;1mProduct Columns (1.0ms)[0m   [0mSHOW FIELDS FROM `products`[0m
Completed in 9ms (View: 5, DB: 1) | 200 OK [http://0.0.0.0/products]
  [4;36;1mSQL (0.1ms)[0m   [0;1mSET NAMES 'utf8'[0m
  [4;35;1mSQL (0.1ms)[0m   [0mSET SQL_AUTO_IS_NULL=0[0m


Processing ManifestsController#index (for 127.0.0.1 at 2010-09-07 22:09:29) [GET]
  [4;36;1mManifest Load (0.3ms)[0m   [0;1mSELECT * FROM `manifests` [0m
Rendering template within layouts/manifests
Rendering manifests/index
Completed in 5ms (View: 1, DB: 0) | 200 OK [http://0.0.0.0/manifests]
  [4;35;1mSQL (0.1ms)[0m   [0mSET NAMES 'utf8'[0m
  [4;36;1mSQL (0.1ms)[0m   [0;1mSET SQL_AUTO_IS_NULL=0[0m


Processing ProductsController#index (for 127.0.0.1 at 2010-09-07 22:09:29) [GET]
  [4;35;1mProduct Load (0.3ms)[0m   [0mSELECT * FROM `products` [0m
Rendering template within layouts/products
Rendering products/index
  [4;36;1mProduct Columns (1.0ms)[0m   [0;1mSHOW FIELDS FROM `products`[0m
Completed in 10ms (View: 5, DB: 1) | 200 OK [http://0.0.0.0/products]
  [4;35;1mSQL (0.1ms)[0m   [0mSET NAMES 'utf8'[0m
  [4;36;1mSQL (0.1ms)[0m   [0;1mSET SQL_AUTO_IS_NULL=0[0m


Processing ApplicationController#index (for 127.0.0.1 at 2010-09-07 22:09:29) [GET]

ActionController::RoutingError (No route matches "/offline.html" with {:method=>:get}):
  

Rendering rescues/layout (not_found)
  [4;36;1mSQL (0.1ms)[0m   [0;1mSET NAMES 'utf8'[0m
  [4;35;1mSQL (0.1ms)[0m   [0mSET SQL_AUTO_IS_NULL=0[0m


Processing ProductsController#show (for 127.0.0.1 at 2010-09-07 22:10:05) [GET]
  Parameters: {"id"=>"1"}
  [4;36;1mProduct Columns (25.0ms)[0m   [0;1mSHOW FIELDS FROM `products`[0m
  [4;35;1mProduct Load (40.7ms)[0m   [0mSELECT * FROM `products` WHERE (`products`.`id` = 1) [0m
Rendering template within layouts/products
Rendering products/show
Completed in 92ms (View: 22, DB: 66) | 200 OK [http://0.0.0.0/products/1]
  [4;36;1mSQL (0.1ms)[0m   [0;1mSET NAMES 'utf8'[0m
  [4;35;1mSQL (0.1ms)[0m   [0mSET SQL_AUTO_IS_NULL=0[0m


Processing ManifestsController#index (for 127.0.0.1 at 2010-09-07 22:10:05) [GET]
  [4;36;1mManifest Load (0.3ms)[0m   [0;1mSELECT * FROM `manifests` [0m
Rendering template within layouts/manifests
Rendering manifests/index
Completed in 13ms (View: 9, DB: 0) | 200 OK [http://0.0.0.0/manifests]
  [4;35;1mSQL (0.4ms)[0m   [0mSET NAMES 'utf8'[0m
  [4;36;1mSQL (0.1ms)[0m   [0;1mSET SQL_AUTO_IS_NULL=0[0m


Processing ProductsController#index (for 127.0.0.1 at 2010-09-07 22:10:05) [GET]
  [4;35;1mProduct Load (0.3ms)[0m   [0mSELECT * FROM `products` [0m
Rendering template within layouts/products
Rendering products/index
  [4;36;1mProduct Columns (29.6ms)[0m   [0;1mSHOW FIELDS FROM `products`[0m
Completed in 43ms (View: 10, DB: 30) | 200 OK [http://0.0.0.0/products]
  [4;35;1mSQL (0.1ms)[0m   [0mSET NAMES 'utf8'[0m
  [4;36;1mSQL (0.1ms)[0m   [0;1mSET SQL_AUTO_IS_NULL=0[0m


Processing ApplicationController#index (for 127.0.0.1 at 2010-09-07 22:10:05) [GET]

ActionController::RoutingError (No route matches "/offline.html" with {:method=>:get}):
  

Rendering rescues/layout (not_found)
  [4;35;1mSQL (0.1ms)[0m   [0mSET NAMES 'utf8'[0m
  [4;36;1mSQL (0.1ms)[0m   [0;1mSET SQL_AUTO_IS_NULL=0[0m


Processing ProductsController#index (for 127.0.0.1 at 2010-09-07 22:10:09) [GET]
  [4;35;1mProduct Load (0.3ms)[0m   [0mSELECT * FROM `products` [0m
Rendering template within layouts/products
Rendering products/index
  [4;36;1mProduct Columns (1.0ms)[0m   [0;1mSHOW FIELDS FROM `products`[0m
Completed in 55ms (View: 5, DB: 2) | 200 OK [http://0.0.0.0/products]
  [4;35;1mSQL (0.1ms)[0m   [0mSET NAMES 'utf8'[0m
  [4;36;1mSQL (0.1ms)[0m   [0;1mSET SQL_AUTO_IS_NULL=0[0m


Processing ManifestsController#index (for 127.0.0.1 at 2010-09-07 22:10:09) [GET]
  [4;35;1mManifest Load (0.3ms)[0m   [0mSELECT * FROM `manifests` [0m
Rendering template within layouts/manifests
Rendering manifests/index
Completed in 5ms (View: 1, DB: 0) | 200 OK [http://0.0.0.0/manifests]
  [4;36;1mSQL (0.1ms)[0m   [0;1mSET NAMES 'utf8'[0m
  [4;35;1mSQL (0.1ms)[0m   [0mSET SQL_AUTO_IS_NULL=0[0m


Processing ProductsController#index (for 127.0.0.1 at 2010-09-07 22:10:09) [GET]
  [4;36;1mProduct Load (0.3ms)[0m   [0;1mSELECT * FROM `products` [0m
Rendering template within layouts/products
Rendering products/index
  [4;35;1mProduct Columns (1.1ms)[0m   [0mSHOW FIELDS FROM `products`[0m
Completed in 9ms (View: 5, DB: 2) | 200 OK [http://0.0.0.0/products]
  [4;36;1mSQL (0.1ms)[0m   [0;1mSET NAMES 'utf8'[0m
  [4;35;1mSQL (0.1ms)[0m   [0mSET SQL_AUTO_IS_NULL=0[0m


Processing ApplicationController#index (for 127.0.0.1 at 2010-09-07 22:10:09) [GET]

ActionController::RoutingError (No route matches "/offline.html" with {:method=>:get}):
  

Rendering rescues/layout (not_found)
  [4;36;1mSQL (0.1ms)[0m   [0;1mSET NAMES 'utf8'[0m
  [4;35;1mSQL (0.1ms)[0m   [0mSET SQL_AUTO_IS_NULL=0[0m


Processing ProductsController#show (for 127.0.0.1 at 2010-09-07 22:10:38) [GET]
  Parameters: {"id"=>"1"}
  [4;36;1mProduct Columns (1.1ms)[0m   [0;1mSHOW FIELDS FROM `products`[0m
  [4;35;1mProduct Load (1.7ms)[0m   [0mSELECT * FROM `products` WHERE (`products`.`id` = 1) [0m
Rendering template within layouts/products
Rendering products/show
Completed in 26ms (View: 19, DB: 3) | 200 OK [http://0.0.0.0/products/1]
  [4;36;1mSQL (0.1ms)[0m   [0;1mSET NAMES 'utf8'[0m
  [4;35;1mSQL (0.1ms)[0m   [0mSET SQL_AUTO_IS_NULL=0[0m


Processing ManifestsController#index (for 127.0.0.1 at 2010-09-07 22:10:38) [GET]
  [4;36;1mManifest Load (0.3ms)[0m   [0;1mSELECT * FROM `manifests` [0m
Rendering template within layouts/manifests
Rendering manifests/index
Completed in 14ms (View: 11, DB: 0) | 200 OK [http://0.0.0.0/manifests]
  [4;35;1mSQL (0.1ms)[0m   [0mSET NAMES 'utf8'[0m
  [4;36;1mSQL (0.1ms)[0m   [0;1mSET SQL_AUTO_IS_NULL=0[0m


Processing ProductsController#index (for 127.0.0.1 at 2010-09-07 22:10:38) [GET]
  [4;35;1mProduct Load (0.3ms)[0m   [0mSELECT * FROM `products` [0m
Rendering template within layouts/products
Rendering products/index
  [4;36;1mProduct Columns (1.1ms)[0m   [0;1mSHOW FIELDS FROM `products`[0m
Completed in 12ms (View: 8, DB: 2) | 200 OK [http://0.0.0.0/products]
  [4;35;1mSQL (0.1ms)[0m   [0mSET NAMES 'utf8'[0m
  [4;36;1mSQL (0.1ms)[0m   [0;1mSET SQL_AUTO_IS_NULL=0[0m


Processing ApplicationController#index (for 127.0.0.1 at 2010-09-07 22:10:38) [GET]

ActionController::RoutingError (No route matches "/offline.html" with {:method=>:get}):
  

Rendering rescues/layout (not_found)
  [4;35;1mSQL (0.1ms)[0m   [0mSET NAMES 'utf8'[0m
  [4;36;1mSQL (0.1ms)[0m   [0;1mSET SQL_AUTO_IS_NULL=0[0m


Processing ProductsController#index (for 127.0.0.1 at 2010-09-07 22:10:40) [GET]
  [4;35;1mProduct Load (0.3ms)[0m   [0mSELECT * FROM `products` [0m
Rendering template within layouts/products
Rendering products/index
  [4;36;1mProduct Columns (1.0ms)[0m   [0;1mSHOW FIELDS FROM `products`[0m
Completed in 54ms (View: 5, DB: 2) | 200 OK [http://0.0.0.0/products]
  [4;35;1mSQL (0.1ms)[0m   [0mSET NAMES 'utf8'[0m
  [4;36;1mSQL (0.1ms)[0m   [0;1mSET SQL_AUTO_IS_NULL=0[0m


Processing ManifestsController#index (for 127.0.0.1 at 2010-09-07 22:10:41) [GET]
  [4;35;1mManifest Load (0.3ms)[0m   [0mSELECT * FROM `manifests` [0m
Rendering template within layouts/manifests
Rendering manifests/index
Completed in 4ms (View: 1, DB: 0) | 200 OK [http://0.0.0.0/manifests]
  [4;36;1mSQL (0.1ms)[0m   [0;1mSET NAMES 'utf8'[0m
  [4;35;1mSQL (0.1ms)[0m   [0mSET SQL_AUTO_IS_NULL=0[0m


Processing ProductsController#index (for 127.0.0.1 at 2010-09-07 22:10:41) [GET]
  [4;36;1mProduct Load (0.3ms)[0m   [0;1mSELECT * FROM `products` [0m
Rendering template within layouts/products
Rendering products/index
  [4;35;1mProduct Columns (0.9ms)[0m   [0mSHOW FIELDS FROM `products`[0m
Completed in 9ms (View: 5, DB: 1) | 200 OK [http://0.0.0.0/products]
  [4;36;1mSQL (0.1ms)[0m   [0;1mSET NAMES 'utf8'[0m
  [4;35;1mSQL (0.1ms)[0m   [0mSET SQL_AUTO_IS_NULL=0[0m


Processing ApplicationController#index (for 127.0.0.1 at 2010-09-07 22:10:41) [GET]

ActionController::RoutingError (No route matches "/offline.html" with {:method=>:get}):
  

Rendering rescues/layout (not_found)
  [4;36;1mSQL (0.1ms)[0m   [0;1mSET NAMES 'utf8'[0m
  [4;35;1mSQL (0.1ms)[0m   [0mSET SQL_AUTO_IS_NULL=0[0m


Processing ProductsController#index (for 127.0.0.1 at 2010-09-07 22:11:47) [GET]
  [4;36;1mProduct Load (0.3ms)[0m   [0;1mSELECT * FROM `products` [0m
Rendering template within layouts/products
Rendering products/index
  [4;35;1mProduct Columns (1.3ms)[0m   [0mSHOW FIELDS FROM `products`[0m
Completed in 31ms (View: 26, DB: 2) | 200 OK [http://0.0.0.0/products]
  [4;36;1mSQL (0.1ms)[0m   [0;1mSET NAMES 'utf8'[0m
  [4;35;1mSQL (0.1ms)[0m   [0mSET SQL_AUTO_IS_NULL=0[0m


Processing ManifestsController#index (for 127.0.0.1 at 2010-09-07 22:11:47) [GET]
  [4;36;1mManifest Load (0.6ms)[0m   [0;1mSELECT * FROM `manifests` [0m
Rendering template within layouts/manifests
Rendering manifests/index
Completed in 21ms (View: 16, DB: 1) | 200 OK [http://0.0.0.0/manifests]
  [4;35;1mSQL (0.1ms)[0m   [0mSET NAMES 'utf8'[0m
  [4;36;1mSQL (0.1ms)[0m   [0;1mSET SQL_AUTO_IS_NULL=0[0m


Processing ProductsController#index (for 127.0.0.1 at 2010-09-07 22:11:47) [GET]
  [4;35;1mProduct Load (0.3ms)[0m   [0mSELECT * FROM `products` [0m
Rendering template within layouts/products
Rendering products/index
  [4;36;1mProduct Columns (1.0ms)[0m   [0;1mSHOW FIELDS FROM `products`[0m
Completed in 9ms (View: 5, DB: 1) | 200 OK [http://0.0.0.0/products]
  [4;35;1mSQL (0.1ms)[0m   [0mSET NAMES 'utf8'[0m
  [4;36;1mSQL (0.1ms)[0m   [0;1mSET SQL_AUTO_IS_NULL=0[0m


Processing ProductsController#show (for 127.0.0.1 at 2010-09-07 22:11:47) [GET]
  Parameters: {"id"=>"1"}
  [4;35;1mProduct Columns (1.1ms)[0m   [0mSHOW FIELDS FROM `products`[0m
  [4;36;1mProduct Load (0.8ms)[0m   [0;1mSELECT * FROM `products` WHERE (`products`.`id` = 1) [0m
Rendering template within layouts/products
Rendering products/show
Completed in 11ms (View: 5, DB: 2) | 200 OK [http://0.0.0.0/products/1]
  [4;35;1mSQL (0.1ms)[0m   [0mSET NAMES 'utf8'[0m
  [4;36;1mSQL (0.1ms)[0m   [0;1mSET SQL_AUTO_IS_NULL=0[0m


Processing ApplicationController#index (for 127.0.0.1 at 2010-09-07 22:11:47) [GET]

ActionController::RoutingError (No route matches "/offline.html" with {:method=>:get}):
  

Rendering rescues/layout (not_found)
  [4;35;1mSQL (0.1ms)[0m   [0mSET NAMES 'utf8'[0m
  [4;36;1mSQL (0.1ms)[0m   [0;1mSET SQL_AUTO_IS_NULL=0[0m


Processing ProductsController#show (for 127.0.0.1 at 2010-09-07 22:11:49) [GET]
  Parameters: {"id"=>"1"}
  [4;35;1mProduct Columns (1.1ms)[0m   [0mSHOW FIELDS FROM `products`[0m
  [4;36;1mProduct Load (1.8ms)[0m   [0;1mSELECT * FROM `products` WHERE (`products`.`id` = 1) [0m
Rendering template within layouts/products
Rendering products/show
Completed in 9ms (View: 2, DB: 3) | 200 OK [http://0.0.0.0/products/1]
  [4;35;1mSQL (0.1ms)[0m   [0mSET NAMES 'utf8'[0m
  [4;36;1mSQL (0.1ms)[0m   [0;1mSET SQL_AUTO_IS_NULL=0[0m


Processing ManifestsController#index (for 127.0.0.1 at 2010-09-07 22:11:49) [GET]
  [4;35;1mManifest Load (0.4ms)[0m   [0mSELECT * FROM `manifests` [0m
Rendering template within layouts/manifests
Rendering manifests/index
Completed in 10ms (View: 1, DB: 1) | 200 OK [http://0.0.0.0/manifests]
  [4;36;1mSQL (0.1ms)[0m   [0;1mSET NAMES 'utf8'[0m
  [4;35;1mSQL (0.1ms)[0m   [0mSET SQL_AUTO_IS_NULL=0[0m


Processing ProductsController#index (for 127.0.0.1 at 2010-09-07 22:11:49) [GET]
  [4;36;1mProduct Load (0.2ms)[0m   [0;1mSELECT * FROM `products` [0m
Rendering template within layouts/products
Rendering products/index
  [4;35;1mProduct Columns (1.1ms)[0m   [0mSHOW FIELDS FROM `products`[0m
Completed in 9ms (View: 5, DB: 2) | 200 OK [http://0.0.0.0/products]
  [4;36;1mSQL (0.1ms)[0m   [0;1mSET NAMES 'utf8'[0m
  [4;35;1mSQL (0.1ms)[0m   [0mSET SQL_AUTO_IS_NULL=0[0m


Processing ProductsController#show (for 127.0.0.1 at 2010-09-07 22:11:49) [GET]
  Parameters: {"id"=>"1"}
  [4;36;1mProduct Columns (1.1ms)[0m   [0;1mSHOW FIELDS FROM `products`[0m
  [4;35;1mProduct Load (0.5ms)[0m   [0mSELECT * FROM `products` WHERE (`products`.`id` = 1) [0m
Rendering template within layouts/products
Rendering products/show
Completed in 7ms (View: 2, DB: 2) | 200 OK [http://0.0.0.0/products/1]
  [4;36;1mSQL (0.1ms)[0m   [0;1mSET NAMES 'utf8'[0m
  [4;35;1mSQL (0.1ms)[0m   [0mSET SQL_AUTO_IS_NULL=0[0m


Processing ApplicationController#index (for 127.0.0.1 at 2010-09-07 22:11:49) [GET]

ActionController::RoutingError (No route matches "/offline.html" with {:method=>:get}):
  

Rendering rescues/layout (not_found)
  [4;36;1mSQL (0.4ms)[0m   [0;1mSET NAMES 'utf8'[0m
  [4;35;1mSQL (0.1ms)[0m   [0mSET SQL_AUTO_IS_NULL=0[0m


Processing ProductsController#index (for 127.0.0.1 at 2010-09-07 22:11:52) [GET]
  [4;36;1mProduct Load (0.3ms)[0m   [0;1mSELECT * FROM `products` [0m
Rendering template within layouts/products
Rendering products/index
  [4;35;1mProduct Columns (0.9ms)[0m   [0mSHOW FIELDS FROM `products`[0m
Completed in 10ms (View: 5, DB: 2) | 200 OK [http://0.0.0.0/products]
  [4;36;1mSQL (0.1ms)[0m   [0;1mSET NAMES 'utf8'[0m
  [4;35;1mSQL (0.1ms)[0m   [0mSET SQL_AUTO_IS_NULL=0[0m


Processing ManifestsController#index (for 127.0.0.1 at 2010-09-07 22:11:52) [GET]
  [4;36;1mManifest Load (0.3ms)[0m   [0;1mSELECT * FROM `manifests` [0m
Rendering template within layouts/manifests
Rendering manifests/index
Completed in 6ms (View: 1, DB: 0) | 200 OK [http://0.0.0.0/manifests]
  [4;35;1mSQL (0.1ms)[0m   [0mSET NAMES 'utf8'[0m
  [4;36;1mSQL (0.1ms)[0m   [0;1mSET SQL_AUTO_IS_NULL=0[0m


Processing ProductsController#index (for 127.0.0.1 at 2010-09-07 22:11:52) [GET]
  [4;35;1mProduct Load (0.3ms)[0m   [0mSELECT * FROM `products` [0m
Rendering template within layouts/products
Rendering products/index
  [4;36;1mProduct Columns (1.1ms)[0m   [0;1mSHOW FIELDS FROM `products`[0m
Completed in 53ms (View: 5, DB: 2) | 200 OK [http://0.0.0.0/products]
  [4;35;1mSQL (0.1ms)[0m   [0mSET NAMES 'utf8'[0m
  [4;36;1mSQL (0.1ms)[0m   [0;1mSET SQL_AUTO_IS_NULL=0[0m


Processing ProductsController#show (for 127.0.0.1 at 2010-09-07 22:11:52) [GET]
  Parameters: {"id"=>"1"}
  [4;35;1mProduct Columns (1.3ms)[0m   [0mSHOW FIELDS FROM `products`[0m
  [4;36;1mProduct Load (0.4ms)[0m   [0;1mSELECT * FROM `products` WHERE (`products`.`id` = 1) [0m
Rendering template within layouts/products
Rendering products/show
Completed in 8ms (View: 2, DB: 2) | 200 OK [http://0.0.0.0/products/1]
  [4;35;1mSQL (0.1ms)[0m   [0mSET NAMES 'utf8'[0m
  [4;36;1mSQL (0.1ms)[0m   [0;1mSET SQL_AUTO_IS_NULL=0[0m


Processing ApplicationController#index (for 127.0.0.1 at 2010-09-07 22:11:52) [GET]

ActionController::RoutingError (No route matches "/offline.html" with {:method=>:get}):
  

Rendering rescues/layout (not_found)
  [4;36;1mSQL (0.1ms)[0m   [0;1mSET NAMES 'utf8'[0m
  [4;35;1mSQL (0.1ms)[0m   [0mSET SQL_AUTO_IS_NULL=0[0m


Processing ProductsController#index (for 127.0.0.1 at 2010-09-07 22:12:29) [GET]
  [4;36;1mProduct Load (0.3ms)[0m   [0;1mSELECT * FROM `products` [0m
Rendering template within layouts/products
Rendering products/index
  [4;35;1mProduct Columns (1.1ms)[0m   [0mSHOW FIELDS FROM `products`[0m
Completed in 26ms (View: 22, DB: 2) | 200 OK [http://0.0.0.0/products]
  [4;36;1mSQL (0.1ms)[0m   [0;1mSET NAMES 'utf8'[0m
  [4;35;1mSQL (0.2ms)[0m   [0mSET SQL_AUTO_IS_NULL=0[0m


Processing ManifestsController#index (for 127.0.0.1 at 2010-09-07 22:12:29) [GET]
  [4;36;1mManifest Load (0.4ms)[0m   [0;1mSELECT * FROM `manifests` [0m
Rendering template within layouts/manifests
Rendering manifests/index
Completed in 19ms (View: 14, DB: 1) | 200 OK [http://0.0.0.0/manifests]
  [4;35;1mSQL (0.1ms)[0m   [0mSET NAMES 'utf8'[0m
  [4;36;1mSQL (0.1ms)[0m   [0;1mSET SQL_AUTO_IS_NULL=0[0m


Processing ProductsController#index (for 127.0.0.1 at 2010-09-07 22:12:30) [GET]
  [4;35;1mProduct Load (0.3ms)[0m   [0mSELECT * FROM `products` [0m
Rendering template within layouts/products
Rendering products/index
  [4;36;1mProduct Columns (1.0ms)[0m   [0;1mSHOW FIELDS FROM `products`[0m
Completed in 9ms (View: 5, DB: 1) | 200 OK [http://0.0.0.0/products]
  [4;35;1mSQL (0.1ms)[0m   [0mSET NAMES 'utf8'[0m
  [4;36;1mSQL (0.1ms)[0m   [0;1mSET SQL_AUTO_IS_NULL=0[0m


Processing ProductsController#show (for 127.0.0.1 at 2010-09-07 22:12:30) [GET]
  Parameters: {"id"=>"1"}
  [4;35;1mProduct Columns (1.0ms)[0m   [0mSHOW FIELDS FROM `products`[0m
  [4;36;1mProduct Load (0.7ms)[0m   [0;1mSELECT * FROM `products` WHERE (`products`.`id` = 1) [0m
Rendering template within layouts/products
Rendering products/show
Completed in 11ms (View: 6, DB: 2) | 200 OK [http://0.0.0.0/products/1]
  [4;35;1mSQL (0.1ms)[0m   [0mSET NAMES 'utf8'[0m
  [4;36;1mSQL (0.1ms)[0m   [0;1mSET SQL_AUTO_IS_NULL=0[0m


Processing ApplicationController#index (for 127.0.0.1 at 2010-09-07 22:12:30) [GET]

ActionController::RoutingError (No route matches "/offline.html" with {:method=>:get}):
  

Rendering rescues/layout (not_found)
  [4;35;1mSQL (0.1ms)[0m   [0mSET NAMES 'utf8'[0m
  [4;36;1mSQL (0.1ms)[0m   [0;1mSET SQL_AUTO_IS_NULL=0[0m


Processing ProductsController#show (for 127.0.0.1 at 2010-09-07 22:12:32) [GET]
  Parameters: {"id"=>"1"}
  [4;35;1mProduct Columns (1.4ms)[0m   [0mSHOW FIELDS FROM `products`[0m
  [4;36;1mProduct Load (0.5ms)[0m   [0;1mSELECT * FROM `products` WHERE (`products`.`id` = 1) [0m
Rendering template within layouts/products
Rendering products/show
Completed in 8ms (View: 2, DB: 2) | 200 OK [http://0.0.0.0/products/1]
  [4;35;1mSQL (0.1ms)[0m   [0mSET NAMES 'utf8'[0m
  [4;36;1mSQL (0.1ms)[0m   [0;1mSET SQL_AUTO_IS_NULL=0[0m


Processing ManifestsController#index (for 127.0.0.1 at 2010-09-07 22:12:32) [GET]
  [4;35;1mManifest Load (0.3ms)[0m   [0mSELECT * FROM `manifests` [0m
Rendering template within layouts/manifests
Rendering manifests/index
Completed in 6ms (View: 1, DB: 0) | 200 OK [http://0.0.0.0/manifests]
  [4;36;1mSQL (0.1ms)[0m   [0;1mSET NAMES 'utf8'[0m
  [4;35;1mSQL (0.1ms)[0m   [0mSET SQL_AUTO_IS_NULL=0[0m


Processing ProductsController#index (for 127.0.0.1 at 2010-09-07 22:12:32) [GET]
  [4;36;1mProduct Load (0.3ms)[0m   [0;1mSELECT * FROM `products` [0m
Rendering template within layouts/products
Rendering products/index
  [4;35;1mProduct Columns (0.9ms)[0m   [0mSHOW FIELDS FROM `products`[0m
Completed in 9ms (View: 4, DB: 1) | 200 OK [http://0.0.0.0/products]
  [4;36;1mSQL (0.1ms)[0m   [0;1mSET NAMES 'utf8'[0m
  [4;35;1mSQL (0.1ms)[0m   [0mSET SQL_AUTO_IS_NULL=0[0m


Processing ProductsController#show (for 127.0.0.1 at 2010-09-07 22:12:32) [GET]
  Parameters: {"id"=>"1"}
  [4;36;1mProduct Columns (1.1ms)[0m   [0;1mSHOW FIELDS FROM `products`[0m
  [4;35;1mProduct Load (0.6ms)[0m   [0mSELECT * FROM `products` WHERE (`products`.`id` = 1) [0m
Rendering template within layouts/products
Rendering products/show
Completed in 7ms (View: 2, DB: 2) | 200 OK [http://0.0.0.0/products/1]
  [4;36;1mSQL (0.1ms)[0m   [0;1mSET NAMES 'utf8'[0m
  [4;35;1mSQL (0.1ms)[0m   [0mSET SQL_AUTO_IS_NULL=0[0m


Processing ApplicationController#index (for 127.0.0.1 at 2010-09-07 22:12:32) [GET]

ActionController::RoutingError (No route matches "/offline.html" with {:method=>:get}):
  

Rendering rescues/layout (not_found)
  [4;36;1mSQL (0.1ms)[0m   [0;1mSET NAMES 'utf8'[0m
  [4;35;1mSQL (0.1ms)[0m   [0mSET SQL_AUTO_IS_NULL=0[0m


Processing ProductsController#index (for 127.0.0.1 at 2010-09-07 22:12:33) [GET]
  [4;36;1mProduct Load (0.3ms)[0m   [0;1mSELECT * FROM `products` [0m
Rendering template within layouts/products
Rendering products/index
  [4;35;1mProduct Columns (1.0ms)[0m   [0mSHOW FIELDS FROM `products`[0m
Completed in 9ms (View: 5, DB: 1) | 200 OK [http://0.0.0.0/products]
  [4;36;1mSQL (0.1ms)[0m   [0;1mSET NAMES 'utf8'[0m
  [4;35;1mSQL (0.1ms)[0m   [0mSET SQL_AUTO_IS_NULL=0[0m


Processing ManifestsController#index (for 127.0.0.1 at 2010-09-07 22:12:33) [GET]
  [4;36;1mManifest Load (0.3ms)[0m   [0;1mSELECT * FROM `manifests` [0m
Rendering template within layouts/manifests
Rendering manifests/index
Completed in 6ms (View: 1, DB: 0) | 200 OK [http://0.0.0.0/manifests]
  [4;35;1mSQL (0.1ms)[0m   [0mSET NAMES 'utf8'[0m
  [4;36;1mSQL (0.1ms)[0m   [0;1mSET SQL_AUTO_IS_NULL=0[0m


Processing ProductsController#index (for 127.0.0.1 at 2010-09-07 22:12:33) [GET]
  [4;35;1mProduct Load (0.3ms)[0m   [0mSELECT * FROM `products` [0m
Rendering template within layouts/products
Rendering products/index
  [4;36;1mProduct Columns (1.0ms)[0m   [0;1mSHOW FIELDS FROM `products`[0m
Completed in 54ms (View: 49, DB: 2) | 200 OK [http://0.0.0.0/products]
  [4;35;1mSQL (0.1ms)[0m   [0mSET NAMES 'utf8'[0m
  [4;36;1mSQL (0.1ms)[0m   [0;1mSET SQL_AUTO_IS_NULL=0[0m


Processing ProductsController#show (for 127.0.0.1 at 2010-09-07 22:12:34) [GET]
  Parameters: {"id"=>"1"}
  [4;35;1mProduct Columns (1.1ms)[0m   [0mSHOW FIELDS FROM `products`[0m
  [4;36;1mProduct Load (0.7ms)[0m   [0;1mSELECT * FROM `products` WHERE (`products`.`id` = 1) [0m
Rendering template within layouts/products
Rendering products/show
Completed in 8ms (View: 2, DB: 2) | 200 OK [http://0.0.0.0/products/1]
  [4;35;1mSQL (0.1ms)[0m   [0mSET NAMES 'utf8'[0m
  [4;36;1mSQL (0.1ms)[0m   [0;1mSET SQL_AUTO_IS_NULL=0[0m


Processing ApplicationController#index (for 127.0.0.1 at 2010-09-07 22:12:34) [GET]

ActionController::RoutingError (No route matches "/offline.html" with {:method=>:get}):
  

Rendering rescues/layout (not_found)
  [4;36;1mSQL (0.1ms)[0m   [0;1mSET NAMES 'utf8'[0m
  [4;35;1mSQL (0.1ms)[0m   [0mSET SQL_AUTO_IS_NULL=0[0m


Processing ProductsController#index (for 127.0.0.1 at 2010-09-07 22:13:51) [GET]
  [4;36;1mProduct Load (0.3ms)[0m   [0;1mSELECT * FROM `products` [0m
Rendering template within layouts/products
Rendering products/index
  [4;35;1mProduct Columns (1.3ms)[0m   [0mSHOW FIELDS FROM `products`[0m
Completed in 27ms (View: 22, DB: 2) | 200 OK [http://0.0.0.0/products]
  [4;36;1mSQL (0.1ms)[0m   [0;1mSET NAMES 'utf8'[0m
  [4;35;1mSQL (0.1ms)[0m   [0mSET SQL_AUTO_IS_NULL=0[0m


Processing ManifestsController#index (for 127.0.0.1 at 2010-09-07 22:13:51) [GET]
  [4;36;1mManifest Load (0.3ms)[0m   [0;1mSELECT * FROM `manifests` [0m
Rendering template within layouts/manifests
Rendering manifests/index
Completed in 20ms (View: 16, DB: 1) | 200 OK [http://0.0.0.0/manifests]
  [4;35;1mSQL (0.1ms)[0m   [0mSET NAMES 'utf8'[0m
  [4;36;1mSQL (0.1ms)[0m   [0;1mSET SQL_AUTO_IS_NULL=0[0m


Processing ProductsController#index (for 127.0.0.1 at 2010-09-07 22:13:51) [GET]
  [4;35;1mProduct Load (0.3ms)[0m   [0mSELECT * FROM `products` [0m
Rendering template within layouts/products
Rendering products/index
  [4;36;1mProduct Columns (1.0ms)[0m   [0;1mSHOW FIELDS FROM `products`[0m
Completed in 9ms (View: 5, DB: 1) | 200 OK [http://0.0.0.0/products]
  [4;35;1mSQL (0.1ms)[0m   [0mSET NAMES 'utf8'[0m
  [4;36;1mSQL (0.3ms)[0m   [0;1mSET SQL_AUTO_IS_NULL=0[0m


Processing ProductsController#show (for 127.0.0.1 at 2010-09-07 22:13:51) [GET]
  Parameters: {"id"=>"1"}
  [4;35;1mProduct Columns (1.0ms)[0m   [0mSHOW FIELDS FROM `products`[0m
  [4;36;1mProduct Load (0.9ms)[0m   [0;1mSELECT * FROM `products` WHERE (`products`.`id` = 1) [0m
Rendering template within layouts/products
Rendering products/show
Completed in 12ms (View: 6, DB: 2) | 200 OK [http://0.0.0.0/products/1]
  [4;35;1mSQL (0.1ms)[0m   [0mSET NAMES 'utf8'[0m
  [4;36;1mSQL (0.1ms)[0m   [0;1mSET SQL_AUTO_IS_NULL=0[0m


Processing ApplicationController#index (for 127.0.0.1 at 2010-09-07 22:13:51) [GET]

ActionController::RoutingError (No route matches "/offline.html" with {:method=>:get}):
  

Rendering rescues/layout (not_found)
  [4;35;1mSQL (0.1ms)[0m   [0mSET NAMES 'utf8'[0m
  [4;36;1mSQL (0.1ms)[0m   [0;1mSET SQL_AUTO_IS_NULL=0[0m


Processing ProductsController#show (for 127.0.0.1 at 2010-09-07 22:13:53) [GET]
  Parameters: {"id"=>"1"}
  [4;35;1mProduct Columns (1.1ms)[0m   [0mSHOW FIELDS FROM `products`[0m
  [4;36;1mProduct Load (0.4ms)[0m   [0;1mSELECT * FROM `products` WHERE (`products`.`id` = 1) [0m
Rendering template within layouts/products
Rendering products/show
Completed in 8ms (View: 2, DB: 2) | 200 OK [http://0.0.0.0/products/1]
  [4;35;1mSQL (0.1ms)[0m   [0mSET NAMES 'utf8'[0m
  [4;36;1mSQL (0.1ms)[0m   [0;1mSET SQL_AUTO_IS_NULL=0[0m


Processing ManifestsController#index (for 127.0.0.1 at 2010-09-07 22:13:53) [GET]
  [4;35;1mManifest Load (0.3ms)[0m   [0mSELECT * FROM `manifests` [0m
Rendering template within layouts/manifests
Rendering manifests/index
Completed in 6ms (View: 1, DB: 0) | 200 OK [http://0.0.0.0/manifests]
  [4;36;1mSQL (0.1ms)[0m   [0;1mSET NAMES 'utf8'[0m
  [4;35;1mSQL (0.1ms)[0m   [0mSET SQL_AUTO_IS_NULL=0[0m


Processing ProductsController#index (for 127.0.0.1 at 2010-09-07 22:13:53) [GET]
  [4;36;1mProduct Load (0.3ms)[0m   [0;1mSELECT * FROM `products` [0m
Rendering template within layouts/products
Rendering products/index
  [4;35;1mProduct Columns (1.0ms)[0m   [0mSHOW FIELDS FROM `products`[0m
Completed in 9ms (View: 5, DB: 2) | 200 OK [http://0.0.0.0/products]
  [4;36;1mSQL (0.1ms)[0m   [0;1mSET NAMES 'utf8'[0m
  [4;35;1mSQL (0.1ms)[0m   [0mSET SQL_AUTO_IS_NULL=0[0m


Processing ProductsController#show (for 127.0.0.1 at 2010-09-07 22:13:53) [GET]
  Parameters: {"id"=>"1"}
  [4;36;1mProduct Columns (1.0ms)[0m   [0;1mSHOW FIELDS FROM `products`[0m
  [4;35;1mProduct Load (0.5ms)[0m   [0mSELECT * FROM `products` WHERE (`products`.`id` = 1) [0m
Rendering template within layouts/products
Rendering products/show
Completed in 7ms (View: 2, DB: 2) | 200 OK [http://0.0.0.0/products/1]
  [4;36;1mSQL (0.1ms)[0m   [0;1mSET NAMES 'utf8'[0m
  [4;35;1mSQL (0.1ms)[0m   [0mSET SQL_AUTO_IS_NULL=0[0m


Processing ApplicationController#index (for 127.0.0.1 at 2010-09-07 22:13:53) [GET]

ActionController::RoutingError (No route matches "/offline.html" with {:method=>:get}):
  

Rendering rescues/layout (not_found)
  [4;36;1mSQL (0.2ms)[0m   [0;1mSET NAMES 'utf8'[0m
  [4;35;1mSQL (0.1ms)[0m   [0mSET SQL_AUTO_IS_NULL=0[0m


Processing ProductsController#index (for 127.0.0.1 at 2010-09-07 22:13:55) [GET]
  [4;36;1mProduct Load (0.3ms)[0m   [0;1mSELECT * FROM `products` [0m
Rendering template within layouts/products
Rendering products/index
  [4;35;1mProduct Columns (0.9ms)[0m   [0mSHOW FIELDS FROM `products`[0m
Completed in 9ms (View: 5, DB: 2) | 200 OK [http://0.0.0.0/products]
  [4;36;1mSQL (0.1ms)[0m   [0;1mSET NAMES 'utf8'[0m
  [4;35;1mSQL (0.1ms)[0m   [0mSET SQL_AUTO_IS_NULL=0[0m


Processing ManifestsController#index (for 127.0.0.1 at 2010-09-07 22:13:55) [GET]
  [4;36;1mManifest Load (0.3ms)[0m   [0;1mSELECT * FROM `manifests` [0m
Rendering template within layouts/manifests
Rendering manifests/index
Completed in 6ms (View: 1, DB: 0) | 200 OK [http://0.0.0.0/manifests]
  [4;35;1mSQL (0.1ms)[0m   [0mSET NAMES 'utf8'[0m
  [4;36;1mSQL (0.1ms)[0m   [0;1mSET SQL_AUTO_IS_NULL=0[0m


Processing ProductsController#index (for 127.0.0.1 at 2010-09-07 22:13:55) [GET]
  [4;35;1mProduct Load (0.3ms)[0m   [0mSELECT * FROM `products` [0m
Rendering template within layouts/products
Rendering products/index
  [4;36;1mProduct Columns (1.0ms)[0m   [0;1mSHOW FIELDS FROM `products`[0m
Completed in 53ms (View: 49, DB: 1) | 200 OK [http://0.0.0.0/products]
  [4;35;1mSQL (0.1ms)[0m   [0mSET NAMES 'utf8'[0m
  [4;36;1mSQL (0.1ms)[0m   [0;1mSET SQL_AUTO_IS_NULL=0[0m


Processing ProductsController#show (for 127.0.0.1 at 2010-09-07 22:13:55) [GET]
  Parameters: {"id"=>"1"}
  [4;35;1mProduct Columns (1.7ms)[0m   [0mSHOW FIELDS FROM `products`[0m
  [4;36;1mProduct Load (0.4ms)[0m   [0;1mSELECT * FROM `products` WHERE (`products`.`id` = 1) [0m
Rendering template within layouts/products
Rendering products/show
Completed in 8ms (View: 2, DB: 2) | 200 OK [http://0.0.0.0/products/1]
  [4;35;1mSQL (0.1ms)[0m   [0mSET NAMES 'utf8'[0m
  [4;36;1mSQL (0.1ms)[0m   [0;1mSET SQL_AUTO_IS_NULL=0[0m


Processing ApplicationController#index (for 127.0.0.1 at 2010-09-07 22:13:55) [GET]

ActionController::RoutingError (No route matches "/offline.html" with {:method=>:get}):
  

Rendering rescues/layout (not_found)
  [4;36;1mSQL (0.1ms)[0m   [0;1mSET NAMES 'utf8'[0m
  [4;35;1mSQL (0.1ms)[0m   [0mSET SQL_AUTO_IS_NULL=0[0m


Processing ProductsController#index (for 127.0.0.1 at 2010-09-07 22:14:49) [GET]
  [4;36;1mProduct Load (0.3ms)[0m   [0;1mSELECT * FROM `products` [0m
Rendering template within layouts/products
Rendering products/index
  [4;35;1mProduct Columns (1.1ms)[0m   [0mSHOW FIELDS FROM `products`[0m
Completed in 26ms (View: 22, DB: 2) | 200 OK [http://0.0.0.0/products]
  [4;36;1mSQL (0.1ms)[0m   [0;1mSET NAMES 'utf8'[0m
  [4;35;1mSQL (0.1ms)[0m   [0mSET SQL_AUTO_IS_NULL=0[0m


Processing ManifestsController#index (for 127.0.0.1 at 2010-09-07 22:14:49) [GET]
  [4;36;1mManifest Load (0.4ms)[0m   [0;1mSELECT * FROM `manifests` [0m
Rendering template within layouts/manifests
Rendering manifests/index
Completed in 19ms (View: 14, DB: 1) | 200 OK [http://0.0.0.0/manifests]
  [4;35;1mSQL (0.1ms)[0m   [0mSET NAMES 'utf8'[0m
  [4;36;1mSQL (0.1ms)[0m   [0;1mSET SQL_AUTO_IS_NULL=0[0m


Processing ProductsController#index (for 127.0.0.1 at 2010-09-07 22:14:49) [GET]
  [4;35;1mProduct Load (0.5ms)[0m   [0mSELECT * FROM `products` [0m
Rendering template within layouts/products
Rendering products/index
  [4;36;1mProduct Columns (1.0ms)[0m   [0;1mSHOW FIELDS FROM `products`[0m
Completed in 10ms (View: 5, DB: 2) | 200 OK [http://0.0.0.0/products]
  [4;35;1mSQL (0.1ms)[0m   [0mSET NAMES 'utf8'[0m
  [4;36;1mSQL (0.1ms)[0m   [0;1mSET SQL_AUTO_IS_NULL=0[0m


Processing ProductsController#show (for 127.0.0.1 at 2010-09-07 22:14:49) [GET]
  Parameters: {"id"=>"1"}
  [4;35;1mProduct Columns (1.1ms)[0m   [0mSHOW FIELDS FROM `products`[0m
  [4;36;1mProduct Load (0.5ms)[0m   [0;1mSELECT * FROM `products` WHERE (`products`.`id` = 1) [0m
Rendering template within layouts/products
Rendering products/show
Completed in 11ms (View: 6, DB: 2) | 200 OK [http://0.0.0.0/products/1]
  [4;35;1mSQL (0.1ms)[0m   [0mSET NAMES 'utf8'[0m
  [4;36;1mSQL (0.1ms)[0m   [0;1mSET SQL_AUTO_IS_NULL=0[0m


Processing ManifestsController#index (for 127.0.0.1 at 2010-09-07 22:14:49) [GET]
  [4;35;1mManifest Load (0.3ms)[0m   [0mSELECT * FROM `manifests` [0m
Rendering template within layouts/manifests
Rendering manifests/index
Completed in 4ms (View: 1, DB: 0) | 200 OK [http://0.0.0.0/manifests]
  [4;36;1mSQL (0.5ms)[0m   [0;1mSET NAMES 'utf8'[0m
  [4;35;1mSQL (0.1ms)[0m   [0mSET SQL_AUTO_IS_NULL=0[0m


Processing ManifestsController#index (for 127.0.0.1 at 2010-09-07 22:14:50) [GET]
  [4;36;1mManifest Load (0.3ms)[0m   [0;1mSELECT * FROM `manifests` [0m
Rendering template within layouts/manifests
Rendering manifests/index
Completed in 6ms (View: 1, DB: 1) | 200 OK [http://0.0.0.0/manifests]
  [4;35;1mSQL (0.1ms)[0m   [0mSET NAMES 'utf8'[0m
  [4;36;1mSQL (0.1ms)[0m   [0;1mSET SQL_AUTO_IS_NULL=0[0m


Processing ManifestsController#index (for 127.0.0.1 at 2010-09-07 22:14:52) [GET]
  [4;35;1mManifest Load (0.4ms)[0m   [0mSELECT * FROM `manifests` [0m
Rendering template within layouts/manifests
Rendering manifests/index
Completed in 6ms (View: 1, DB: 1) | 200 OK [http://0.0.0.0/manifests]
  [4;36;1mSQL (0.1ms)[0m   [0;1mSET NAMES 'utf8'[0m
  [4;35;1mSQL (0.1ms)[0m   [0mSET SQL_AUTO_IS_NULL=0[0m


Processing ProductsController#new (for 127.0.0.1 at 2010-09-07 22:18:16) [GET]
  [4;36;1mProduct Columns (1.1ms)[0m   [0;1mSHOW FIELDS FROM `products`[0m
Rendering template within layouts/products
Rendering products/new
Completed in 27ms (View: 22, DB: 1) | 200 OK [http://0.0.0.0/products/new]
  [4;35;1mSQL (0.1ms)[0m   [0mSET NAMES 'utf8'[0m
  [4;36;1mSQL (0.1ms)[0m   [0;1mSET SQL_AUTO_IS_NULL=0[0m


Processing ManifestsController#index (for 127.0.0.1 at 2010-09-07 22:18:16) [GET]
  [4;35;1mManifest Load (0.4ms)[0m   [0mSELECT * FROM `manifests` [0m
Rendering template within layouts/manifests
Rendering manifests/index
Completed in 17ms (View: 12, DB: 1) | 200 OK [http://0.0.0.0/manifests]
  [4;36;1mSQL (0.1ms)[0m   [0;1mSET NAMES 'utf8'[0m
  [4;35;1mSQL (0.1ms)[0m   [0mSET SQL_AUTO_IS_NULL=0[0m


Processing ProductsController#index (for 127.0.0.1 at 2010-09-07 22:18:16) [GET]
  [4;36;1mProduct Load (0.3ms)[0m   [0;1mSELECT * FROM `products` [0m
Rendering template within layouts/products
Rendering products/index
  [4;35;1mProduct Columns (1.0ms)[0m   [0mSHOW FIELDS FROM `products`[0m
Completed in 13ms (View: 8, DB: 1) | 200 OK [http://0.0.0.0/products]
  [4;36;1mSQL (0.1ms)[0m   [0;1mSET NAMES 'utf8'[0m
  [4;35;1mSQL (0.1ms)[0m   [0mSET SQL_AUTO_IS_NULL=0[0m


Processing ProductsController#show (for 127.0.0.1 at 2010-09-07 22:18:16) [GET]
  Parameters: {"id"=>"1"}
  [4;36;1mProduct Columns (1.0ms)[0m   [0;1mSHOW FIELDS FROM `products`[0m
  [4;35;1mProduct Load (0.2ms)[0m   [0mSELECT * FROM `products` WHERE (`products`.`id` = 1) [0m
Rendering template within layouts/products
Rendering products/show
Completed in 10ms (View: 5, DB: 1) | 200 OK [http://0.0.0.0/products/1]
  [4;36;1mSQL (0.2ms)[0m   [0;1mSET NAMES 'utf8'[0m
  [4;35;1mSQL (0.1ms)[0m   [0mSET SQL_AUTO_IS_NULL=0[0m


Processing ProductsController#new (for 127.0.0.1 at 2010-09-07 22:18:16) [GET]
  [4;36;1mProduct Columns (1.1ms)[0m   [0;1mSHOW FIELDS FROM `products`[0m
Rendering template within layouts/products
Rendering products/new
Completed in 8ms (View: 4, DB: 1) | 200 OK [http://0.0.0.0/products/new]
  [4;35;1mSQL (0.1ms)[0m   [0mSET NAMES 'utf8'[0m
  [4;36;1mSQL (0.1ms)[0m   [0;1mSET SQL_AUTO_IS_NULL=0[0m


Processing ManifestsController#index (for 127.0.0.1 at 2010-09-07 22:18:16) [GET]
  [4;35;1mManifest Load (0.2ms)[0m   [0mSELECT * FROM `manifests` [0m
Rendering template within layouts/manifests
Rendering manifests/index
Completed in 4ms (View: 1, DB: 0) | 200 OK [http://0.0.0.0/manifests]
  [4;36;1mSQL (0.1ms)[0m   [0;1mSET NAMES 'utf8'[0m
  [4;35;1mSQL (0.1ms)[0m   [0mSET SQL_AUTO_IS_NULL=0[0m


Processing ManifestsController#index (for 127.0.0.1 at 2010-09-07 22:18:20) [GET]
  [4;36;1mManifest Load (0.6ms)[0m   [0;1mSELECT * FROM `manifests` [0m
Rendering template within layouts/manifests
Rendering manifests/index
Completed in 6ms (View: 1, DB: 1) | 200 OK [http://0.0.0.0/manifests]
  [4;36;1mSQL (0.4ms)[0m   [0;1mSET NAMES 'utf8'[0m
  [4;35;1mSQL (0.2ms)[0m   [0mSET SQL_AUTO_IS_NULL=0[0m


Processing ManifestsController#index (for 127.0.0.1 at 2010-09-09 12:00:27) [GET]
  [4;36;1mManifest Load (26.2ms)[0m   [0;1mSELECT * FROM `manifests` [0m
Rendering template within layouts/manifests
Rendering manifests/index
Completed in 100ms (View: 68, DB: 27) | 200 OK [http://0.0.0.0/manifests]
  [4;35;1mSQL (0.1ms)[0m   [0mSET NAMES 'utf8'[0m
  [4;36;1mSQL (0.1ms)[0m   [0;1mSET SQL_AUTO_IS_NULL=0[0m


Processing ManifestsController#index (for 127.0.0.1 at 2010-09-09 12:00:49) [GET]
  [4;35;1mManifest Load (0.6ms)[0m   [0mSELECT * FROM `manifests` [0m
Rendering template within layouts/manifests
Rendering manifests/index
Completed in 5ms (View: 1, DB: 1) | 200 OK [http://0.0.0.0/manifests]
  [4;36;1mSQL (0.6ms)[0m   [0;1mSET NAMES 'utf8'[0m
  [4;35;1mSQL (0.1ms)[0m   [0mSET SQL_AUTO_IS_NULL=0[0m


Processing ManifestsController#index (for 127.0.0.1 at 2010-09-09 12:00:51) [GET]
  [4;36;1mManifest Load (0.3ms)[0m   [0;1mSELECT * FROM `manifests` [0m
Rendering template within layouts/manifests
Rendering manifests/index
Completed in 5ms (View: 1, DB: 1) | 200 OK [http://0.0.0.0/manifests]
  [4;36;1mSQL (0.1ms)[0m   [0;1mSET NAMES 'utf8'[0m
  [4;35;1mSQL (0.1ms)[0m   [0mSET SQL_AUTO_IS_NULL=0[0m


Processing ManifestsController#index (for 127.0.0.1 at 2010-09-09 12:04:59) [GET]
  [4;36;1mManifest Load (0.3ms)[0m   [0;1mSELECT * FROM `manifests` [0m
Rendering template within layouts/manifests
Rendering manifests/index
Completed in 20ms (View: 16, DB: 1) | 200 OK [http://0.0.0.0/manifests]
  [4;35;1mSQL (0.1ms)[0m   [0mSET NAMES 'utf8'[0m
  [4;36;1mSQL (0.1ms)[0m   [0;1mSET SQL_AUTO_IS_NULL=0[0m


Processing ProductsController#create (for 127.0.0.1 at 2010-09-09 12:05:07) [POST]
  Parameters: {"commit"=>"Create", "authenticity_token"=>"6+9bftqhf3MmLaXWfIWDPyHbWRMEhn2kzX/UAggPpr4=", "product"=>{"title"=>"Dog Day Afternoon", "description"=>" lay"}}

ActionController::InvalidAuthenticityToken (ActionController::InvalidAuthenticityToken):
  

Rendered rescues/_trace (85.4ms)
Rendered rescues/_request_and_response (1.1ms)
Rendering rescues/layout (unprocessable_entity)
  [4;35;1mSQL (0.1ms)[0m   [0mSET NAMES 'utf8'[0m
  [4;36;1mSQL (0.1ms)[0m   [0;1mSET SQL_AUTO_IS_NULL=0[0m


Processing ProductsController#index (for 127.0.0.1 at 2010-09-09 12:06:32) [GET]
  [4;35;1mProduct Load (17.6ms)[0m   [0mSELECT * FROM `products` [0m
Rendering template within layouts/products
Rendering products/index
  [4;36;1mProduct Columns (1.2ms)[0m   [0;1mSHOW FIELDS FROM `products`[0m
Completed in 74ms (View: 33, DB: 19) | 200 OK [http://0.0.0.0/products]
  [4;35;1mSQL (0.1ms)[0m   [0mSET NAMES 'utf8'[0m
  [4;36;1mSQL (0.1ms)[0m   [0;1mSET SQL_AUTO_IS_NULL=0[0m


Processing ManifestsController#index (for 127.0.0.1 at 2010-09-09 12:06:32) [GET]
  [4;35;1mManifest Load (0.3ms)[0m   [0mSELECT * FROM `manifests` [0m
Rendering template within layouts/manifests
Rendering manifests/index
Completed in 10ms (View: 4, DB: 0) | 200 OK [http://0.0.0.0/manifests]
  [4;36;1mSQL (0.1ms)[0m   [0;1mSET NAMES 'utf8'[0m
  [4;35;1mSQL (0.1ms)[0m   [0mSET SQL_AUTO_IS_NULL=0[0m


Processing ProductsController#index (for 127.0.0.1 at 2010-09-09 12:06:32) [GET]
  [4;36;1mProduct Load (0.3ms)[0m   [0;1mSELECT * FROM `products` [0m
Rendering template within layouts/products
Rendering products/index
  [4;35;1mProduct Columns (1.1ms)[0m   [0mSHOW FIELDS FROM `products`[0m
Completed in 9ms (View: 5, DB: 2) | 200 OK [http://0.0.0.0/products]
  [4;36;1mSQL (0.1ms)[0m   [0;1mSET NAMES 'utf8'[0m
  [4;35;1mSQL (0.1ms)[0m   [0mSET SQL_AUTO_IS_NULL=0[0m


Processing ProductsController#new (for 127.0.0.1 at 2010-09-09 12:06:32) [GET]
  [4;36;1mProduct Columns (1.1ms)[0m   [0;1mSHOW FIELDS FROM `products`[0m
Rendering template within layouts/products
Rendering products/new
Completed in 12ms (View: 7, DB: 1) | 200 OK [http://0.0.0.0/products/new]
  [4;35;1mSQL (0.1ms)[0m   [0mSET NAMES 'utf8'[0m
  [4;36;1mSQL (0.1ms)[0m   [0;1mSET SQL_AUTO_IS_NULL=0[0m


Processing ManifestsController#index (for 127.0.0.1 at 2010-09-09 12:06:35) [GET]
  [4;35;1mManifest Load (0.3ms)[0m   [0mSELECT * FROM `manifests` [0m
Rendering template within layouts/manifests
Rendering manifests/index
Completed in 4ms (View: 1, DB: 0) | 200 OK [http://0.0.0.0/manifests]
  [4;36;1mSQL (0.1ms)[0m   [0;1mSET NAMES 'utf8'[0m
  [4;35;1mSQL (0.1ms)[0m   [0mSET SQL_AUTO_IS_NULL=0[0m


Processing ManifestsController#index (for 127.0.0.1 at 2010-09-09 12:06:46) [GET]
  [4;36;1mManifest Load (0.4ms)[0m   [0;1mSELECT * FROM `manifests` [0m
Rendering template within layouts/manifests
Rendering manifests/index
Completed in 5ms (View: 1, DB: 1) | 200 OK [http://0.0.0.0/manifests]
  [4;36;1mSQL (0.4ms)[0m   [0;1mSET NAMES 'utf8'[0m
  [4;35;1mSQL (0.2ms)[0m   [0mSET SQL_AUTO_IS_NULL=0[0m


Processing ManifestsController#index (for 127.0.0.1 at 2010-09-17 08:35:04) [GET]
  [4;36;1mManifest Load (26.2ms)[0m   [0;1mSELECT * FROM `manifests` [0m
Rendering template within layouts/manifests
Rendering manifests/index
Completed in 98ms (View: 67, DB: 27) | 200 OK [http://0.0.0.0/manifests]
  [4;35;1mSQL (0.1ms)[0m   [0mSET NAMES 'utf8'[0m
  [4;36;1mSQL (0.1ms)[0m   [0;1mSET SQL_AUTO_IS_NULL=0[0m


Processing ProductsController#index (for 127.0.0.1 at 2010-09-17 08:35:04) [GET]
  [4;35;1mProduct Load (11.2ms)[0m   [0mSELECT * FROM `products` [0m
Rendering template within layouts/products
Rendering products/index
  [4;36;1mProduct Columns (1.3ms)[0m   [0;1mSHOW FIELDS FROM `products`[0m
Completed in 76ms (View: 59, DB: 13) | 200 OK [http://0.0.0.0/products]
  [4;35;1mSQL (0.1ms)[0m   [0mSET NAMES 'utf8'[0m
  [4;36;1mSQL (0.1ms)[0m   [0;1mSET SQL_AUTO_IS_NULL=0[0m


Processing ProductsController#new (for 127.0.0.1 at 2010-09-17 08:35:04) [GET]
  [4;35;1mProduct Columns (1.1ms)[0m   [0mSHOW FIELDS FROM `products`[0m
Rendering template within layouts/products
Rendering products/new
Completed in 12ms (View: 8, DB: 1) | 200 OK [http://0.0.0.0/products/new]
  [4;36;1mSQL (0.1ms)[0m   [0;1mSET NAMES 'utf8'[0m
  [4;35;1mSQL (0.1ms)[0m   [0mSET SQL_AUTO_IS_NULL=0[0m


Processing ManifestsController#index (for 127.0.0.1 at 2010-09-17 08:35:04) [GET]
  [4;36;1mManifest Load (0.2ms)[0m   [0;1mSELECT * FROM `manifests` [0m
Rendering template within layouts/manifests
Rendering manifests/index
Completed in 4ms (View: 1, DB: 0) | 200 OK [http://0.0.0.0/manifests]
  [4;35;1mSQL (0.1ms)[0m   [0mSET NAMES 'utf8'[0m
  [4;36;1mSQL (0.1ms)[0m   [0;1mSET SQL_AUTO_IS_NULL=0[0m


Processing ProductsController#index (for 10.1.204.29 at 2010-09-17 08:36:52) [GET]
  [4;35;1mProduct Load (0.3ms)[0m   [0mSELECT * FROM `products` [0m
Rendering template within layouts/products
Rendering products/index
  [4;36;1mProduct Columns (1.0ms)[0m   [0;1mSHOW FIELDS FROM `products`[0m
Completed in 9ms (View: 5, DB: 1) | 200 OK [http://10.14.0.197/products]
  [4;35;1mSQL (0.1ms)[0m   [0mSET NAMES 'utf8'[0m
  [4;36;1mSQL (0.1ms)[0m   [0;1mSET SQL_AUTO_IS_NULL=0[0m


Processing ManifestsController#index (for 10.1.204.29 at 2010-09-17 08:37:01) [GET]
  [4;35;1mManifest Load (0.2ms)[0m   [0mSELECT * FROM `manifests` [0m
Rendering template within layouts/manifests
Rendering manifests/index
Completed in 4ms (View: 1, DB: 0) | 200 OK [http://10.14.0.197/manifests]
  [4;36;1mSQL (0.2ms)[0m   [0;1mSET NAMES 'utf8'[0m
  [4;35;1mSQL (0.1ms)[0m   [0mSET SQL_AUTO_IS_NULL=0[0m


Processing ProductsController#index (for 10.1.204.29 at 2010-09-17 08:37:01) [GET]
  [4;36;1mProduct Load (0.2ms)[0m   [0;1mSELECT * FROM `products` [0m
Rendering template within layouts/products
Rendering products/index
  [4;35;1mProduct Columns (0.9ms)[0m   [0mSHOW FIELDS FROM `products`[0m
Completed in 9ms (View: 4, DB: 1) | 200 OK [http://10.14.0.197/products]
  [4;36;1mSQL (0.1ms)[0m   [0;1mSET NAMES 'utf8'[0m
  [4;35;1mSQL (0.1ms)[0m   [0mSET SQL_AUTO_IS_NULL=0[0m


Processing ProductsController#new (for 10.1.204.29 at 2010-09-17 08:37:01) [GET]
  [4;36;1mProduct Columns (1.0ms)[0m   [0;1mSHOW FIELDS FROM `products`[0m
Rendering template within layouts/products
Rendering products/new
Completed in 8ms (View: 4, DB: 1) | 200 OK [http://10.14.0.197/products/new]
  [4;35;1mSQL (0.1ms)[0m   [0mSET NAMES 'utf8'[0m
  [4;36;1mSQL (0.1ms)[0m   [0;1mSET SQL_AUTO_IS_NULL=0[0m


Processing ManifestsController#index (for 10.1.204.29 at 2010-09-17 08:37:03) [GET]
  [4;35;1mManifest Load (0.2ms)[0m   [0mSELECT * FROM `manifests` [0m
Rendering template within layouts/manifests
Rendering manifests/index
Completed in 4ms (View: 1, DB: 0) | 200 OK [http://10.14.0.197/manifests]
  [4;36;1mSQL (0.1ms)[0m   [0;1mSET NAMES 'utf8'[0m
  [4;35;1mSQL (0.1ms)[0m   [0mSET SQL_AUTO_IS_NULL=0[0m


Processing ManifestsController#index (for 10.1.204.29 at 2010-09-17 08:37:13) [GET]
  [4;36;1mManifest Load (0.2ms)[0m   [0;1mSELECT * FROM `manifests` [0m
Rendering template within layouts/manifests
Rendering manifests/index
Completed in 4ms (View: 1, DB: 0) | 200 OK [http://10.14.0.197/manifests]
  [4;35;1mSQL (0.1ms)[0m   [0mSET NAMES 'utf8'[0m
  [4;36;1mSQL (0.1ms)[0m   [0;1mSET SQL_AUTO_IS_NULL=0[0m


Processing ProductsController#create (for 10.1.204.29 at 2010-09-17 08:37:39) [POST]
  Parameters: {"commit"=>"Create", "authenticity_token"=>"vvFU53FK6pW9hiBzCtS7hnVzg06Q2ECosKsDIfLhk2Q=", "product"=>{"title"=>"Try1", "description"=>"Howdy"}}
  [4;35;1mProduct Columns (1.1ms)[0m   [0mSHOW FIELDS FROM `products`[0m
  [4;36;1mSQL (0.8ms)[0m   [0;1mBEGIN[0m
  [4;35;1mProduct Create (0.3ms)[0m   [0mINSERT INTO `products` (`created_at`, `title`, `updated_at`, `description`) VALUES('2010-09-17 12:37:39', 'Try1', '2010-09-17 12:37:39', 'Howdy')[0m
  [4;36;1mSQL (0.6ms)[0m   [0;1mCOMMIT[0m
Redirected to http://10.14.0.197:3000/products/2
Completed in 9ms (DB: 3) | 302 Found [http://10.14.0.197/products]
  [4;35;1mSQL (0.1ms)[0m   [0mSET NAMES 'utf8'[0m
  [4;36;1mSQL (0.1ms)[0m   [0;1mSET SQL_AUTO_IS_NULL=0[0m


Processing ProductsController#show (for 10.1.204.29 at 2010-09-17 08:37:39) [GET]
  Parameters: {"id"=>"2"}
  [4;35;1mProduct Columns (1.0ms)[0m   [0mSHOW FIELDS FROM `products`[0m
  [4;36;1mProduct Load (2.2ms)[0m   [0;1mSELECT * FROM `products` WHERE (`products`.`id` = 2) [0m
Rendering template within layouts/products
Rendering products/show
Completed in 36ms (View: 29, DB: 3) | 200 OK [http://10.14.0.197/products/2]
  [4;35;1mSQL (0.1ms)[0m   [0mSET NAMES 'utf8'[0m
  [4;36;1mSQL (0.1ms)[0m   [0;1mSET SQL_AUTO_IS_NULL=0[0m


Processing ManifestsController#index (for 10.1.204.29 at 2010-09-17 08:37:40) [GET]
  [4;35;1mManifest Load (0.3ms)[0m   [0mSELECT * FROM `manifests` [0m
Rendering template within layouts/manifests
Rendering manifests/index
Completed in 4ms (View: 1, DB: 1) | 200 OK [http://10.14.0.197/manifests]
  [4;36;1mSQL (0.1ms)[0m   [0;1mSET NAMES 'utf8'[0m
  [4;35;1mSQL (0.1ms)[0m   [0mSET SQL_AUTO_IS_NULL=0[0m


Processing ProductsController#show (for 10.1.204.29 at 2010-09-17 08:37:40) [GET]
  Parameters: {"id"=>"2"}
  [4;36;1mProduct Columns (1.1ms)[0m   [0;1mSHOW FIELDS FROM `products`[0m
  [4;35;1mProduct Load (2.0ms)[0m   [0mSELECT * FROM `products` WHERE (`products`.`id` = 2) [0m
Rendering template within layouts/products
Rendering products/show
Completed in 9ms (View: 2, DB: 3) | 200 OK [http://10.14.0.197/products/2]
  [4;36;1mSQL (0.1ms)[0m   [0;1mSET NAMES 'utf8'[0m
  [4;35;1mSQL (0.1ms)[0m   [0mSET SQL_AUTO_IS_NULL=0[0m


Processing ProductsController#show (for 127.0.0.1 at 2010-09-17 08:57:35) [GET]
  Parameters: {"id"=>"2"}
  [4;36;1mProduct Columns (1.1ms)[0m   [0;1mSHOW FIELDS FROM `products`[0m
  [4;35;1mProduct Load (0.8ms)[0m   [0mSELECT * FROM `products` WHERE (`products`.`id` = 2) [0m
Rendering template within layouts/products
Rendering products/show
Completed in 7ms (View: 2, DB: 2) | 200 OK [http://10.14.0.197/products/2]
  [4;36;1mSQL (0.1ms)[0m   [0;1mSET NAMES 'utf8'[0m
  [4;35;1mSQL (0.1ms)[0m   [0mSET SQL_AUTO_IS_NULL=0[0m


Processing ManifestsController#index (for 127.0.0.1 at 2010-09-17 08:57:37) [GET]
  [4;36;1mManifest Load (0.3ms)[0m   [0;1mSELECT * FROM `manifests` [0m
Rendering template within layouts/manifests
Rendering manifests/index
Completed in 4ms (View: 1, DB: 1) | 200 OK [http://10.14.0.197/manifests]
  [4;35;1mSQL (0.1ms)[0m   [0mSET NAMES 'utf8'[0m
  [4;36;1mSQL (0.1ms)[0m   [0;1mSET SQL_AUTO_IS_NULL=0[0m


Processing ProductsController#index (for 127.0.0.1 at 2010-09-17 08:57:38) [GET]
  [4;35;1mProduct Load (0.3ms)[0m   [0mSELECT * FROM `products` [0m
Rendering template within layouts/products
Rendering products/index
  [4;36;1mProduct Columns (0.9ms)[0m   [0;1mSHOW FIELDS FROM `products`[0m
Completed in 12ms (View: 7, DB: 1) | 200 OK [http://10.14.0.197/products]
  [4;35;1mSQL (0.1ms)[0m   [0mSET NAMES 'utf8'[0m
  [4;36;1mSQL (0.1ms)[0m   [0;1mSET SQL_AUTO_IS_NULL=0[0m


Processing ProductsController#new (for 127.0.0.1 at 2010-09-17 08:57:40) [GET]
  [4;35;1mProduct Columns (1.0ms)[0m   [0mSHOW FIELDS FROM `products`[0m
Rendering template within layouts/products
Rendering products/new
Completed in 8ms (View: 4, DB: 1) | 200 OK [http://10.14.0.197/products/new]
  [4;36;1mSQL (0.1ms)[0m   [0;1mSET NAMES 'utf8'[0m
  [4;35;1mSQL (0.1ms)[0m   [0mSET SQL_AUTO_IS_NULL=0[0m


Processing ProductsController#show (for 127.0.0.1 at 2010-09-17 08:57:42) [GET]
  Parameters: {"id"=>"2"}
  [4;36;1mProduct Columns (1.0ms)[0m   [0;1mSHOW FIELDS FROM `products`[0m
  [4;35;1mProduct Load (2.0ms)[0m   [0mSELECT * FROM `products` WHERE (`products`.`id` = 2) [0m
Rendering template within layouts/products
Rendering products/show
Completed in 9ms (View: 2, DB: 3) | 200 OK [http://10.14.0.197/products/2]
  [4;36;1mSQL (0.1ms)[0m   [0;1mSET NAMES 'utf8'[0m
  [4;35;1mSQL (0.1ms)[0m   [0mSET SQL_AUTO_IS_NULL=0[0m


Processing ManifestsController#index (for 127.0.0.1 at 2010-09-17 08:57:43) [GET]
  [4;36;1mManifest Load (0.2ms)[0m   [0;1mSELECT * FROM `manifests` [0m
Rendering template within layouts/manifests
Rendering manifests/index
Completed in 4ms (View: 1, DB: 0) | 200 OK [http://10.14.0.197/manifests]
  [4;35;1mSQL (0.1ms)[0m   [0mSET NAMES 'utf8'[0m
  [4;36;1mSQL (0.1ms)[0m   [0;1mSET SQL_AUTO_IS_NULL=0[0m


Processing ManifestsController#index (for 127.0.0.1 at 2010-09-17 08:57:46) [GET]
  [4;35;1mManifest Load (0.3ms)[0m   [0mSELECT * FROM `manifests` [0m
Rendering template within layouts/manifests
Rendering manifests/index
Completed in 4ms (View: 1, DB: 1) | 200 OK [http://10.14.0.197/manifests]
  [4;36;1mSQL (0.1ms)[0m   [0;1mSET NAMES 'utf8'[0m
  [4;35;1mSQL (0.1ms)[0m   [0mSET SQL_AUTO_IS_NULL=0[0m


Processing ManifestsController#index (for 127.0.0.1 at 2010-09-17 08:58:05) [GET]
  [4;36;1mManifest Load (0.2ms)[0m   [0;1mSELECT * FROM `manifests` [0m
Rendering template within layouts/manifests
Rendering manifests/index
Completed in 4ms (View: 1, DB: 0) | 200 OK [http://10.14.0.197/manifests]
  [4;35;1mSQL (0.1ms)[0m   [0mSET NAMES 'utf8'[0m
  [4;36;1mSQL (0.1ms)[0m   [0;1mSET SQL_AUTO_IS_NULL=0[0m


Processing ProductsController#create (for 127.0.0.1 at 2010-09-17 08:58:20) [POST]
  Parameters: {"commit"=>"Create", "authenticity_token"=>"vvFU53FK6pW9hiBzCtS7hnVzg06Q2ECosKsDIfLhk2Q=", "product"=>{"title"=>"product FooBar", "description"=>"This should work"}}
  [4;35;1mProduct Columns (1.1ms)[0m   [0mSHOW FIELDS FROM `products`[0m
  [4;36;1mSQL (0.1ms)[0m   [0;1mBEGIN[0m
  [4;35;1mProduct Create (0.2ms)[0m   [0mINSERT INTO `products` (`created_at`, `title`, `updated_at`, `description`) VALUES('2010-09-17 12:58:20', 'product FooBar', '2010-09-17 12:58:20', 'This should work')[0m
  [4;36;1mSQL (0.5ms)[0m   [0;1mCOMMIT[0m
Redirected to http://10.14.0.197:8080/products/3
Completed in 8ms (DB: 2) | 302 Found [http://10.14.0.197/products]
  [4;35;1mSQL (0.1ms)[0m   [0mSET NAMES 'utf8'[0m
  [4;36;1mSQL (0.1ms)[0m   [0;1mSET SQL_AUTO_IS_NULL=0[0m


Processing ProductsController#show (for 127.0.0.1 at 2010-09-17 08:58:21) [GET]
  Parameters: {"id"=>"3"}
  [4;35;1mProduct Columns (1.0ms)[0m   [0mSHOW FIELDS FROM `products`[0m
  [4;36;1mProduct Load (2.1ms)[0m   [0;1mSELECT * FROM `products` WHERE (`products`.`id` = 3) [0m
Rendering template within layouts/products
Rendering products/show
Completed in 9ms (View: 2, DB: 3) | 200 OK [http://10.14.0.197/products/3]
  [4;35;1mSQL (0.1ms)[0m   [0mSET NAMES 'utf8'[0m
  [4;36;1mSQL (0.1ms)[0m   [0;1mSET SQL_AUTO_IS_NULL=0[0m


Processing ManifestsController#index (for 127.0.0.1 at 2010-09-17 08:58:23) [GET]
  [4;35;1mManifest Load (0.2ms)[0m   [0mSELECT * FROM `manifests` [0m
Rendering template within layouts/manifests
Rendering manifests/index
Completed in 4ms (View: 1, DB: 0) | 200 OK [http://10.14.0.197/manifests]
  [4;36;1mSQL (0.1ms)[0m   [0;1mSET NAMES 'utf8'[0m
  [4;35;1mSQL (0.1ms)[0m   [0mSET SQL_AUTO_IS_NULL=0[0m


Processing ProductsController#show (for 127.0.0.1 at 2010-09-17 08:58:24) [GET]
  Parameters: {"id"=>"3"}
  [4;36;1mProduct Columns (1.0ms)[0m   [0;1mSHOW FIELDS FROM `products`[0m
  [4;35;1mProduct Load (2.0ms)[0m   [0mSELECT * FROM `products` WHERE (`products`.`id` = 3) [0m
Rendering template within layouts/products
Rendering products/show
Completed in 9ms (View: 2, DB: 3) | 200 OK [http://10.14.0.197/products/3]
  [4;36;1mSQL (0.1ms)[0m   [0;1mSET NAMES 'utf8'[0m
  [4;35;1mSQL (0.1ms)[0m   [0mSET SQL_AUTO_IS_NULL=0[0m


Processing ProductsController#create (for 127.0.0.1 at 2010-09-17 09:10:10) [POST]
  [4;36;1mProduct Columns (1.0ms)[0m   [0;1mSHOW FIELDS FROM `products`[0m
  [4;35;1mSQL (0.8ms)[0m   [0mBEGIN[0m
  [4;36;1mProduct Create (0.2ms)[0m   [0;1mINSERT INTO `products` (`created_at`, `title`, `updated_at`, `description`) VALUES('2010-09-17 13:10:10', NULL, '2010-09-17 13:10:10', NULL)[0m
  [4;35;1mSQL (0.5ms)[0m   [0mCOMMIT[0m
Redirected to http://10.14.0.197:8080/products/4
Completed in 9ms (DB: 3) | 302 Found [http://10.14.0.197/products]
  [4;36;1mSQL (0.1ms)[0m   [0;1mSET NAMES 'utf8'[0m
  [4;35;1mSQL (0.1ms)[0m   [0mSET SQL_AUTO_IS_NULL=0[0m


Processing ManifestsController#index (for 127.0.0.1 at 2010-09-17 09:10:42) [GET]
  [4;36;1mManifest Load (0.2ms)[0m   [0;1mSELECT * FROM `manifests` [0m
Rendering template within layouts/manifests
Rendering manifests/index
Completed in 4ms (View: 1, DB: 0) | 200 OK [http://10.14.0.197/manifests]
  [4;35;1mSQL (0.1ms)[0m   [0mSET NAMES 'utf8'[0m
  [4;36;1mSQL (0.1ms)[0m   [0;1mSET SQL_AUTO_IS_NULL=0[0m


Processing ManifestsController#index (for 127.0.0.1 at 2010-09-17 09:10:47) [GET]
  [4;35;1mManifest Load (0.2ms)[0m   [0mSELECT * FROM `manifests` [0m
Rendering template within layouts/manifests
Rendering manifests/index
Completed in 4ms (View: 1, DB: 0) | 200 OK [http://10.14.0.197/manifests]
  [4;36;1mSQL (0.1ms)[0m   [0;1mSET NAMES 'utf8'[0m
  [4;35;1mSQL (0.1ms)[0m   [0mSET SQL_AUTO_IS_NULL=0[0m


Processing ManifestsController#index (for 127.0.0.1 at 2010-09-17 09:10:49) [GET]
  [4;36;1mManifest Load (0.3ms)[0m   [0;1mSELECT * FROM `manifests` [0m
Rendering template within layouts/manifests
Rendering manifests/index
Completed in 4ms (View: 1, DB: 1) | 200 OK [http://10.14.0.197/manifests]
  [4;35;1mSQL (0.1ms)[0m   [0mSET NAMES 'utf8'[0m
  [4;36;1mSQL (0.1ms)[0m   [0;1mSET SQL_AUTO_IS_NULL=0[0m


Processing ManifestsController#index (for 127.0.0.1 at 2010-09-17 09:10:52) [GET]
  [4;35;1mManifest Load (0.2ms)[0m   [0mSELECT * FROM `manifests` [0m
Rendering template within layouts/manifests
Rendering manifests/index
Completed in 4ms (View: 1, DB: 0) | 200 OK [http://10.14.0.197/manifests]
  [4;36;1mSQL (0.1ms)[0m   [0;1mSET NAMES 'utf8'[0m
  [4;35;1mSQL (0.1ms)[0m   [0mSET SQL_AUTO_IS_NULL=0[0m


Processing ManifestsController#index (for 127.0.0.1 at 2010-09-17 09:10:58) [GET]
  [4;36;1mManifest Load (0.2ms)[0m   [0;1mSELECT * FROM `manifests` [0m
Rendering template within layouts/manifests
Rendering manifests/index
Completed in 4ms (View: 1, DB: 0) | 200 OK [http://10.14.0.197/manifests]
  [4;35;1mSQL (0.2ms)[0m   [0mSET NAMES 'utf8'[0m
  [4;36;1mSQL (0.1ms)[0m   [0;1mSET SQL_AUTO_IS_NULL=0[0m


Processing ProductsController#show (for 127.0.0.1 at 2010-09-17 09:12:04) [GET]
  Parameters: {"id"=>"4"}
  [4;35;1mProduct Columns (6.5ms)[0m   [0mSHOW FIELDS FROM `products`[0m
  [4;36;1mProduct Load (18.7ms)[0m   [0;1mSELECT * FROM `products` WHERE (`products`.`id` = 4) [0m
Rendering template within layouts/products
Rendering products/show
Completed in 32ms (View: 2, DB: 25) | 200 OK [http://10.14.0.197/products/4]
  [4;35;1mSQL (0.1ms)[0m   [0mSET NAMES 'utf8'[0m
  [4;36;1mSQL (0.1ms)[0m   [0;1mSET SQL_AUTO_IS_NULL=0[0m


Processing ManifestsController#index (for 127.0.0.1 at 2010-09-17 09:12:06) [GET]
  [4;35;1mManifest Load (0.2ms)[0m   [0mSELECT * FROM `manifests` [0m
Rendering template within layouts/manifests
Rendering manifests/index
Completed in 4ms (View: 1, DB: 0) | 200 OK [http://10.14.0.197/manifests]
  [4;36;1mSQL (0.1ms)[0m   [0;1mSET NAMES 'utf8'[0m
  [4;35;1mSQL (0.1ms)[0m   [0mSET SQL_AUTO_IS_NULL=0[0m


Processing ProductsController#show (for 127.0.0.1 at 2010-09-17 09:12:07) [GET]
  Parameters: {"id"=>"4"}
  [4;36;1mProduct Columns (1.1ms)[0m   [0;1mSHOW FIELDS FROM `products`[0m
  [4;35;1mProduct Load (1.8ms)[0m   [0mSELECT * FROM `products` WHERE (`products`.`id` = 4) [0m
Rendering template within layouts/products
Rendering products/show
Completed in 9ms (View: 2, DB: 3) | 200 OK [http://10.14.0.197/products/4]
  [4;36;1mSQL (0.1ms)[0m   [0;1mSET NAMES 'utf8'[0m
  [4;35;1mSQL (0.1ms)[0m   [0mSET SQL_AUTO_IS_NULL=0[0m


Processing ProductsController#show (for 127.0.0.1 at 2010-09-17 09:12:11) [GET]
  Parameters: {"id"=>"5"}
  [4;36;1mProduct Columns (1.1ms)[0m   [0;1mSHOW FIELDS FROM `products`[0m
  [4;35;1mProduct Load (1.9ms)[0m   [0mSELECT * FROM `products` WHERE (`products`.`id` = 5) [0m

ActiveRecord::RecordNotFound (Couldn't find Product with ID=5):
  app/controllers/products_controller.rb:16:in `show'

Rendered rescues/_trace (83.1ms)
Rendered rescues/_request_and_response (1.1ms)
Rendering rescues/layout (not_found)
  [4;36;1mSQL (0.1ms)[0m   [0;1mSET NAMES 'utf8'[0m
  [4;35;1mSQL (0.1ms)[0m   [0mSET SQL_AUTO_IS_NULL=0[0m


Processing ManifestsController#index (for 127.0.0.1 at 2010-09-17 09:12:16) [GET]
  [4;36;1mManifest Load (0.2ms)[0m   [0;1mSELECT * FROM `manifests` [0m
Rendering template within layouts/manifests
Rendering manifests/index
Completed in 4ms (View: 1, DB: 0) | 200 OK [http://10.14.0.197/manifests]
  [4;35;1mSQL (0.1ms)[0m   [0mSET NAMES 'utf8'[0m
  [4;36;1mSQL (0.1ms)[0m   [0;1mSET SQL_AUTO_IS_NULL=0[0m


Processing ManifestsController#index (for 127.0.0.1 at 2010-09-17 09:12:19) [GET]
  [4;35;1mManifest Load (0.2ms)[0m   [0mSELECT * FROM `manifests` [0m
Rendering template within layouts/manifests
Rendering manifests/index
Completed in 4ms (View: 1, DB: 0) | 200 OK [http://10.14.0.197/manifests]
