  [4;36;1mSQL (0.000357)[0m   [0;1mSET client_min_messages TO 'panic'[0m
  [4;35;1mSQL (0.000323)[0m   [0mSET client_min_messages TO 'notice'[0m
  [4;36;1mSQL (0.020412)[0m   [0;1mCREATE TABLE "schema_migrations" ("version" character varying(255) NOT NULL) [0m
  [4;35;1mSQL (0.013294)[0m   [0mCREATE UNIQUE INDEX "unique_schema_migrations" ON "schema_migrations" ("version")[0m
  [4;36;1mSQL (0.000442)[0m   [0;1mSELECT version FROM schema_migrations[0m
  [4;36;1mSQL (0.000344)[0m   [0;1mSET client_min_messages TO 'panic'[0m
  [4;35;1mSQL (0.000173)[0m   [0mSET client_min_messages TO 'notice'[0m
  [4;36;1mSQL (0.000495)[0m   [0;1mSELECT version FROM schema_migrations[0m
Migrating to CreateProducts (20081113134130)
  [4;35;1mSQL (0.073760)[0m   [0mCREATE TABLE "products" ("id" serial primary key, "title" character varying(255), "description" text, "image_url" character varying(255), "created_at" timestamp, "updated_at" timestamp) [0m
  [4;36;1mSQL (0.002373)[0m   [0;1mINSERT INTO schema_migrations (version) VALUES ('20081113134130')[0m
  [4;35;1mSQL (0.000310)[0m   [0mSELECT version FROM schema_migrations[0m


Processing ProductsController#index (for 127.0.0.1 at 2008-11-13 09:24:38) [GET]
  Session ID: f3f8927491f7e2391ecc8e2485b6609d
  Parameters: {"action"=>"index", "controller"=>"products"}
  [4;36;1mSQL (0.000128)[0m   [0;1mSET client_min_messages TO 'panic'[0m
  [4;35;1mSQL (0.000066)[0m   [0mSET client_min_messages TO 'notice'[0m
  [4;36;1mProduct Load (0.001677)[0m   [0;1mSELECT * FROM "products" [0m
Rendering template within layouts/products
Rendering products/index
Completed in 0.01037 (96 reqs/sec) | Rendering: 0.00248 (23%) | DB: 0.00187 (18%) | 200 OK [http://localhost/products]


Processing ProductsController#new (for 127.0.0.1 at 2008-11-13 09:45:13) [GET]
  Session ID: BAh7BiIKZmxhc2hJQzonQWN0aW9uQ29udHJvbGxlcjo6Rmxhc2g6OkZsYXNo
SGFzaHsABjoKQHVzZWR7AA==--42f4b5cb1712f48285af572e9ae9d973817a87d0
  Parameters: {"action"=>"new", "controller"=>"products"}
Rendering template within layouts/products
Rendering products/new
Completed in 0.01225 (81 reqs/sec) | Rendering: 0.00425 (34%) | DB: 0.00000 (0%) | 200 OK [http://localhost/products/new]


Processing ProductsController#create (for 127.0.0.1 at 2008-11-13 09:50:19) [POST]
  Session ID: BAh7BzoMY3NyZl9pZCIlZTUyYTA0OWY5ODMxNjU5OTliOGE1N2QyNDVmM2Rj
ZDEiCmZsYXNoSUM6J0FjdGlvbkNvbnRyb2xsZXI6OkZsYXNoOjpGbGFzaEhh
c2h7AAY6CkB1c2VkewA=--289cccd2725f4686b148a1b8b601f1f915985436
  Parameters: {"commit"=>"Create", "product"=>{"image_url"=>"/images/svn.jpg", "title"=>"Switching to the Mac", "description"=>"Great Book!"}, "authenticity_token"=>"9cf820f4fbb3c0c8a8971a8fb25a37b1e3c9cff8", "action"=>"create", "controller"=>"products"}
  [4;35;1mSQL (0.013599)[0m   [0mBEGIN[0m
  [4;36;1mSQL (0.039955)[0m   [0;1mINSERT INTO "products" ("image_url", "updated_at", "title", "description", "created_at") VALUES(E'/images/svn.jpg', '2008-11-13 14:50:19.911983', E'Switching to the Mac', E'Great Book!', '2008-11-13 14:50:19.911983') RETURNING "id"[0m
  [4;35;1mSQL (0.001064)[0m   [0mCOMMIT[0m
Redirected to http://localhost:3000/products/1
Completed in 0.07234 (13 reqs/sec) | DB: 0.05462 (75%) | 302 Found [http://localhost/products]


Processing ProductsController#show (for 127.0.0.1 at 2008-11-13 09:50:19) [GET]
  Session ID: BAh7BzoMY3NyZl9pZCIlZTUyYTA0OWY5ODMxNjU5OTliOGE1N2QyNDVmM2Rj
ZDEiCmZsYXNoSUM6J0FjdGlvbkNvbnRyb2xsZXI6OkZsYXNoOjpGbGFzaEhh
c2h7BjoLbm90aWNlIiZQcm9kdWN0IHdhcyBzdWNjZXNzZnVsbHkgY3JlYXRl
ZC4GOgpAdXNlZHsGOwdG--aa0c27e948bf4e0d635b015205744c28ae4fc084
  Parameters: {"action"=>"show", "id"=>"1", "controller"=>"products"}
  [4;36;1mProduct Load (0.000312)[0m   [0;1mSELECT * FROM "products" WHERE ("products"."id" = 1) [0m
Rendering template within layouts/products
Rendering products/show
Completed in 0.00893 (112 reqs/sec) | Rendering: 0.00222 (24%) | DB: 0.00031 (3%) | 200 OK [http://localhost/products/1]


Processing ProductsController#index (for 127.0.0.1 at 2008-11-13 09:50:30) [GET]
  Session ID: BAh7BzoMY3NyZl9pZCIlZTUyYTA0OWY5ODMxNjU5OTliOGE1N2QyNDVmM2Rj
ZDEiCmZsYXNoSUM6J0FjdGlvbkNvbnRyb2xsZXI6OkZsYXNoOjpGbGFzaEhh
c2h7BjoLbm90aWNlIiZQcm9kdWN0IHdhcyBzdWNjZXNzZnVsbHkgY3JlYXRl
ZC4GOgpAdXNlZHsGOwdU--b9380780c40a78c502851656679d496224449ce4
  Parameters: {"action"=>"index", "controller"=>"products"}
  [4;35;1mProduct Load (0.000353)[0m   [0mSELECT * FROM "products" [0m
Rendering template within layouts/products
Rendering products/index
Completed in 0.00780 (128 reqs/sec) | Rendering: 0.00297 (38%) | DB: 0.00035 (4%) | 200 OK [http://localhost/products]


Processing ProductsController#show (for 127.0.0.1 at 2008-11-13 09:50:35) [GET]
  Session ID: BAh7BzoMY3NyZl9pZCIlZTUyYTA0OWY5ODMxNjU5OTliOGE1N2QyNDVmM2Rj
ZDEiCmZsYXNoSUM6J0FjdGlvbkNvbnRyb2xsZXI6OkZsYXNoOjpGbGFzaEhh
c2h7AAY6CkB1c2VkewA=--289cccd2725f4686b148a1b8b601f1f915985436
  Parameters: {"action"=>"show", "id"=>"1", "controller"=>"products"}
  [4;36;1mProduct Load (0.000231)[0m   [0;1mSELECT * FROM "products" WHERE ("products"."id" = 1) [0m
Rendering template within layouts/products
Rendering products/show
Completed in 0.00724 (138 reqs/sec) | Rendering: 0.00147 (20%) | DB: 0.00023 (3%) | 200 OK [http://localhost/products/1]


Processing ProductsController#edit (for 127.0.0.1 at 2008-11-13 09:50:36) [GET]
  Session ID: BAh7BzoMY3NyZl9pZCIlZTUyYTA0OWY5ODMxNjU5OTliOGE1N2QyNDVmM2Rj
ZDEiCmZsYXNoSUM6J0FjdGlvbkNvbnRyb2xsZXI6OkZsYXNoOjpGbGFzaEhh
c2h7AAY6CkB1c2VkewA=--289cccd2725f4686b148a1b8b601f1f915985436
  Parameters: {"action"=>"edit", "id"=>"1", "controller"=>"products"}
  [4;35;1mProduct Load (0.000220)[0m   [0mSELECT * FROM "products" WHERE ("products"."id" = 1) [0m
Rendering template within layouts/products
Rendering products/edit
Completed in 0.00905 (110 reqs/sec) | Rendering: 0.00355 (39%) | DB: 0.00022 (2%) | 200 OK [http://localhost/products/1/edit]


Processing ProductsController#update (for 127.0.0.1 at 2008-11-13 09:50:41) [PUT]
  Session ID: BAh7BzoMY3NyZl9pZCIlZTUyYTA0OWY5ODMxNjU5OTliOGE1N2QyNDVmM2Rj
ZDEiCmZsYXNoSUM6J0FjdGlvbkNvbnRyb2xsZXI6OkZsYXNoOjpGbGFzaEhh
c2h7AAY6CkB1c2VkewA=--289cccd2725f4686b148a1b8b601f1f915985436
  Parameters: {"commit"=>"Update", "product"=>{"image_url"=>"/images/svn.jpg", "title"=>"Switching to the Mac", "description"=>"Great Book!"}, "authenticity_token"=>"9cf820f4fbb3c0c8a8971a8fb25a37b1e3c9cff8", "_method"=>"put", "action"=>"update", "id"=>"1", "controller"=>"products"}
  [4;36;1mProduct Load (0.000245)[0m   [0;1mSELECT * FROM "products" WHERE ("products"."id" = 1) [0m
  [4;35;1mSQL (0.000104)[0m   [0mBEGIN[0m
  [4;36;1mSQL (0.000094)[0m   [0;1mCOMMIT[0m
Redirected to http://localhost:3000/products/1
Completed in 0.00799 (125 reqs/sec) | DB: 0.00044 (5%) | 302 Found [http://localhost/products/1]


Processing ProductsController#show (for 127.0.0.1 at 2008-11-13 09:50:41) [GET]
  Session ID: BAh7BzoMY3NyZl9pZCIlZTUyYTA0OWY5ODMxNjU5OTliOGE1N2QyNDVmM2Rj
ZDEiCmZsYXNoSUM6J0FjdGlvbkNvbnRyb2xsZXI6OkZsYXNoOjpGbGFzaEhh
c2h7BjoLbm90aWNlIiZQcm9kdWN0IHdhcyBzdWNjZXNzZnVsbHkgdXBkYXRl
ZC4GOgpAdXNlZHsGOwdG--161673a4eda4754edbcf73262a8aaf097ed86978
  Parameters: {"action"=>"show", "id"=>"1", "controller"=>"products"}
  [4;35;1mProduct Load (0.000217)[0m   [0mSELECT * FROM "products" WHERE ("products"."id" = 1) [0m
Rendering template within layouts/products
Rendering products/show
Completed in 0.00747 (133 reqs/sec) | Rendering: 0.00157 (20%) | DB: 0.00022 (2%) | 200 OK [http://localhost/products/1]
  [4;36;1mSQL (0.000151)[0m   [0;1mSET client_min_messages TO 'panic'[0m
  [4;35;1mSQL (0.000195)[0m   [0mSET client_min_messages TO 'notice'[0m
  [4;36;1mSQL (0.000757)[0m   [0;1mSELECT version FROM schema_migrations[0m
Migrating to CreateProducts (20081113134130)
Migrating to AddPriceToProduct (20081113145936)
  [4;35;1mSQL (0.003121)[0m   [0mALTER TABLE "products" ADD COLUMN "price" decimal(8,2)[0m
  [4;36;1mSQL (0.003272)[0m   [0;1mALTER TABLE "products" ALTER COLUMN "price" SET DEFAULT 0[0m
  [4;35;1mSQL (0.001268)[0m   [0mINSERT INTO schema_migrations (version) VALUES ('20081113145936')[0m
  [4;36;1mSQL (0.000208)[0m   [0;1mSELECT version FROM schema_migrations[0m
  [4;36;1mSQL (0.000151)[0m   [0;1mSET client_min_messages TO 'panic'[0m
  [4;35;1mSQL (0.000101)[0m   [0mSET client_min_messages TO 'notice'[0m
  [4;36;1mSQL (0.000474)[0m   [0;1mSELECT version FROM schema_migrations[0m
Migrating to CreateProducts (20081113134130)
Migrating to AddPriceToProduct (20081113145936)
Migrating to AddTestData (20081113162954)
  [4;35;1mProduct Delete all (0.001456)[0m   [0mDELETE FROM "products" [0m
  [4;36;1mSQL (0.000101)[0m   [0;1mBEGIN[0m
  [4;35;1mSQL (0.000564)[0m   [0mSELECT "title" FROM "products" WHERE ("products".title = E'Pragmatic Project Automation') [0m
  [4;36;1mSQL (0.000651)[0m   [0;1mINSERT INTO "products" ("image_url", "updated_at", "title", "price", "description", "created_at") VALUES(E'/images/auto.jpg', '2008-11-13 16:43:25.751048', E'Pragmatic Project Automation', 29.95, E'<p>
 <em>Pragmatic Project Automation</em> shows you how to improve the 
 consistency and repeatability of your project''s procedures using 
 automation to reduce risk and errors.
 </p>
 <p>
 Simply put, we''re going to put this thing called a computer to work 
 for you doing the mundane (but important) project stuff. That means 
 you''ll have more time and energy to do the really 
 exciting---and difficult---stuff, like writing quality code.
 </p>', '2008-11-13 16:43:25.751048') RETURNING "id"[0m
  [4;35;1mSQL (0.000751)[0m   [0mCOMMIT[0m
  [4;36;1mSQL (0.000226)[0m   [0;1mBEGIN[0m
  [4;35;1mSQL (0.000385)[0m   [0mSELECT "title" FROM "products" WHERE ("products".title = E'Pragmatic Version Control') [0m
  [4;36;1mSQL (0.000402)[0m   [0;1mINSERT INTO "products" ("image_url", "updated_at", "title", "price", "description", "created_at") VALUES(E'/images/svn.jpg', '2008-11-13 16:43:25.759777', E'Pragmatic Version Control', 28.5, E'<p>
 This book is a recipe-based approach to using Subversion that will 
 get you up and running quickly---and correctly. All projects need
 version control: it''s a foundational piece of any project''s 
 infrastructure. Yet half of all project teams in the U.S. don''t use
 any version control at all. Many others don''t use it well, and end 
 up experiencing time-consuming problems.
 </p>', '2008-11-13 16:43:25.759777') RETURNING "id"[0m
  [4;35;1mSQL (0.000754)[0m   [0mCOMMIT[0m
  [4;36;1mSQL (0.000161)[0m   [0;1mBEGIN[0m
  [4;35;1mSQL (0.000333)[0m   [0mSELECT "title" FROM "products" WHERE ("products".title = E'Pragmatic Unit Testing (C#)') [0m
  [4;36;1mSQL (0.000364)[0m   [0;1mINSERT INTO "products" ("image_url", "updated_at", "title", "price", "description", "created_at") VALUES(E'/images/utc.jpg', '2008-11-13 16:43:25.763862', E'Pragmatic Unit Testing (C#)', 27.75, E'<p>
 Pragmatic programmers use feedback to drive their development and 
 personal processes. The most valuable feedback you can get while 
 coding comes from unit testing.
 </p>
 <p>
 Without good tests in place, coding can become a frustrating game of 
 "whack-a-mole." That''s the carnival game where the player strikes at a 
 mechanical mole; it retreats and another mole pops up on the opposite side 
 of the field. The moles pop up and down so fast that you end up flailing 
 your mallet helplessly as the moles continue to pop up where you least 
 expect them.
 </p>', '2008-11-13 16:43:25.763862') RETURNING "id"[0m
  [4;35;1mSQL (0.000681)[0m   [0mCOMMIT[0m
  [4;36;1mSQL (0.000728)[0m   [0;1mINSERT INTO schema_migrations (version) VALUES ('20081113162954')[0m
  [4;35;1mSQL (0.000157)[0m   [0mSELECT version FROM schema_migrations[0m


Processing StoreController#index (for 127.0.0.1 at 2008-11-13 13:53:32) [GET]
  Session ID: BAh7BzoMY3NyZl9pZCIlZTUyYTA0OWY5ODMxNjU5OTliOGE1N2QyNDVmM2Rj
ZDEiCmZsYXNoSUM6J0FjdGlvbkNvbnRyb2xsZXI6OkZsYXNoOjpGbGFzaEhh
c2h7AAY6CkB1c2VkewA=--289cccd2725f4686b148a1b8b601f1f915985436
  Parameters: {"action"=>"index", "controller"=>"store"}
  [4;36;1mSQL (0.000137)[0m   [0;1mSET client_min_messages TO 'panic'[0m
  [4;35;1mSQL (0.000102)[0m   [0mSET client_min_messages TO 'notice'[0m
  [4;36;1mProduct Load (0.002577)[0m   [0;1mSELECT * FROM "products" ORDER BY title[0m
Rendering store/index
Completed in 0.01438 (69 reqs/sec) | Rendering: 0.00668 (46%) | DB: 0.00282 (19%) | 200 OK [http://localhost/store]


Processing StoreController#index (for 127.0.0.1 at 2008-11-13 13:54:05) [GET]
  Session ID: BAh7BzoMY3NyZl9pZCIlZTUyYTA0OWY5ODMxNjU5OTliOGE1N2QyNDVmM2Rj
ZDEiCmZsYXNoSUM6J0FjdGlvbkNvbnRyb2xsZXI6OkZsYXNoOjpGbGFzaEhh
c2h7AAY6CkB1c2VkewA=--289cccd2725f4686b148a1b8b601f1f915985436
  Parameters: {"action"=>"index", "controller"=>"store"}
  [4;35;1mProduct Load (0.000491)[0m   [0mSELECT * FROM "products" ORDER BY title[0m
Rendering store/index
Completed in 0.00821 (121 reqs/sec) | Rendering: 0.00305 (37%) | DB: 0.00049 (5%) | 200 OK [http://localhost/store]


Processing StoreController#index (for 127.0.0.1 at 2008-11-13 13:54:08) [GET]
  Session ID: BAh7BzoMY3NyZl9pZCIlZTUyYTA0OWY5ODMxNjU5OTliOGE1N2QyNDVmM2Rj
ZDEiCmZsYXNoSUM6J0FjdGlvbkNvbnRyb2xsZXI6OkZsYXNoOjpGbGFzaEhh
c2h7AAY6CkB1c2VkewA=--289cccd2725f4686b148a1b8b601f1f915985436
  Parameters: {"action"=>"index", "controller"=>"store"}
  [4;36;1mProduct Load (0.000460)[0m   [0;1mSELECT * FROM "products" ORDER BY title[0m
Rendering store/index
Completed in 0.00774 (129 reqs/sec) | Rendering: 0.00263 (33%) | DB: 0.00046 (5%) | 200 OK [http://localhost/store]


Processing StoreController#index (for 127.0.0.1 at 2008-11-13 14:00:00) [GET]
  Session ID: BAh7BzoMY3NyZl9pZCIlZTUyYTA0OWY5ODMxNjU5OTliOGE1N2QyNDVmM2Rj
ZDEiCmZsYXNoSUM6J0FjdGlvbkNvbnRyb2xsZXI6OkZsYXNoOjpGbGFzaEhh
c2h7AAY6CkB1c2VkewA=--289cccd2725f4686b148a1b8b601f1f915985436
  Parameters: {"action"=>"index", "controller"=>"store"}
  [4;35;1mProduct Load (0.000444)[0m   [0mSELECT * FROM "products" ORDER BY title[0m
Rendering store/index
Completed in 0.00793 (126 reqs/sec) | Rendering: 0.00296 (37%) | DB: 0.00044 (5%) | 200 OK [http://localhost/store]
