!SESSION 2011-01-11 20:56:12.902 -----------------------------------------------
eclipse.buildId=unknown
java.version=1.6.0_22
java.vendor=Apple Inc.
BootLoader constants: OS=macosx, ARCH=x86_64, WS=cocoa, NL=en_US
Command-line arguments:  -console -configuration equinox

!ENTRY com.dudewheresmyjar.domain 4 0 2011-01-11 20:56:13.623
!MESSAGE 
!STACK 0
org.osgi.framework.BundleException: The bundle "com.dudewheresmyjar.domain_1.0.0.SNAPSHOTs [1]" could not be resolved. Reason: Missing Constraint: Import-Package: org.compass.annotations; version="0.0.0"
	at org.eclipse.osgi.framework.internal.core.AbstractBundle.getResolverError(AbstractBundle.java:1317)
	at org.eclipse.osgi.framework.internal.core.AbstractBundle.getResolutionFailureException(AbstractBundle.java:1301)
	at org.eclipse.osgi.framework.internal.core.BundleHost.startWorker(BundleHost.java:319)
	at org.eclipse.osgi.framework.internal.core.AbstractBundle.resume(AbstractBundle.java:374)
	at org.eclipse.osgi.framework.internal.core.Framework.resumeBundle(Framework.java:1067)
	at org.eclipse.osgi.framework.internal.core.StartLevelManager.resumeBundles(StartLevelManager.java:561)
	at org.eclipse.osgi.framework.internal.core.StartLevelManager.resumeBundles(StartLevelManager.java:546)
	at org.eclipse.osgi.framework.internal.core.StartLevelManager.incFWSL(StartLevelManager.java:459)
	at org.eclipse.osgi.framework.internal.core.StartLevelManager.doSetStartLevel(StartLevelManager.java:243)
	at org.eclipse.osgi.framework.internal.core.StartLevelManager.dispatchEvent(StartLevelManager.java:440)
	at org.eclipse.osgi.framework.eventmgr.EventManager.dispatchEvent(EventManager.java:227)
	at org.eclipse.osgi.framework.eventmgr.EventManager$EventThread.run(EventManager.java:337)

!ENTRY org.eclipse.osgi 4 0 2011-01-11 20:56:13.626
!MESSAGE Bundle initial@reference:file:../bundles/com.dudewheresmyjar.domain_1.0.0.SNAPSHOTs.jar/ was not resolved.
