/!\ FAILSAFE /!\  Sun Nov 08 18:17:09 -0500 2009
  Status: 500 Internal Server Error
  Can't connect to local MySQL server through socket '/tmp/mysql.sock' (2)
    /Users/John/.gem/ruby/1.8/gems/activerecord-2.3.4/lib/active_record/connection_adapters/mysql_adapter.rb:585:in `real_connect'
    /Users/John/.gem/ruby/1.8/gems/activerecord-2.3.4/lib/active_record/connection_adapters/mysql_adapter.rb:585:in `connect'
    /Users/John/.gem/ruby/1.8/gems/activerecord-2.3.4/lib/active_record/connection_adapters/mysql_adapter.rb:199:in `initialize'
    /Users/John/.gem/ruby/1.8/gems/activerecord-2.3.4/lib/active_record/connection_adapters/mysql_adapter.rb:71:in `new'
    /Users/John/.gem/ruby/1.8/gems/activerecord-2.3.4/lib/active_record/connection_adapters/mysql_adapter.rb:71:in `mysql_connection'
    /Users/John/.gem/ruby/1.8/gems/activerecord-2.3.4/lib/active_record/connection_adapters/abstract/connection_pool.rb:223:in `send'
    /Users/John/.gem/ruby/1.8/gems/activerecord-2.3.4/lib/active_record/connection_adapters/abstract/connection_pool.rb:223:in `new_connection'
    /Users/John/.gem/ruby/1.8/gems/activerecord-2.3.4/lib/active_record/connection_adapters/abstract/connection_pool.rb:245:in `checkout_new_connection'
    /Users/John/.gem/ruby/1.8/gems/activerecord-2.3.4/lib/active_record/connection_adapters/abstract/connection_pool.rb:188:in `checkout'
    /Users/John/.gem/ruby/1.8/gems/activerecord-2.3.4/lib/active_record/connection_adapters/abstract/connection_pool.rb:184:in `loop'
    /Users/John/.gem/ruby/1.8/gems/activerecord-2.3.4/lib/active_record/connection_adapters/abstract/connection_pool.rb:184:in `checkout'
    /System/Library/Frameworks/Ruby.framework/Versions/1.8/usr/lib/ruby/1.8/monitor.rb:242:in `synchronize'
    /Users/John/.gem/ruby/1.8/gems/activerecord-2.3.4/lib/active_record/connection_adapters/abstract/connection_pool.rb:183:in `checkout'
    /Users/John/.gem/ruby/1.8/gems/activerecord-2.3.4/lib/active_record/connection_adapters/abstract/connection_pool.rb:98:in `connection'
    /Users/John/.gem/ruby/1.8/gems/activerecord-2.3.4/lib/active_record/connection_adapters/abstract/connection_pool.rb:326:in `retrieve_connection'
    /Users/John/.gem/ruby/1.8/gems/activerecord-2.3.4/lib/active_record/connection_adapters/abstract/connection_specification.rb:123:in `retrieve_connection'
    /Users/John/.gem/ruby/1.8/gems/activerecord-2.3.4/lib/active_record/connection_adapters/abstract/connection_specification.rb:115:in `connection'
    /Users/John/.gem/ruby/1.8/gems/activerecord-2.3.4/lib/active_record/query_cache.rb:9:in `cache'
    /Users/John/.gem/ruby/1.8/gems/activerecord-2.3.4/lib/active_record/query_cache.rb:28:in `call'
    /Users/John/.gem/ruby/1.8/gems/activerecord-2.3.4/lib/active_record/connection_adapters/abstract/connection_pool.rb:361:in `call'
    /Users/John/.gem/ruby/1.8/gems/rack-1.0.1/lib/rack/head.rb:9:in `call'
    /Users/John/.gem/ruby/1.8/gems/rack-1.0.1/lib/rack/methodoverride.rb:24:in `call'
    /Users/John/.gem/ruby/1.8/gems/actionpack-2.3.4/lib/action_controller/params_parser.rb:15:in `call'
    /Users/John/.gem/ruby/1.8/gems/actionpack-2.3.4/lib/action_controller/session/cookie_store.rb:93:in `call'
    /Users/John/.gem/ruby/1.8/gems/actionpack-2.3.4/lib/action_controller/failsafe.rb:26:in `call'
    /Users/John/.gem/ruby/1.8/gems/rack-1.0.1/lib/rack/lock.rb:11:in `call'
    /Users/John/.gem/ruby/1.8/gems/rack-1.0.1/lib/rack/lock.rb:11:in `synchronize'
    /Users/John/.gem/ruby/1.8/gems/rack-1.0.1/lib/rack/lock.rb:11:in `call'
    /Users/John/.gem/ruby/1.8/gems/actionpack-2.3.4/lib/action_controller/dispatcher.rb:114:in `call'
    /Users/John/.gem/ruby/1.8/gems/actionpack-2.3.4/lib/action_controller/reloader.rb:34:in `run'
    /Users/John/.gem/ruby/1.8/gems/actionpack-2.3.4/lib/action_controller/dispatcher.rb:108:in `call'
    /Users/John/.gem/ruby/1.8/gems/rails-2.3.4/lib/rails/rack/static.rb:31:in `call'
    /Users/John/.gem/ruby/1.8/gems/rack-1.0.1/lib/rack/urlmap.rb:46:in `call'
    /Users/John/.gem/ruby/1.8/gems/rack-1.0.1/lib/rack/urlmap.rb:40:in `each'
    /Users/John/.gem/ruby/1.8/gems/rack-1.0.1/lib/rack/urlmap.rb:40:in `call'
    /Users/John/.gem/ruby/1.8/gems/rails-2.3.4/lib/rails/rack/log_tailer.rb:17:in `call'
    /Users/John/.gem/ruby/1.8/gems/rack-1.0.1/lib/rack/content_length.rb:13:in `call'
    /Users/John/.gem/ruby/1.8/gems/rack-1.0.1/lib/rack/chunked.rb:15:in `call'
    /Users/John/.gem/ruby/1.8/gems/rack-1.0.1/lib/rack/handler/mongrel.rb:64:in `process'
    /System/Library/Frameworks/Ruby.framework/Versions/1.8/usr/lib/ruby/gems/1.8/gems/mongrel-1.1.5/lib/mongrel.rb:159:in `process_client'
    /System/Library/Frameworks/Ruby.framework/Versions/1.8/usr/lib/ruby/gems/1.8/gems/mongrel-1.1.5/lib/mongrel.rb:158:in `each'
    /System/Library/Frameworks/Ruby.framework/Versions/1.8/usr/lib/ruby/gems/1.8/gems/mongrel-1.1.5/lib/mongrel.rb:158:in `process_client'
    /System/Library/Frameworks/Ruby.framework/Versions/1.8/usr/lib/ruby/gems/1.8/gems/mongrel-1.1.5/lib/mongrel.rb:285:in `run'
    /System/Library/Frameworks/Ruby.framework/Versions/1.8/usr/lib/ruby/gems/1.8/gems/mongrel-1.1.5/lib/mongrel.rb:285:in `initialize'
    /System/Library/Frameworks/Ruby.framework/Versions/1.8/usr/lib/ruby/gems/1.8/gems/mongrel-1.1.5/lib/mongrel.rb:285:in `new'
    /System/Library/Frameworks/Ruby.framework/Versions/1.8/usr/lib/ruby/gems/1.8/gems/mongrel-1.1.5/lib/mongrel.rb:285:in `run'
    /System/Library/Frameworks/Ruby.framework/Versions/1.8/usr/lib/ruby/gems/1.8/gems/mongrel-1.1.5/lib/mongrel.rb:268:in `initialize'
    /System/Library/Frameworks/Ruby.framework/Versions/1.8/usr/lib/ruby/gems/1.8/gems/mongrel-1.1.5/lib/mongrel.rb:268:in `new'
    /System/Library/Frameworks/Ruby.framework/Versions/1.8/usr/lib/ruby/gems/1.8/gems/mongrel-1.1.5/lib/mongrel.rb:268:in `run'
    /Users/John/.gem/ruby/1.8/gems/rack-1.0.1/lib/rack/handler/mongrel.rb:34:in `run'
    /Users/John/.gem/ruby/1.8/gems/rails-2.3.4/lib/commands/server.rb:111
    /Library/Ruby/Site/1.8/rubygems/custom_require.rb:31:in `gem_original_require'
    /Library/Ruby/Site/1.8/rubygems/custom_require.rb:31:in `require'
    script/server:3
/!\ FAILSAFE /!\  Sun Nov 08 18:17:29 -0500 2009
  Status: 500 Internal Server Error
  Can't connect to local MySQL server through socket '/tmp/mysql.sock' (2)
    /Users/John/.gem/ruby/1.8/gems/activerecord-2.3.4/lib/active_record/connection_adapters/mysql_adapter.rb:585:in `real_connect'
    /Users/John/.gem/ruby/1.8/gems/activerecord-2.3.4/lib/active_record/connection_adapters/mysql_adapter.rb:585:in `connect'
    /Users/John/.gem/ruby/1.8/gems/activerecord-2.3.4/lib/active_record/connection_adapters/mysql_adapter.rb:199:in `initialize'
    /Users/John/.gem/ruby/1.8/gems/activerecord-2.3.4/lib/active_record/connection_adapters/mysql_adapter.rb:71:in `new'
    /Users/John/.gem/ruby/1.8/gems/activerecord-2.3.4/lib/active_record/connection_adapters/mysql_adapter.rb:71:in `mysql_connection'
    /Users/John/.gem/ruby/1.8/gems/activerecord-2.3.4/lib/active_record/connection_adapters/abstract/connection_pool.rb:223:in `send'
    /Users/John/.gem/ruby/1.8/gems/activerecord-2.3.4/lib/active_record/connection_adapters/abstract/connection_pool.rb:223:in `new_connection'
    /Users/John/.gem/ruby/1.8/gems/activerecord-2.3.4/lib/active_record/connection_adapters/abstract/connection_pool.rb:245:in `checkout_new_connection'
    /Users/John/.gem/ruby/1.8/gems/activerecord-2.3.4/lib/active_record/connection_adapters/abstract/connection_pool.rb:188:in `checkout'
    /Users/John/.gem/ruby/1.8/gems/activerecord-2.3.4/lib/active_record/connection_adapters/abstract/connection_pool.rb:184:in `loop'
    /Users/John/.gem/ruby/1.8/gems/activerecord-2.3.4/lib/active_record/connection_adapters/abstract/connection_pool.rb:184:in `checkout'
    /System/Library/Frameworks/Ruby.framework/Versions/1.8/usr/lib/ruby/1.8/monitor.rb:242:in `synchronize'
    /Users/John/.gem/ruby/1.8/gems/activerecord-2.3.4/lib/active_record/connection_adapters/abstract/connection_pool.rb:183:in `checkout'
    /Users/John/.gem/ruby/1.8/gems/activerecord-2.3.4/lib/active_record/connection_adapters/abstract/connection_pool.rb:98:in `connection'
    /Users/John/.gem/ruby/1.8/gems/activerecord-2.3.4/lib/active_record/connection_adapters/abstract/connection_pool.rb:326:in `retrieve_connection'
    /Users/John/.gem/ruby/1.8/gems/activerecord-2.3.4/lib/active_record/connection_adapters/abstract/connection_specification.rb:123:in `retrieve_connection'
    /Users/John/.gem/ruby/1.8/gems/activerecord-2.3.4/lib/active_record/connection_adapters/abstract/connection_specification.rb:115:in `connection'
    /Users/John/.gem/ruby/1.8/gems/activerecord-2.3.4/lib/active_record/query_cache.rb:9:in `cache'
    /Users/John/.gem/ruby/1.8/gems/activerecord-2.3.4/lib/active_record/query_cache.rb:28:in `call'
    /Users/John/.gem/ruby/1.8/gems/activerecord-2.3.4/lib/active_record/connection_adapters/abstract/connection_pool.rb:361:in `call'
    /Users/John/.gem/ruby/1.8/gems/rack-1.0.1/lib/rack/head.rb:9:in `call'
    /Users/John/.gem/ruby/1.8/gems/rack-1.0.1/lib/rack/methodoverride.rb:24:in `call'
    /Users/John/.gem/ruby/1.8/gems/actionpack-2.3.4/lib/action_controller/params_parser.rb:15:in `call'
    /Users/John/.gem/ruby/1.8/gems/actionpack-2.3.4/lib/action_controller/session/cookie_store.rb:93:in `call'
    /Users/John/.gem/ruby/1.8/gems/actionpack-2.3.4/lib/action_controller/failsafe.rb:26:in `call'
    /Users/John/.gem/ruby/1.8/gems/rack-1.0.1/lib/rack/lock.rb:11:in `call'
    /Users/John/.gem/ruby/1.8/gems/rack-1.0.1/lib/rack/lock.rb:11:in `synchronize'
    /Users/John/.gem/ruby/1.8/gems/rack-1.0.1/lib/rack/lock.rb:11:in `call'
    /Users/John/.gem/ruby/1.8/gems/actionpack-2.3.4/lib/action_controller/dispatcher.rb:114:in `call'
    /Users/John/.gem/ruby/1.8/gems/actionpack-2.3.4/lib/action_controller/reloader.rb:34:in `run'
    /Users/John/.gem/ruby/1.8/gems/actionpack-2.3.4/lib/action_controller/dispatcher.rb:108:in `call'
    /Users/John/.gem/ruby/1.8/gems/rails-2.3.4/lib/rails/rack/static.rb:31:in `call'
    /Users/John/.gem/ruby/1.8/gems/rack-1.0.1/lib/rack/urlmap.rb:46:in `call'
    /Users/John/.gem/ruby/1.8/gems/rack-1.0.1/lib/rack/urlmap.rb:40:in `each'
    /Users/John/.gem/ruby/1.8/gems/rack-1.0.1/lib/rack/urlmap.rb:40:in `call'
    /Users/John/.gem/ruby/1.8/gems/rails-2.3.4/lib/rails/rack/log_tailer.rb:17:in `call'
    /Users/John/.gem/ruby/1.8/gems/rack-1.0.1/lib/rack/content_length.rb:13:in `call'
    /Users/John/.gem/ruby/1.8/gems/rack-1.0.1/lib/rack/chunked.rb:15:in `call'
    /Users/John/.gem/ruby/1.8/gems/rack-1.0.1/lib/rack/handler/mongrel.rb:64:in `process'
    /System/Library/Frameworks/Ruby.framework/Versions/1.8/usr/lib/ruby/gems/1.8/gems/mongrel-1.1.5/lib/mongrel.rb:159:in `process_client'
    /System/Library/Frameworks/Ruby.framework/Versions/1.8/usr/lib/ruby/gems/1.8/gems/mongrel-1.1.5/lib/mongrel.rb:158:in `each'
    /System/Library/Frameworks/Ruby.framework/Versions/1.8/usr/lib/ruby/gems/1.8/gems/mongrel-1.1.5/lib/mongrel.rb:158:in `process_client'
    /System/Library/Frameworks/Ruby.framework/Versions/1.8/usr/lib/ruby/gems/1.8/gems/mongrel-1.1.5/lib/mongrel.rb:285:in `run'
    /System/Library/Frameworks/Ruby.framework/Versions/1.8/usr/lib/ruby/gems/1.8/gems/mongrel-1.1.5/lib/mongrel.rb:285:in `initialize'
    /System/Library/Frameworks/Ruby.framework/Versions/1.8/usr/lib/ruby/gems/1.8/gems/mongrel-1.1.5/lib/mongrel.rb:285:in `new'
    /System/Library/Frameworks/Ruby.framework/Versions/1.8/usr/lib/ruby/gems/1.8/gems/mongrel-1.1.5/lib/mongrel.rb:285:in `run'
    /System/Library/Frameworks/Ruby.framework/Versions/1.8/usr/lib/ruby/gems/1.8/gems/mongrel-1.1.5/lib/mongrel.rb:268:in `initialize'
    /System/Library/Frameworks/Ruby.framework/Versions/1.8/usr/lib/ruby/gems/1.8/gems/mongrel-1.1.5/lib/mongrel.rb:268:in `new'
    /System/Library/Frameworks/Ruby.framework/Versions/1.8/usr/lib/ruby/gems/1.8/gems/mongrel-1.1.5/lib/mongrel.rb:268:in `run'
    /Users/John/.gem/ruby/1.8/gems/rack-1.0.1/lib/rack/handler/mongrel.rb:34:in `run'
    /Users/John/.gem/ruby/1.8/gems/rails-2.3.4/lib/commands/server.rb:111
    /Library/Ruby/Site/1.8/rubygems/custom_require.rb:31:in `gem_original_require'
    /Library/Ruby/Site/1.8/rubygems/custom_require.rb:31:in `require'
    script/server:3
/!\ FAILSAFE /!\  Sun Nov 08 18:17:36 -0500 2009
  Status: 500 Internal Server Error
  Can't connect to local MySQL server through socket '/tmp/mysql.sock' (2)
    /Users/John/.gem/ruby/1.8/gems/activerecord-2.3.4/lib/active_record/connection_adapters/mysql_adapter.rb:585:in `real_connect'
    /Users/John/.gem/ruby/1.8/gems/activerecord-2.3.4/lib/active_record/connection_adapters/mysql_adapter.rb:585:in `connect'
    /Users/John/.gem/ruby/1.8/gems/activerecord-2.3.4/lib/active_record/connection_adapters/mysql_adapter.rb:199:in `initialize'
    /Users/John/.gem/ruby/1.8/gems/activerecord-2.3.4/lib/active_record/connection_adapters/mysql_adapter.rb:71:in `new'
    /Users/John/.gem/ruby/1.8/gems/activerecord-2.3.4/lib/active_record/connection_adapters/mysql_adapter.rb:71:in `mysql_connection'
    /Users/John/.gem/ruby/1.8/gems/activerecord-2.3.4/lib/active_record/connection_adapters/abstract/connection_pool.rb:223:in `send'
    /Users/John/.gem/ruby/1.8/gems/activerecord-2.3.4/lib/active_record/connection_adapters/abstract/connection_pool.rb:223:in `new_connection'
    /Users/John/.gem/ruby/1.8/gems/activerecord-2.3.4/lib/active_record/connection_adapters/abstract/connection_pool.rb:245:in `checkout_new_connection'
    /Users/John/.gem/ruby/1.8/gems/activerecord-2.3.4/lib/active_record/connection_adapters/abstract/connection_pool.rb:188:in `checkout'
    /Users/John/.gem/ruby/1.8/gems/activerecord-2.3.4/lib/active_record/connection_adapters/abstract/connection_pool.rb:184:in `loop'
    /Users/John/.gem/ruby/1.8/gems/activerecord-2.3.4/lib/active_record/connection_adapters/abstract/connection_pool.rb:184:in `checkout'
    /System/Library/Frameworks/Ruby.framework/Versions/1.8/usr/lib/ruby/1.8/monitor.rb:242:in `synchronize'
    /Users/John/.gem/ruby/1.8/gems/activerecord-2.3.4/lib/active_record/connection_adapters/abstract/connection_pool.rb:183:in `checkout'
    /Users/John/.gem/ruby/1.8/gems/activerecord-2.3.4/lib/active_record/connection_adapters/abstract/connection_pool.rb:98:in `connection'
    /Users/John/.gem/ruby/1.8/gems/activerecord-2.3.4/lib/active_record/connection_adapters/abstract/connection_pool.rb:326:in `retrieve_connection'
    /Users/John/.gem/ruby/1.8/gems/activerecord-2.3.4/lib/active_record/connection_adapters/abstract/connection_specification.rb:123:in `retrieve_connection'
    /Users/John/.gem/ruby/1.8/gems/activerecord-2.3.4/lib/active_record/connection_adapters/abstract/connection_specification.rb:115:in `connection'
    /Users/John/.gem/ruby/1.8/gems/activerecord-2.3.4/lib/active_record/query_cache.rb:9:in `cache'
    /Users/John/.gem/ruby/1.8/gems/activerecord-2.3.4/lib/active_record/query_cache.rb:28:in `call'
    /Users/John/.gem/ruby/1.8/gems/activerecord-2.3.4/lib/active_record/connection_adapters/abstract/connection_pool.rb:361:in `call'
    /Users/John/.gem/ruby/1.8/gems/rack-1.0.1/lib/rack/head.rb:9:in `call'
    /Users/John/.gem/ruby/1.8/gems/rack-1.0.1/lib/rack/methodoverride.rb:24:in `call'
    /Users/John/.gem/ruby/1.8/gems/actionpack-2.3.4/lib/action_controller/params_parser.rb:15:in `call'
    /Users/John/.gem/ruby/1.8/gems/actionpack-2.3.4/lib/action_controller/session/cookie_store.rb:93:in `call'
    /Users/John/.gem/ruby/1.8/gems/actionpack-2.3.4/lib/action_controller/failsafe.rb:26:in `call'
    /Users/John/.gem/ruby/1.8/gems/rack-1.0.1/lib/rack/lock.rb:11:in `call'
    /Users/John/.gem/ruby/1.8/gems/rack-1.0.1/lib/rack/lock.rb:11:in `synchronize'
    /Users/John/.gem/ruby/1.8/gems/rack-1.0.1/lib/rack/lock.rb:11:in `call'
    /Users/John/.gem/ruby/1.8/gems/actionpack-2.3.4/lib/action_controller/dispatcher.rb:114:in `call'
    /Users/John/.gem/ruby/1.8/gems/actionpack-2.3.4/lib/action_controller/reloader.rb:34:in `run'
    /Users/John/.gem/ruby/1.8/gems/actionpack-2.3.4/lib/action_controller/dispatcher.rb:108:in `call'
    /Users/John/.gem/ruby/1.8/gems/rails-2.3.4/lib/rails/rack/static.rb:31:in `call'
    /Users/John/.gem/ruby/1.8/gems/rack-1.0.1/lib/rack/urlmap.rb:46:in `call'
    /Users/John/.gem/ruby/1.8/gems/rack-1.0.1/lib/rack/urlmap.rb:40:in `each'
    /Users/John/.gem/ruby/1.8/gems/rack-1.0.1/lib/rack/urlmap.rb:40:in `call'
    /Users/John/.gem/ruby/1.8/gems/rails-2.3.4/lib/rails/rack/log_tailer.rb:17:in `call'
    /Users/John/.gem/ruby/1.8/gems/rack-1.0.1/lib/rack/content_length.rb:13:in `call'
    /Users/John/.gem/ruby/1.8/gems/rack-1.0.1/lib/rack/chunked.rb:15:in `call'
    /Users/John/.gem/ruby/1.8/gems/rack-1.0.1/lib/rack/handler/mongrel.rb:64:in `process'
    /System/Library/Frameworks/Ruby.framework/Versions/1.8/usr/lib/ruby/gems/1.8/gems/mongrel-1.1.5/lib/mongrel.rb:159:in `process_client'
    /System/Library/Frameworks/Ruby.framework/Versions/1.8/usr/lib/ruby/gems/1.8/gems/mongrel-1.1.5/lib/mongrel.rb:158:in `each'
    /System/Library/Frameworks/Ruby.framework/Versions/1.8/usr/lib/ruby/gems/1.8/gems/mongrel-1.1.5/lib/mongrel.rb:158:in `process_client'
    /System/Library/Frameworks/Ruby.framework/Versions/1.8/usr/lib/ruby/gems/1.8/gems/mongrel-1.1.5/lib/mongrel.rb:285:in `run'
    /System/Library/Frameworks/Ruby.framework/Versions/1.8/usr/lib/ruby/gems/1.8/gems/mongrel-1.1.5/lib/mongrel.rb:285:in `initialize'
    /System/Library/Frameworks/Ruby.framework/Versions/1.8/usr/lib/ruby/gems/1.8/gems/mongrel-1.1.5/lib/mongrel.rb:285:in `new'
    /System/Library/Frameworks/Ruby.framework/Versions/1.8/usr/lib/ruby/gems/1.8/gems/mongrel-1.1.5/lib/mongrel.rb:285:in `run'
    /System/Library/Frameworks/Ruby.framework/Versions/1.8/usr/lib/ruby/gems/1.8/gems/mongrel-1.1.5/lib/mongrel.rb:268:in `initialize'
    /System/Library/Frameworks/Ruby.framework/Versions/1.8/usr/lib/ruby/gems/1.8/gems/mongrel-1.1.5/lib/mongrel.rb:268:in `new'
    /System/Library/Frameworks/Ruby.framework/Versions/1.8/usr/lib/ruby/gems/1.8/gems/mongrel-1.1.5/lib/mongrel.rb:268:in `run'
    /Users/John/.gem/ruby/1.8/gems/rack-1.0.1/lib/rack/handler/mongrel.rb:34:in `run'
    /Users/John/.gem/ruby/1.8/gems/rails-2.3.4/lib/commands/server.rb:111
    /Library/Ruby/Site/1.8/rubygems/custom_require.rb:31:in `gem_original_require'
    /Library/Ruby/Site/1.8/rubygems/custom_require.rb:31:in `require'
    script/server:3
/!\ FAILSAFE /!\  Sun Nov 08 18:17:54 -0500 2009
  Status: 500 Internal Server Error
  Can't connect to local MySQL server through socket '/tmp/mysql.sock' (2)
    /Users/John/.gem/ruby/1.8/gems/activerecord-2.3.4/lib/active_record/connection_adapters/mysql_adapter.rb:585:in `real_connect'
    /Users/John/.gem/ruby/1.8/gems/activerecord-2.3.4/lib/active_record/connection_adapters/mysql_adapter.rb:585:in `connect'
    /Users/John/.gem/ruby/1.8/gems/activerecord-2.3.4/lib/active_record/connection_adapters/mysql_adapter.rb:199:in `initialize'
    /Users/John/.gem/ruby/1.8/gems/activerecord-2.3.4/lib/active_record/connection_adapters/mysql_adapter.rb:71:in `new'
    /Users/John/.gem/ruby/1.8/gems/activerecord-2.3.4/lib/active_record/connection_adapters/mysql_adapter.rb:71:in `mysql_connection'
    /Users/John/.gem/ruby/1.8/gems/activerecord-2.3.4/lib/active_record/connection_adapters/abstract/connection_pool.rb:223:in `send'
    /Users/John/.gem/ruby/1.8/gems/activerecord-2.3.4/lib/active_record/connection_adapters/abstract/connection_pool.rb:223:in `new_connection'
    /Users/John/.gem/ruby/1.8/gems/activerecord-2.3.4/lib/active_record/connection_adapters/abstract/connection_pool.rb:245:in `checkout_new_connection'
    /Users/John/.gem/ruby/1.8/gems/activerecord-2.3.4/lib/active_record/connection_adapters/abstract/connection_pool.rb:188:in `checkout'
    /Users/John/.gem/ruby/1.8/gems/activerecord-2.3.4/lib/active_record/connection_adapters/abstract/connection_pool.rb:184:in `loop'
    /Users/John/.gem/ruby/1.8/gems/activerecord-2.3.4/lib/active_record/connection_adapters/abstract/connection_pool.rb:184:in `checkout'
    /System/Library/Frameworks/Ruby.framework/Versions/1.8/usr/lib/ruby/1.8/monitor.rb:242:in `synchronize'
    /Users/John/.gem/ruby/1.8/gems/activerecord-2.3.4/lib/active_record/connection_adapters/abstract/connection_pool.rb:183:in `checkout'
    /Users/John/.gem/ruby/1.8/gems/activerecord-2.3.4/lib/active_record/connection_adapters/abstract/connection_pool.rb:98:in `connection'
    /Users/John/.gem/ruby/1.8/gems/activerecord-2.3.4/lib/active_record/connection_adapters/abstract/connection_pool.rb:326:in `retrieve_connection'
    /Users/John/.gem/ruby/1.8/gems/activerecord-2.3.4/lib/active_record/connection_adapters/abstract/connection_specification.rb:123:in `retrieve_connection'
    /Users/John/.gem/ruby/1.8/gems/activerecord-2.3.4/lib/active_record/connection_adapters/abstract/connection_specification.rb:115:in `connection'
    /Users/John/.gem/ruby/1.8/gems/activerecord-2.3.4/lib/active_record/query_cache.rb:9:in `cache'
    /Users/John/.gem/ruby/1.8/gems/activerecord-2.3.4/lib/active_record/query_cache.rb:28:in `call'
    /Users/John/.gem/ruby/1.8/gems/activerecord-2.3.4/lib/active_record/connection_adapters/abstract/connection_pool.rb:361:in `call'
    /Users/John/.gem/ruby/1.8/gems/rack-1.0.1/lib/rack/head.rb:9:in `call'
    /Users/John/.gem/ruby/1.8/gems/rack-1.0.1/lib/rack/methodoverride.rb:24:in `call'
    /Users/John/.gem/ruby/1.8/gems/actionpack-2.3.4/lib/action_controller/params_parser.rb:15:in `call'
    /Users/John/.gem/ruby/1.8/gems/actionpack-2.3.4/lib/action_controller/session/cookie_store.rb:93:in `call'
    /Users/John/.gem/ruby/1.8/gems/actionpack-2.3.4/lib/action_controller/failsafe.rb:26:in `call'
    /Users/John/.gem/ruby/1.8/gems/rack-1.0.1/lib/rack/lock.rb:11:in `call'
    /Users/John/.gem/ruby/1.8/gems/rack-1.0.1/lib/rack/lock.rb:11:in `synchronize'
    /Users/John/.gem/ruby/1.8/gems/rack-1.0.1/lib/rack/lock.rb:11:in `call'
    /Users/John/.gem/ruby/1.8/gems/actionpack-2.3.4/lib/action_controller/dispatcher.rb:114:in `call'
    /Users/John/.gem/ruby/1.8/gems/actionpack-2.3.4/lib/action_controller/reloader.rb:34:in `run'
    /Users/John/.gem/ruby/1.8/gems/actionpack-2.3.4/lib/action_controller/dispatcher.rb:108:in `call'
    /Users/John/.gem/ruby/1.8/gems/rails-2.3.4/lib/rails/rack/static.rb:31:in `call'
    /Users/John/.gem/ruby/1.8/gems/rack-1.0.1/lib/rack/urlmap.rb:46:in `call'
    /Users/John/.gem/ruby/1.8/gems/rack-1.0.1/lib/rack/urlmap.rb:40:in `each'
    /Users/John/.gem/ruby/1.8/gems/rack-1.0.1/lib/rack/urlmap.rb:40:in `call'
    /Users/John/.gem/ruby/1.8/gems/rails-2.3.4/lib/rails/rack/log_tailer.rb:17:in `call'
    /Users/John/.gem/ruby/1.8/gems/rack-1.0.1/lib/rack/content_length.rb:13:in `call'
    /Users/John/.gem/ruby/1.8/gems/rack-1.0.1/lib/rack/chunked.rb:15:in `call'
    /Users/John/.gem/ruby/1.8/gems/rack-1.0.1/lib/rack/handler/mongrel.rb:64:in `process'
    /System/Library/Frameworks/Ruby.framework/Versions/1.8/usr/lib/ruby/gems/1.8/gems/mongrel-1.1.5/lib/mongrel.rb:159:in `process_client'
    /System/Library/Frameworks/Ruby.framework/Versions/1.8/usr/lib/ruby/gems/1.8/gems/mongrel-1.1.5/lib/mongrel.rb:158:in `each'
    /System/Library/Frameworks/Ruby.framework/Versions/1.8/usr/lib/ruby/gems/1.8/gems/mongrel-1.1.5/lib/mongrel.rb:158:in `process_client'
    /System/Library/Frameworks/Ruby.framework/Versions/1.8/usr/lib/ruby/gems/1.8/gems/mongrel-1.1.5/lib/mongrel.rb:285:in `run'
    /System/Library/Frameworks/Ruby.framework/Versions/1.8/usr/lib/ruby/gems/1.8/gems/mongrel-1.1.5/lib/mongrel.rb:285:in `initialize'
    /System/Library/Frameworks/Ruby.framework/Versions/1.8/usr/lib/ruby/gems/1.8/gems/mongrel-1.1.5/lib/mongrel.rb:285:in `new'
    /System/Library/Frameworks/Ruby.framework/Versions/1.8/usr/lib/ruby/gems/1.8/gems/mongrel-1.1.5/lib/mongrel.rb:285:in `run'
    /System/Library/Frameworks/Ruby.framework/Versions/1.8/usr/lib/ruby/gems/1.8/gems/mongrel-1.1.5/lib/mongrel.rb:268:in `initialize'
    /System/Library/Frameworks/Ruby.framework/Versions/1.8/usr/lib/ruby/gems/1.8/gems/mongrel-1.1.5/lib/mongrel.rb:268:in `new'
    /System/Library/Frameworks/Ruby.framework/Versions/1.8/usr/lib/ruby/gems/1.8/gems/mongrel-1.1.5/lib/mongrel.rb:268:in `run'
    /Users/John/.gem/ruby/1.8/gems/rack-1.0.1/lib/rack/handler/mongrel.rb:34:in `run'
    /Users/John/.gem/ruby/1.8/gems/rails-2.3.4/lib/commands/server.rb:111
    /Library/Ruby/Site/1.8/rubygems/custom_require.rb:31:in `gem_original_require'
    /Library/Ruby/Site/1.8/rubygems/custom_require.rb:31:in `require'
    script/server:3
/!\ FAILSAFE /!\  Sun Nov 08 18:17:58 -0500 2009
  Status: 500 Internal Server Error
  Can't connect to local MySQL server through socket '/tmp/mysql.sock' (2)
    /Users/John/.gem/ruby/1.8/gems/activerecord-2.3.4/lib/active_record/connection_adapters/mysql_adapter.rb:585:in `real_connect'
    /Users/John/.gem/ruby/1.8/gems/activerecord-2.3.4/lib/active_record/connection_adapters/mysql_adapter.rb:585:in `connect'
    /Users/John/.gem/ruby/1.8/gems/activerecord-2.3.4/lib/active_record/connection_adapters/mysql_adapter.rb:199:in `initialize'
    /Users/John/.gem/ruby/1.8/gems/activerecord-2.3.4/lib/active_record/connection_adapters/mysql_adapter.rb:71:in `new'
    /Users/John/.gem/ruby/1.8/gems/activerecord-2.3.4/lib/active_record/connection_adapters/mysql_adapter.rb:71:in `mysql_connection'
    /Users/John/.gem/ruby/1.8/gems/activerecord-2.3.4/lib/active_record/connection_adapters/abstract/connection_pool.rb:223:in `send'
    /Users/John/.gem/ruby/1.8/gems/activerecord-2.3.4/lib/active_record/connection_adapters/abstract/connection_pool.rb:223:in `new_connection'
    /Users/John/.gem/ruby/1.8/gems/activerecord-2.3.4/lib/active_record/connection_adapters/abstract/connection_pool.rb:245:in `checkout_new_connection'
    /Users/John/.gem/ruby/1.8/gems/activerecord-2.3.4/lib/active_record/connection_adapters/abstract/connection_pool.rb:188:in `checkout'
    /Users/John/.gem/ruby/1.8/gems/activerecord-2.3.4/lib/active_record/connection_adapters/abstract/connection_pool.rb:184:in `loop'
    /Users/John/.gem/ruby/1.8/gems/activerecord-2.3.4/lib/active_record/connection_adapters/abstract/connection_pool.rb:184:in `checkout'
    /System/Library/Frameworks/Ruby.framework/Versions/1.8/usr/lib/ruby/1.8/monitor.rb:242:in `synchronize'
    /Users/John/.gem/ruby/1.8/gems/activerecord-2.3.4/lib/active_record/connection_adapters/abstract/connection_pool.rb:183:in `checkout'
    /Users/John/.gem/ruby/1.8/gems/activerecord-2.3.4/lib/active_record/connection_adapters/abstract/connection_pool.rb:98:in `connection'
    /Users/John/.gem/ruby/1.8/gems/activerecord-2.3.4/lib/active_record/connection_adapters/abstract/connection_pool.rb:326:in `retrieve_connection'
    /Users/John/.gem/ruby/1.8/gems/activerecord-2.3.4/lib/active_record/connection_adapters/abstract/connection_specification.rb:123:in `retrieve_connection'
    /Users/John/.gem/ruby/1.8/gems/activerecord-2.3.4/lib/active_record/connection_adapters/abstract/connection_specification.rb:115:in `connection'
    /Users/John/.gem/ruby/1.8/gems/activerecord-2.3.4/lib/active_record/query_cache.rb:9:in `cache'
    /Users/John/.gem/ruby/1.8/gems/activerecord-2.3.4/lib/active_record/query_cache.rb:28:in `call'
    /Users/John/.gem/ruby/1.8/gems/activerecord-2.3.4/lib/active_record/connection_adapters/abstract/connection_pool.rb:361:in `call'
    /Users/John/.gem/ruby/1.8/gems/rack-1.0.1/lib/rack/head.rb:9:in `call'
    /Users/John/.gem/ruby/1.8/gems/rack-1.0.1/lib/rack/methodoverride.rb:24:in `call'
    /Users/John/.gem/ruby/1.8/gems/actionpack-2.3.4/lib/action_controller/params_parser.rb:15:in `call'
    /Users/John/.gem/ruby/1.8/gems/actionpack-2.3.4/lib/action_controller/session/cookie_store.rb:93:in `call'
    /Users/John/.gem/ruby/1.8/gems/actionpack-2.3.4/lib/action_controller/failsafe.rb:26:in `call'
    /Users/John/.gem/ruby/1.8/gems/rack-1.0.1/lib/rack/lock.rb:11:in `call'
    /Users/John/.gem/ruby/1.8/gems/rack-1.0.1/lib/rack/lock.rb:11:in `synchronize'
    /Users/John/.gem/ruby/1.8/gems/rack-1.0.1/lib/rack/lock.rb:11:in `call'
    /Users/John/.gem/ruby/1.8/gems/actionpack-2.3.4/lib/action_controller/dispatcher.rb:114:in `call'
    /Users/John/.gem/ruby/1.8/gems/actionpack-2.3.4/lib/action_controller/reloader.rb:34:in `run'
    /Users/John/.gem/ruby/1.8/gems/actionpack-2.3.4/lib/action_controller/dispatcher.rb:108:in `call'
    /Users/John/.gem/ruby/1.8/gems/rails-2.3.4/lib/rails/rack/static.rb:31:in `call'
    /Users/John/.gem/ruby/1.8/gems/rack-1.0.1/lib/rack/urlmap.rb:46:in `call'
    /Users/John/.gem/ruby/1.8/gems/rack-1.0.1/lib/rack/urlmap.rb:40:in `each'
    /Users/John/.gem/ruby/1.8/gems/rack-1.0.1/lib/rack/urlmap.rb:40:in `call'
    /Users/John/.gem/ruby/1.8/gems/rails-2.3.4/lib/rails/rack/log_tailer.rb:17:in `call'
    /Users/John/.gem/ruby/1.8/gems/rack-1.0.1/lib/rack/content_length.rb:13:in `call'
    /Users/John/.gem/ruby/1.8/gems/rack-1.0.1/lib/rack/chunked.rb:15:in `call'
    /Users/John/.gem/ruby/1.8/gems/rack-1.0.1/lib/rack/handler/mongrel.rb:64:in `process'
    /System/Library/Frameworks/Ruby.framework/Versions/1.8/usr/lib/ruby/gems/1.8/gems/mongrel-1.1.5/lib/mongrel.rb:159:in `process_client'
    /System/Library/Frameworks/Ruby.framework/Versions/1.8/usr/lib/ruby/gems/1.8/gems/mongrel-1.1.5/lib/mongrel.rb:158:in `each'
    /System/Library/Frameworks/Ruby.framework/Versions/1.8/usr/lib/ruby/gems/1.8/gems/mongrel-1.1.5/lib/mongrel.rb:158:in `process_client'
    /System/Library/Frameworks/Ruby.framework/Versions/1.8/usr/lib/ruby/gems/1.8/gems/mongrel-1.1.5/lib/mongrel.rb:285:in `run'
    /System/Library/Frameworks/Ruby.framework/Versions/1.8/usr/lib/ruby/gems/1.8/gems/mongrel-1.1.5/lib/mongrel.rb:285:in `initialize'
    /System/Library/Frameworks/Ruby.framework/Versions/1.8/usr/lib/ruby/gems/1.8/gems/mongrel-1.1.5/lib/mongrel.rb:285:in `new'
    /System/Library/Frameworks/Ruby.framework/Versions/1.8/usr/lib/ruby/gems/1.8/gems/mongrel-1.1.5/lib/mongrel.rb:285:in `run'
    /System/Library/Frameworks/Ruby.framework/Versions/1.8/usr/lib/ruby/gems/1.8/gems/mongrel-1.1.5/lib/mongrel.rb:268:in `initialize'
    /System/Library/Frameworks/Ruby.framework/Versions/1.8/usr/lib/ruby/gems/1.8/gems/mongrel-1.1.5/lib/mongrel.rb:268:in `new'
    /System/Library/Frameworks/Ruby.framework/Versions/1.8/usr/lib/ruby/gems/1.8/gems/mongrel-1.1.5/lib/mongrel.rb:268:in `run'
    /Users/John/.gem/ruby/1.8/gems/rack-1.0.1/lib/rack/handler/mongrel.rb:34:in `run'
    /Users/John/.gem/ruby/1.8/gems/rails-2.3.4/lib/commands/server.rb:111
    /Library/Ruby/Site/1.8/rubygems/custom_require.rb:31:in `gem_original_require'
    /Library/Ruby/Site/1.8/rubygems/custom_require.rb:31:in `require'
    script/server:3
/!\ FAILSAFE /!\  Sun Nov 08 18:18:21 -0500 2009
  Status: 500 Internal Server Error
  Can't connect to local MySQL server through socket '/tmp/mysql.sock' (2)
    /Users/John/.gem/ruby/1.8/gems/activerecord-2.3.4/lib/active_record/connection_adapters/mysql_adapter.rb:585:in `real_connect'
    /Users/John/.gem/ruby/1.8/gems/activerecord-2.3.4/lib/active_record/connection_adapters/mysql_adapter.rb:585:in `connect'
    /Users/John/.gem/ruby/1.8/gems/activerecord-2.3.4/lib/active_record/connection_adapters/mysql_adapter.rb:199:in `initialize'
    /Users/John/.gem/ruby/1.8/gems/activerecord-2.3.4/lib/active_record/connection_adapters/mysql_adapter.rb:71:in `new'
    /Users/John/.gem/ruby/1.8/gems/activerecord-2.3.4/lib/active_record/connection_adapters/mysql_adapter.rb:71:in `mysql_connection'
    /Users/John/.gem/ruby/1.8/gems/activerecord-2.3.4/lib/active_record/connection_adapters/abstract/connection_pool.rb:223:in `send'
    /Users/John/.gem/ruby/1.8/gems/activerecord-2.3.4/lib/active_record/connection_adapters/abstract/connection_pool.rb:223:in `new_connection'
    /Users/John/.gem/ruby/1.8/gems/activerecord-2.3.4/lib/active_record/connection_adapters/abstract/connection_pool.rb:245:in `checkout_new_connection'
    /Users/John/.gem/ruby/1.8/gems/activerecord-2.3.4/lib/active_record/connection_adapters/abstract/connection_pool.rb:188:in `checkout'
    /Users/John/.gem/ruby/1.8/gems/activerecord-2.3.4/lib/active_record/connection_adapters/abstract/connection_pool.rb:184:in `loop'
    /Users/John/.gem/ruby/1.8/gems/activerecord-2.3.4/lib/active_record/connection_adapters/abstract/connection_pool.rb:184:in `checkout'
    /System/Library/Frameworks/Ruby.framework/Versions/1.8/usr/lib/ruby/1.8/monitor.rb:242:in `synchronize'
    /Users/John/.gem/ruby/1.8/gems/activerecord-2.3.4/lib/active_record/connection_adapters/abstract/connection_pool.rb:183:in `checkout'
    /Users/John/.gem/ruby/1.8/gems/activerecord-2.3.4/lib/active_record/connection_adapters/abstract/connection_pool.rb:98:in `connection'
    /Users/John/.gem/ruby/1.8/gems/activerecord-2.3.4/lib/active_record/connection_adapters/abstract/connection_pool.rb:326:in `retrieve_connection'
    /Users/John/.gem/ruby/1.8/gems/activerecord-2.3.4/lib/active_record/connection_adapters/abstract/connection_specification.rb:123:in `retrieve_connection'
    /Users/John/.gem/ruby/1.8/gems/activerecord-2.3.4/lib/active_record/connection_adapters/abstract/connection_specification.rb:115:in `connection'
    /Users/John/.gem/ruby/1.8/gems/activerecord-2.3.4/lib/active_record/query_cache.rb:9:in `cache'
    /Users/John/.gem/ruby/1.8/gems/activerecord-2.3.4/lib/active_record/query_cache.rb:28:in `call'
    /Users/John/.gem/ruby/1.8/gems/activerecord-2.3.4/lib/active_record/connection_adapters/abstract/connection_pool.rb:361:in `call'
    /Users/John/.gem/ruby/1.8/gems/rack-1.0.1/lib/rack/head.rb:9:in `call'
    /Users/John/.gem/ruby/1.8/gems/rack-1.0.1/lib/rack/methodoverride.rb:24:in `call'
    /Users/John/.gem/ruby/1.8/gems/actionpack-2.3.4/lib/action_controller/params_parser.rb:15:in `call'
    /Users/John/.gem/ruby/1.8/gems/actionpack-2.3.4/lib/action_controller/session/cookie_store.rb:93:in `call'
    /Users/John/.gem/ruby/1.8/gems/actionpack-2.3.4/lib/action_controller/failsafe.rb:26:in `call'
    /Users/John/.gem/ruby/1.8/gems/rack-1.0.1/lib/rack/lock.rb:11:in `call'
    /Users/John/.gem/ruby/1.8/gems/rack-1.0.1/lib/rack/lock.rb:11:in `synchronize'
    /Users/John/.gem/ruby/1.8/gems/rack-1.0.1/lib/rack/lock.rb:11:in `call'
    /Users/John/.gem/ruby/1.8/gems/actionpack-2.3.4/lib/action_controller/dispatcher.rb:114:in `call'
    /Users/John/.gem/ruby/1.8/gems/actionpack-2.3.4/lib/action_controller/reloader.rb:34:in `run'
    /Users/John/.gem/ruby/1.8/gems/actionpack-2.3.4/lib/action_controller/dispatcher.rb:108:in `call'
    /Users/John/.gem/ruby/1.8/gems/rails-2.3.4/lib/rails/rack/static.rb:31:in `call'
    /Users/John/.gem/ruby/1.8/gems/rack-1.0.1/lib/rack/urlmap.rb:46:in `call'
    /Users/John/.gem/ruby/1.8/gems/rack-1.0.1/lib/rack/urlmap.rb:40:in `each'
    /Users/John/.gem/ruby/1.8/gems/rack-1.0.1/lib/rack/urlmap.rb:40:in `call'
    /Users/John/.gem/ruby/1.8/gems/rails-2.3.4/lib/rails/rack/log_tailer.rb:17:in `call'
    /Users/John/.gem/ruby/1.8/gems/rack-1.0.1/lib/rack/content_length.rb:13:in `call'
    /Users/John/.gem/ruby/1.8/gems/rack-1.0.1/lib/rack/chunked.rb:15:in `call'
    /Users/John/.gem/ruby/1.8/gems/rack-1.0.1/lib/rack/handler/mongrel.rb:64:in `process'
    /System/Library/Frameworks/Ruby.framework/Versions/1.8/usr/lib/ruby/gems/1.8/gems/mongrel-1.1.5/lib/mongrel.rb:159:in `process_client'
    /System/Library/Frameworks/Ruby.framework/Versions/1.8/usr/lib/ruby/gems/1.8/gems/mongrel-1.1.5/lib/mongrel.rb:158:in `each'
    /System/Library/Frameworks/Ruby.framework/Versions/1.8/usr/lib/ruby/gems/1.8/gems/mongrel-1.1.5/lib/mongrel.rb:158:in `process_client'
    /System/Library/Frameworks/Ruby.framework/Versions/1.8/usr/lib/ruby/gems/1.8/gems/mongrel-1.1.5/lib/mongrel.rb:285:in `run'
    /System/Library/Frameworks/Ruby.framework/Versions/1.8/usr/lib/ruby/gems/1.8/gems/mongrel-1.1.5/lib/mongrel.rb:285:in `initialize'
    /System/Library/Frameworks/Ruby.framework/Versions/1.8/usr/lib/ruby/gems/1.8/gems/mongrel-1.1.5/lib/mongrel.rb:285:in `new'
    /System/Library/Frameworks/Ruby.framework/Versions/1.8/usr/lib/ruby/gems/1.8/gems/mongrel-1.1.5/lib/mongrel.rb:285:in `run'
    /System/Library/Frameworks/Ruby.framework/Versions/1.8/usr/lib/ruby/gems/1.8/gems/mongrel-1.1.5/lib/mongrel.rb:268:in `initialize'
    /System/Library/Frameworks/Ruby.framework/Versions/1.8/usr/lib/ruby/gems/1.8/gems/mongrel-1.1.5/lib/mongrel.rb:268:in `new'
    /System/Library/Frameworks/Ruby.framework/Versions/1.8/usr/lib/ruby/gems/1.8/gems/mongrel-1.1.5/lib/mongrel.rb:268:in `run'
    /Users/John/.gem/ruby/1.8/gems/rack-1.0.1/lib/rack/handler/mongrel.rb:34:in `run'
    /Users/John/.gem/ruby/1.8/gems/rails-2.3.4/lib/commands/server.rb:111
    /Library/Ruby/Site/1.8/rubygems/custom_require.rb:31:in `gem_original_require'
    /Library/Ruby/Site/1.8/rubygems/custom_require.rb:31:in `require'
    script/server:3
/!\ FAILSAFE /!\  Sun Nov 08 18:20:31 -0500 2009
  Status: 500 Internal Server Error
  Can't connect to local MySQL server through socket '/tmp/mysql.sock' (2)
    /Users/John/.gem/ruby/1.8/gems/activerecord-2.3.4/lib/active_record/connection_adapters/mysql_adapter.rb:585:in `real_connect'
    /Users/John/.gem/ruby/1.8/gems/activerecord-2.3.4/lib/active_record/connection_adapters/mysql_adapter.rb:585:in `connect'
    /Users/John/.gem/ruby/1.8/gems/activerecord-2.3.4/lib/active_record/connection_adapters/mysql_adapter.rb:199:in `initialize'
    /Users/John/.gem/ruby/1.8/gems/activerecord-2.3.4/lib/active_record/connection_adapters/mysql_adapter.rb:71:in `new'
    /Users/John/.gem/ruby/1.8/gems/activerecord-2.3.4/lib/active_record/connection_adapters/mysql_adapter.rb:71:in `mysql_connection'
    /Users/John/.gem/ruby/1.8/gems/activerecord-2.3.4/lib/active_record/connection_adapters/abstract/connection_pool.rb:223:in `send'
    /Users/John/.gem/ruby/1.8/gems/activerecord-2.3.4/lib/active_record/connection_adapters/abstract/connection_pool.rb:223:in `new_connection'
    /Users/John/.gem/ruby/1.8/gems/activerecord-2.3.4/lib/active_record/connection_adapters/abstract/connection_pool.rb:245:in `checkout_new_connection'
    /Users/John/.gem/ruby/1.8/gems/activerecord-2.3.4/lib/active_record/connection_adapters/abstract/connection_pool.rb:188:in `checkout'
    /Users/John/.gem/ruby/1.8/gems/activerecord-2.3.4/lib/active_record/connection_adapters/abstract/connection_pool.rb:184:in `loop'
    /Users/John/.gem/ruby/1.8/gems/activerecord-2.3.4/lib/active_record/connection_adapters/abstract/connection_pool.rb:184:in `checkout'
    /System/Library/Frameworks/Ruby.framework/Versions/1.8/usr/lib/ruby/1.8/monitor.rb:242:in `synchronize'
    /Users/John/.gem/ruby/1.8/gems/activerecord-2.3.4/lib/active_record/connection_adapters/abstract/connection_pool.rb:183:in `checkout'
    /Users/John/.gem/ruby/1.8/gems/activerecord-2.3.4/lib/active_record/connection_adapters/abstract/connection_pool.rb:98:in `connection'
    /Users/John/.gem/ruby/1.8/gems/activerecord-2.3.4/lib/active_record/connection_adapters/abstract/connection_pool.rb:326:in `retrieve_connection'
    /Users/John/.gem/ruby/1.8/gems/activerecord-2.3.4/lib/active_record/connection_adapters/abstract/connection_specification.rb:123:in `retrieve_connection'
    /Users/John/.gem/ruby/1.8/gems/activerecord-2.3.4/lib/active_record/connection_adapters/abstract/connection_specification.rb:115:in `connection'
    /Users/John/.gem/ruby/1.8/gems/activerecord-2.3.4/lib/active_record/query_cache.rb:9:in `cache'
    /Users/John/.gem/ruby/1.8/gems/activerecord-2.3.4/lib/active_record/query_cache.rb:28:in `call'
    /Users/John/.gem/ruby/1.8/gems/activerecord-2.3.4/lib/active_record/connection_adapters/abstract/connection_pool.rb:361:in `call'
    /Users/John/.gem/ruby/1.8/gems/rack-1.0.1/lib/rack/head.rb:9:in `call'
    /Users/John/.gem/ruby/1.8/gems/rack-1.0.1/lib/rack/methodoverride.rb:24:in `call'
    /Users/John/.gem/ruby/1.8/gems/actionpack-2.3.4/lib/action_controller/params_parser.rb:15:in `call'
    /Users/John/.gem/ruby/1.8/gems/actionpack-2.3.4/lib/action_controller/session/cookie_store.rb:93:in `call'
    /Users/John/.gem/ruby/1.8/gems/actionpack-2.3.4/lib/action_controller/failsafe.rb:26:in `call'
    /Users/John/.gem/ruby/1.8/gems/rack-1.0.1/lib/rack/lock.rb:11:in `call'
    /Users/John/.gem/ruby/1.8/gems/rack-1.0.1/lib/rack/lock.rb:11:in `synchronize'
    /Users/John/.gem/ruby/1.8/gems/rack-1.0.1/lib/rack/lock.rb:11:in `call'
    /Users/John/.gem/ruby/1.8/gems/actionpack-2.3.4/lib/action_controller/dispatcher.rb:114:in `call'
    /Users/John/.gem/ruby/1.8/gems/actionpack-2.3.4/lib/action_controller/reloader.rb:34:in `run'
    /Users/John/.gem/ruby/1.8/gems/actionpack-2.3.4/lib/action_controller/dispatcher.rb:108:in `call'
    /Users/John/.gem/ruby/1.8/gems/rails-2.3.4/lib/rails/rack/static.rb:31:in `call'
    /Users/John/.gem/ruby/1.8/gems/rack-1.0.1/lib/rack/urlmap.rb:46:in `call'
    /Users/John/.gem/ruby/1.8/gems/rack-1.0.1/lib/rack/urlmap.rb:40:in `each'
    /Users/John/.gem/ruby/1.8/gems/rack-1.0.1/lib/rack/urlmap.rb:40:in `call'
    /Users/John/.gem/ruby/1.8/gems/rails-2.3.4/lib/rails/rack/log_tailer.rb:17:in `call'
    /Users/John/.gem/ruby/1.8/gems/rack-1.0.1/lib/rack/content_length.rb:13:in `call'
    /Users/John/.gem/ruby/1.8/gems/rack-1.0.1/lib/rack/chunked.rb:15:in `call'
    /Users/John/.gem/ruby/1.8/gems/rack-1.0.1/lib/rack/handler/mongrel.rb:64:in `process'
    /System/Library/Frameworks/Ruby.framework/Versions/1.8/usr/lib/ruby/gems/1.8/gems/mongrel-1.1.5/lib/mongrel.rb:159:in `process_client'
    /System/Library/Frameworks/Ruby.framework/Versions/1.8/usr/lib/ruby/gems/1.8/gems/mongrel-1.1.5/lib/mongrel.rb:158:in `each'
    /System/Library/Frameworks/Ruby.framework/Versions/1.8/usr/lib/ruby/gems/1.8/gems/mongrel-1.1.5/lib/mongrel.rb:158:in `process_client'
    /System/Library/Frameworks/Ruby.framework/Versions/1.8/usr/lib/ruby/gems/1.8/gems/mongrel-1.1.5/lib/mongrel.rb:285:in `run'
    /System/Library/Frameworks/Ruby.framework/Versions/1.8/usr/lib/ruby/gems/1.8/gems/mongrel-1.1.5/lib/mongrel.rb:285:in `initialize'
    /System/Library/Frameworks/Ruby.framework/Versions/1.8/usr/lib/ruby/gems/1.8/gems/mongrel-1.1.5/lib/mongrel.rb:285:in `new'
    /System/Library/Frameworks/Ruby.framework/Versions/1.8/usr/lib/ruby/gems/1.8/gems/mongrel-1.1.5/lib/mongrel.rb:285:in `run'
    /System/Library/Frameworks/Ruby.framework/Versions/1.8/usr/lib/ruby/gems/1.8/gems/mongrel-1.1.5/lib/mongrel.rb:268:in `initialize'
    /System/Library/Frameworks/Ruby.framework/Versions/1.8/usr/lib/ruby/gems/1.8/gems/mongrel-1.1.5/lib/mongrel.rb:268:in `new'
    /System/Library/Frameworks/Ruby.framework/Versions/1.8/usr/lib/ruby/gems/1.8/gems/mongrel-1.1.5/lib/mongrel.rb:268:in `run'
    /Users/John/.gem/ruby/1.8/gems/rack-1.0.1/lib/rack/handler/mongrel.rb:34:in `run'
    /Users/John/.gem/ruby/1.8/gems/rails-2.3.4/lib/commands/server.rb:111
    /Library/Ruby/Site/1.8/rubygems/custom_require.rb:31:in `gem_original_require'
    /Library/Ruby/Site/1.8/rubygems/custom_require.rb:31:in `require'
    script/server:3
/!\ FAILSAFE /!\  Sun Nov 08 18:21:43 -0500 2009
  Status: 500 Internal Server Error
  Unknown database 'library_development'
    /Users/John/.gem/ruby/1.8/gems/activerecord-2.3.4/lib/active_record/connection_adapters/mysql_adapter.rb:585:in `real_connect'
    /Users/John/.gem/ruby/1.8/gems/activerecord-2.3.4/lib/active_record/connection_adapters/mysql_adapter.rb:585:in `connect'
    /Users/John/.gem/ruby/1.8/gems/activerecord-2.3.4/lib/active_record/connection_adapters/mysql_adapter.rb:199:in `initialize'
    /Users/John/.gem/ruby/1.8/gems/activerecord-2.3.4/lib/active_record/connection_adapters/mysql_adapter.rb:71:in `new'
    /Users/John/.gem/ruby/1.8/gems/activerecord-2.3.4/lib/active_record/connection_adapters/mysql_adapter.rb:71:in `mysql_connection'
    /Users/John/.gem/ruby/1.8/gems/activerecord-2.3.4/lib/active_record/connection_adapters/abstract/connection_pool.rb:223:in `send'
    /Users/John/.gem/ruby/1.8/gems/activerecord-2.3.4/lib/active_record/connection_adapters/abstract/connection_pool.rb:223:in `new_connection'
    /Users/John/.gem/ruby/1.8/gems/activerecord-2.3.4/lib/active_record/connection_adapters/abstract/connection_pool.rb:245:in `checkout_new_connection'
    /Users/John/.gem/ruby/1.8/gems/activerecord-2.3.4/lib/active_record/connection_adapters/abstract/connection_pool.rb:188:in `checkout'
    /Users/John/.gem/ruby/1.8/gems/activerecord-2.3.4/lib/active_record/connection_adapters/abstract/connection_pool.rb:184:in `loop'
    /Users/John/.gem/ruby/1.8/gems/activerecord-2.3.4/lib/active_record/connection_adapters/abstract/connection_pool.rb:184:in `checkout'
    /System/Library/Frameworks/Ruby.framework/Versions/1.8/usr/lib/ruby/1.8/monitor.rb:242:in `synchronize'
    /Users/John/.gem/ruby/1.8/gems/activerecord-2.3.4/lib/active_record/connection_adapters/abstract/connection_pool.rb:183:in `checkout'
    /Users/John/.gem/ruby/1.8/gems/activerecord-2.3.4/lib/active_record/connection_adapters/abstract/connection_pool.rb:98:in `connection'
    /Users/John/.gem/ruby/1.8/gems/activerecord-2.3.4/lib/active_record/connection_adapters/abstract/connection_pool.rb:326:in `retrieve_connection'
    /Users/John/.gem/ruby/1.8/gems/activerecord-2.3.4/lib/active_record/connection_adapters/abstract/connection_specification.rb:123:in `retrieve_connection'
    /Users/John/.gem/ruby/1.8/gems/activerecord-2.3.4/lib/active_record/connection_adapters/abstract/connection_specification.rb:115:in `connection'
    /Users/John/.gem/ruby/1.8/gems/activerecord-2.3.4/lib/active_record/query_cache.rb:9:in `cache'
    /Users/John/.gem/ruby/1.8/gems/activerecord-2.3.4/lib/active_record/query_cache.rb:28:in `call'
    /Users/John/.gem/ruby/1.8/gems/activerecord-2.3.4/lib/active_record/connection_adapters/abstract/connection_pool.rb:361:in `call'
    /Users/John/.gem/ruby/1.8/gems/rack-1.0.1/lib/rack/head.rb:9:in `call'
    /Users/John/.gem/ruby/1.8/gems/rack-1.0.1/lib/rack/methodoverride.rb:24:in `call'
    /Users/John/.gem/ruby/1.8/gems/actionpack-2.3.4/lib/action_controller/params_parser.rb:15:in `call'
    /Users/John/.gem/ruby/1.8/gems/actionpack-2.3.4/lib/action_controller/session/cookie_store.rb:93:in `call'
    /Users/John/.gem/ruby/1.8/gems/actionpack-2.3.4/lib/action_controller/failsafe.rb:26:in `call'
    /Users/John/.gem/ruby/1.8/gems/rack-1.0.1/lib/rack/lock.rb:11:in `call'
    /Users/John/.gem/ruby/1.8/gems/rack-1.0.1/lib/rack/lock.rb:11:in `synchronize'
    /Users/John/.gem/ruby/1.8/gems/rack-1.0.1/lib/rack/lock.rb:11:in `call'
    /Users/John/.gem/ruby/1.8/gems/actionpack-2.3.4/lib/action_controller/dispatcher.rb:114:in `call'
    /Users/John/.gem/ruby/1.8/gems/actionpack-2.3.4/lib/action_controller/reloader.rb:34:in `run'
    /Users/John/.gem/ruby/1.8/gems/actionpack-2.3.4/lib/action_controller/dispatcher.rb:108:in `call'
    /Users/John/.gem/ruby/1.8/gems/rails-2.3.4/lib/rails/rack/static.rb:31:in `call'
    /Users/John/.gem/ruby/1.8/gems/rack-1.0.1/lib/rack/urlmap.rb:46:in `call'
    /Users/John/.gem/ruby/1.8/gems/rack-1.0.1/lib/rack/urlmap.rb:40:in `each'
    /Users/John/.gem/ruby/1.8/gems/rack-1.0.1/lib/rack/urlmap.rb:40:in `call'
    /Users/John/.gem/ruby/1.8/gems/rails-2.3.4/lib/rails/rack/log_tailer.rb:17:in `call'
    /Users/John/.gem/ruby/1.8/gems/rack-1.0.1/lib/rack/content_length.rb:13:in `call'
    /Users/John/.gem/ruby/1.8/gems/rack-1.0.1/lib/rack/chunked.rb:15:in `call'
    /Users/John/.gem/ruby/1.8/gems/rack-1.0.1/lib/rack/handler/mongrel.rb:64:in `process'
    /System/Library/Frameworks/Ruby.framework/Versions/1.8/usr/lib/ruby/gems/1.8/gems/mongrel-1.1.5/lib/mongrel.rb:159:in `process_client'
    /System/Library/Frameworks/Ruby.framework/Versions/1.8/usr/lib/ruby/gems/1.8/gems/mongrel-1.1.5/lib/mongrel.rb:158:in `each'
    /System/Library/Frameworks/Ruby.framework/Versions/1.8/usr/lib/ruby/gems/1.8/gems/mongrel-1.1.5/lib/mongrel.rb:158:in `process_client'
    /System/Library/Frameworks/Ruby.framework/Versions/1.8/usr/lib/ruby/gems/1.8/gems/mongrel-1.1.5/lib/mongrel.rb:285:in `run'
    /System/Library/Frameworks/Ruby.framework/Versions/1.8/usr/lib/ruby/gems/1.8/gems/mongrel-1.1.5/lib/mongrel.rb:285:in `initialize'
    /System/Library/Frameworks/Ruby.framework/Versions/1.8/usr/lib/ruby/gems/1.8/gems/mongrel-1.1.5/lib/mongrel.rb:285:in `new'
    /System/Library/Frameworks/Ruby.framework/Versions/1.8/usr/lib/ruby/gems/1.8/gems/mongrel-1.1.5/lib/mongrel.rb:285:in `run'
    /System/Library/Frameworks/Ruby.framework/Versions/1.8/usr/lib/ruby/gems/1.8/gems/mongrel-1.1.5/lib/mongrel.rb:268:in `initialize'
    /System/Library/Frameworks/Ruby.framework/Versions/1.8/usr/lib/ruby/gems/1.8/gems/mongrel-1.1.5/lib/mongrel.rb:268:in `new'
    /System/Library/Frameworks/Ruby.framework/Versions/1.8/usr/lib/ruby/gems/1.8/gems/mongrel-1.1.5/lib/mongrel.rb:268:in `run'
    /Users/John/.gem/ruby/1.8/gems/rack-1.0.1/lib/rack/handler/mongrel.rb:34:in `run'
    /Users/John/.gem/ruby/1.8/gems/rails-2.3.4/lib/commands/server.rb:111
    /Library/Ruby/Site/1.8/rubygems/custom_require.rb:31:in `gem_original_require'
    /Library/Ruby/Site/1.8/rubygems/custom_require.rb:31:in `require'
    script/server:3
  [4;36;1mSQL (0.1ms)[0m   [0;1mSET NAMES 'utf8'[0m
  [4;35;1mSQL (0.1ms)[0m   [0mSET SQL_AUTO_IS_NULL=0[0m


Processing SearchController#index (for 127.0.0.1 at 2009-11-08 18:25:51) [GET]
Rendering search/index
Completed in 28ms (View: 27, DB: 0) | 200 OK [http://localhost/search/index]
  [4;36;1mSQL (0.1ms)[0m   [0;1mSET NAMES 'utf8'[0m
  [4;35;1mSQL (0.1ms)[0m   [0mSET SQL_AUTO_IS_NULL=0[0m


Processing SearchController#index (for 127.0.0.1 at 2009-11-08 18:35:59) [GET]
Rendering template within layouts/application
Rendering search/index
Completed in 37ms (View: 35, DB: 0) | 200 OK [http://localhost/search/index]
  [4;36;1mSQL (0.1ms)[0m   [0;1mSET NAMES 'utf8'[0m
  [4;35;1mSQL (0.1ms)[0m   [0mSET SQL_AUTO_IS_NULL=0[0m


Processing ApplicationController#index (for 127.0.0.1 at 2009-11-08 18:35:59) [GET]

ActionController::RoutingError (No route matches "/images/logo.png" with {:method=>:get}):
  

Rendering rescues/layout (not_found)
  [4;36;1mSQL (0.1ms)[0m   [0;1mSET NAMES 'utf8'[0m
  [4;35;1mSQL (0.1ms)[0m   [0mSET SQL_AUTO_IS_NULL=0[0m


Processing SearchController#index (for 127.0.0.1 at 2009-11-08 18:39:49) [GET]
Rendering template within layouts/application
Rendering search/index
Completed in 5ms (View: 4, DB: 0) | 200 OK [http://localhost/search/index]
  [4;36;1mSQL (0.1ms)[0m   [0;1mSET NAMES 'utf8'[0m
  [4;35;1mSQL (0.1ms)[0m   [0mSET SQL_AUTO_IS_NULL=0[0m


Processing SearchController#index (for 127.0.0.1 at 2009-11-08 18:44:31) [GET]
Rendering template within layouts/application
Rendering search/index
Completed in 35ms (View: 34, DB: 0) | 200 OK [http://localhost/search/index]
  [4;36;1mSQL (0.1ms)[0m   [0;1mSET NAMES 'utf8'[0m
  [4;35;1mSQL (0.1ms)[0m   [0mSET SQL_AUTO_IS_NULL=0[0m


Processing SearchController#index (for 127.0.0.1 at 2009-11-08 18:50:07) [GET]
Rendering template within layouts/application
Rendering search/index
Completed in 54ms (View: 52, DB: 0) | 200 OK [http://localhost/search/index]
  [4;36;1mSQL (0.1ms)[0m   [0;1mSET NAMES 'utf8'[0m
  [4;35;1mSQL (0.1ms)[0m   [0mSET SQL_AUTO_IS_NULL=0[0m


Processing SearchController#find (for 127.0.0.1 at 2009-11-08 18:50:10) [POST]
  Parameters: {"authenticity_token"=>"lMeYfdtf1Q4WxRyAd4uCi8lm9yLopH/ka/uYOQRcML4=", "search"=>{"name"=>"gertrude"}}
Rendering template within layouts/application
Rendering search/find
Completed in 5ms (View: 4, DB: 0) | 200 OK [http://localhost/search/find]
  [4;36;1mSQL (0.1ms)[0m   [0;1mSET NAMES 'utf8'[0m
  [4;35;1mSQL (0.1ms)[0m   [0mSET SQL_AUTO_IS_NULL=0[0m


Processing SearchController#index (for 127.0.0.1 at 2009-11-08 18:51:00) [GET]
Rendering template within layouts/application
Rendering search/index
Completed in 3ms (View: 2, DB: 0) | 200 OK [http://localhost/search/index]
  [4;36;1mSQL (0.1ms)[0m   [0;1mSET NAMES 'utf8'[0m
  [4;35;1mSQL (0.1ms)[0m   [0mSET SQL_AUTO_IS_NULL=0[0m


Processing SearchController#find (for 127.0.0.1 at 2009-11-08 18:51:02) [POST]
  Parameters: {"authenticity_token"=>"lMeYfdtf1Q4WxRyAd4uCi8lm9yLopH/ka/uYOQRcML4=", "search"=>{"name"=>"gertrude"}}
Rendering template within layouts/application
Rendering search/find
Completed in 2ms (View: 1, DB: 0) | 200 OK [http://localhost/search/find]
  [4;36;1mSQL (0.1ms)[0m   [0;1mSET NAMES 'utf8'[0m
  [4;35;1mSQL (0.1ms)[0m   [0mSET SQL_AUTO_IS_NULL=0[0m


Processing SearchController#index (for 127.0.0.1 at 2009-11-08 18:51:15) [GET]
Rendering template within layouts/application
Rendering search/index
Completed in 4ms (View: 2, DB: 0) | 200 OK [http://localhost/search/index]
  [4;36;1mSQL (0.1ms)[0m   [0;1mSET NAMES 'utf8'[0m
  [4;35;1mSQL (0.1ms)[0m   [0mSET SQL_AUTO_IS_NULL=0[0m


Processing SearchController#index (for 127.0.0.1 at 2009-11-08 18:53:52) [GET]
Rendering template within layouts/application
Rendering search/index
Completed in 8ms (View: 7, DB: 0) | 200 OK [http://localhost/search/index]
  [4;36;1mSQL (0.1ms)[0m   [0;1mSET NAMES 'utf8'[0m
  [4;35;1mSQL (0.1ms)[0m   [0mSET SQL_AUTO_IS_NULL=0[0m


Processing SearchController#index (for 127.0.0.1 at 2009-11-08 18:54:43) [GET]
Rendering template within layouts/application
Rendering search/index
Completed in 8ms (View: 7, DB: 0) | 200 OK [http://localhost/search/index]
  [4;36;1mSQL (0.1ms)[0m   [0;1mSET NAMES 'utf8'[0m
  [4;35;1mSQL (0.1ms)[0m   [0mSET SQL_AUTO_IS_NULL=0[0m


Processing SearchController#index (for 127.0.0.1 at 2009-11-08 18:59:12) [GET]
Rendering template within layouts/application
Rendering search/index
Completed in 7ms (View: 6, DB: 0) | 200 OK [http://localhost/search/index]
  [4;36;1mSQL (0.1ms)[0m   [0;1mSET NAMES 'utf8'[0m
  [4;35;1mSQL (0.1ms)[0m   [0mSET SQL_AUTO_IS_NULL=0[0m


Processing SearchController#index (for 127.0.0.1 at 2009-11-08 19:00:49) [GET]
Rendering template within layouts/application
Rendering search/index
Completed in 8ms (View: 7, DB: 0) | 200 OK [http://localhost/search/index]
  [4;36;1mSQL (0.1ms)[0m   [0;1mSET NAMES 'utf8'[0m
  [4;35;1mSQL (0.1ms)[0m   [0mSET SQL_AUTO_IS_NULL=0[0m


Processing SearchController#index (for 127.0.0.1 at 2009-11-08 19:04:34) [GET]
Rendering template within layouts/application
Rendering search/index
Completed in 7ms (View: 5, DB: 0) | 200 OK [http://localhost/search/index]
  [4;36;1mSQL (0.1ms)[0m   [0;1mSET NAMES 'utf8'[0m
  [4;35;1mSQL (0.2ms)[0m   [0mSET SQL_AUTO_IS_NULL=0[0m


Processing SearchController#index (for 127.0.0.1 at 2009-11-08 19:04:36) [GET]
Rendering template within layouts/application
Rendering search/index
Completed in 53ms (View: 2, DB: 0) | 200 OK [http://localhost/search/index]
  [4;36;1mSQL (0.1ms)[0m   [0;1mSET NAMES 'utf8'[0m
  [4;35;1mSQL (0.1ms)[0m   [0mSET SQL_AUTO_IS_NULL=0[0m


Processing SearchController#index (for 127.0.0.1 at 2009-11-08 19:04:52) [GET]
Rendering template within layouts/application
Rendering search/index
Completed in 6ms (View: 5, DB: 0) | 200 OK [http://localhost/search/index]
  [4;36;1mSQL (0.1ms)[0m   [0;1mSET NAMES 'utf8'[0m
  [4;35;1mSQL (0.1ms)[0m   [0mSET SQL_AUTO_IS_NULL=0[0m


Processing SearchController#index (for 127.0.0.1 at 2009-11-08 19:04:54) [GET]
Rendering template within layouts/application
Rendering search/index
Completed in 4ms (View: 2, DB: 0) | 200 OK [http://localhost/search/index]
  [4;36;1mSQL (0.1ms)[0m   [0;1mSET NAMES 'utf8'[0m
  [4;35;1mSQL (0.1ms)[0m   [0mSET SQL_AUTO_IS_NULL=0[0m


Processing SearchController#index (for 127.0.0.1 at 2009-11-08 19:05:09) [GET]
Rendering template within layouts/application
Rendering search/index
Completed in 3ms (View: 2, DB: 0) | 200 OK [http://localhost/search/index]
  [4;36;1mSQL (0.1ms)[0m   [0;1mSET NAMES 'utf8'[0m
  [4;35;1mSQL (0.1ms)[0m   [0mSET SQL_AUTO_IS_NULL=0[0m


Processing SearchController#index (for 127.0.0.1 at 2009-11-08 19:05:10) [GET]
Rendering template within layouts/application
Rendering search/index
Completed in 3ms (View: 2, DB: 0) | 200 OK [http://localhost/search/index]
  [4;36;1mSQL (0.1ms)[0m   [0;1mSET NAMES 'utf8'[0m
  [4;35;1mSQL (0.1ms)[0m   [0mSET SQL_AUTO_IS_NULL=0[0m


Processing SearchController#index (for 127.0.0.1 at 2009-11-08 19:13:41) [GET]
Rendering template within layouts/application
Rendering search/index
Completed in 6ms (View: 5, DB: 0) | 200 OK [http://localhost/search/index]
  [4;36;1mSQL (0.1ms)[0m   [0;1mSET NAMES 'utf8'[0m
  [4;35;1mSQL (0.1ms)[0m   [0mSET SQL_AUTO_IS_NULL=0[0m


Processing SearchController#index (for 127.0.0.1 at 2009-11-08 19:17:36) [GET]
Rendering template within layouts/application
Rendering search/index
Completed in 8ms (View: 6, DB: 0) | 200 OK [http://localhost/search/index]
  [4;36;1mSQL (0.1ms)[0m   [0;1mSET NAMES 'utf8'[0m
  [4;35;1mSQL (0.1ms)[0m   [0mSET SQL_AUTO_IS_NULL=0[0m


Processing SearchController#index (for 127.0.0.1 at 2009-11-08 19:19:35) [GET]
Rendering template within layouts/application
Rendering search/index
Completed in 7ms (View: 5, DB: 0) | 200 OK [http://localhost/search/index]
  [4;36;1mSQL (0.1ms)[0m   [0;1mSET NAMES 'utf8'[0m
  [4;35;1mSQL (0.1ms)[0m   [0mSET SQL_AUTO_IS_NULL=0[0m


Processing SearchController#index (for 127.0.0.1 at 2009-11-08 19:20:47) [GET]
Rendering template within layouts/application
Rendering search/index
Completed in 4ms (View: 3, DB: 0) | 200 OK [http://localhost/search/index]
  [4;36;1mSQL (0.1ms)[0m   [0;1mSET NAMES 'utf8'[0m
  [4;35;1mSQL (0.1ms)[0m   [0mSET SQL_AUTO_IS_NULL=0[0m


Processing SearchController#index (for 127.0.0.1 at 2009-11-08 19:22:15) [GET]
Rendering template within layouts/application
Rendering search/index
Completed in 7ms (View: 5, DB: 0) | 200 OK [http://localhost/search/index]
  [4;36;1mSQL (0.1ms)[0m   [0;1mSET NAMES 'utf8'[0m
  [4;35;1mSQL (0.1ms)[0m   [0mSET SQL_AUTO_IS_NULL=0[0m


Processing SearchController#find (for 127.0.0.1 at 2009-11-08 19:23:04) [POST]
  Parameters: {"authenticity_token"=>"lMeYfdtf1Q4WxRyAd4uCi8lm9yLopH/ka/uYOQRcML4=", "search"=>{"name"=>"gertrude"}}
Rendering template within layouts/application
Rendering search/find
Completed in 3ms (View: 1, DB: 0) | 200 OK [http://localhost/search/find]
  [4;36;1mSQL (0.1ms)[0m   [0;1mSET NAMES 'utf8'[0m
  [4;35;1mSQL (0.1ms)[0m   [0mSET SQL_AUTO_IS_NULL=0[0m


Processing SearchController#find (for 127.0.0.1 at 2009-11-08 19:23:13) [POST]
  Parameters: {"authenticity_token"=>"lMeYfdtf1Q4WxRyAd4uCi8lm9yLopH/ka/uYOQRcML4=", "search"=>{"name"=>"gertrude"}}
Rendering template within layouts/application
Rendering search/find
Completed in 2ms (View: 1, DB: 0) | 200 OK [http://localhost/search/find]
  [4;36;1mSQL (0.1ms)[0m   [0;1mSET NAMES 'utf8'[0m
  [4;35;1mSQL (0.1ms)[0m   [0mSET SQL_AUTO_IS_NULL=0[0m


Processing SearchController#find (for 127.0.0.1 at 2009-11-08 19:24:38) [POST]
  Parameters: {"authenticity_token"=>"lMeYfdtf1Q4WxRyAd4uCi8lm9yLopH/ka/uYOQRcML4=", "search"=>{"name"=>"gertrude"}}
Rendering template within layouts/application
Rendering search/find
Completed in 3ms (View: 1, DB: 0) | 200 OK [http://localhost/search/find]
  [4;36;1mSQL (0.1ms)[0m   [0;1mSET NAMES 'utf8'[0m
  [4;35;1mSQL (0.1ms)[0m   [0mSET SQL_AUTO_IS_NULL=0[0m


Processing SearchController#find (for 127.0.0.1 at 2009-11-08 19:25:41) [POST]
  Parameters: {"authenticity_token"=>"lMeYfdtf1Q4WxRyAd4uCi8lm9yLopH/ka/uYOQRcML4=", "search"=>{"name"=>"gertrude"}}
Rendering template within layouts/application
Rendering search/find
Completed in 9ms (View: 7, DB: 0) | 200 OK [http://localhost/search/find]
  [4;36;1mSQL (0.1ms)[0m   [0;1mSET NAMES 'utf8'[0m
  [4;35;1mSQL (0.1ms)[0m   [0mSET SQL_AUTO_IS_NULL=0[0m


Processing SearchController#find (for 127.0.0.1 at 2009-11-08 19:25:46) [POST]
  Parameters: {"authenticity_token"=>"lMeYfdtf1Q4WxRyAd4uCi8lm9yLopH/ka/uYOQRcML4=", "search"=>{"name"=>"gertrude"}}
Rendering template within layouts/application
Rendering search/find
Completed in 4ms (View: 2, DB: 0) | 200 OK [http://localhost/search/find]
  [4;36;1mSQL (0.1ms)[0m   [0;1mSET NAMES 'utf8'[0m
  [4;35;1mSQL (0.1ms)[0m   [0mSET SQL_AUTO_IS_NULL=0[0m


Processing SearchController#find (for 127.0.0.1 at 2009-11-08 19:25:48) [GET]
Rendering template within layouts/application
Rendering search/find
Completed in 5ms (View: 2, DB: 0) | 200 OK [http://localhost/search/find]
  [4;36;1mSQL (0.1ms)[0m   [0;1mSET NAMES 'utf8'[0m
  [4;35;1mSQL (0.1ms)[0m   [0mSET SQL_AUTO_IS_NULL=0[0m


Processing SearchController#find (for 127.0.0.1 at 2009-11-08 19:25:50) [GET]
Rendering template within layouts/application
Rendering search/find
Completed in 6ms (View: 5, DB: 0) | 200 OK [http://localhost/search/find]
  [4;36;1mSQL (0.1ms)[0m   [0;1mSET NAMES 'utf8'[0m
  [4;35;1mSQL (0.1ms)[0m   [0mSET SQL_AUTO_IS_NULL=0[0m


Processing SearchController#find (for 127.0.0.1 at 2009-11-08 19:25:53) [POST]
  Parameters: {"authenticity_token"=>"lMeYfdtf1Q4WxRyAd4uCi8lm9yLopH/ka/uYOQRcML4=", "search"=>{"name"=>""}}
Rendering template within layouts/application
Rendering search/find
Completed in 5ms (View: 3, DB: 0) | 200 OK [http://localhost/search/find]
  [4;36;1mSQL (0.1ms)[0m   [0;1mSET NAMES 'utf8'[0m
  [4;35;1mSQL (0.1ms)[0m   [0mSET SQL_AUTO_IS_NULL=0[0m


Processing SearchController#find (for 127.0.0.1 at 2009-11-08 19:25:54) [POST]
  Parameters: {"authenticity_token"=>"lMeYfdtf1Q4WxRyAd4uCi8lm9yLopH/ka/uYOQRcML4=", "search"=>{"name"=>""}}
Rendering template within layouts/application
Rendering search/find
Completed in 5ms (View: 3, DB: 0) | 200 OK [http://localhost/search/find]
  [4;36;1mSQL (0.1ms)[0m   [0;1mSET NAMES 'utf8'[0m
  [4;35;1mSQL (0.1ms)[0m   [0mSET SQL_AUTO_IS_NULL=0[0m


Processing SearchController#index (for 127.0.0.1 at 2009-11-08 19:26:50) [GET]
Rendering template within layouts/application
Rendering search/index
Completed in 7ms (View: 5, DB: 0) | 200 OK [http://localhost/search/]
  [4;36;1mSQL (0.1ms)[0m   [0;1mSET NAMES 'utf8'[0m
  [4;35;1mSQL (0.2ms)[0m   [0mSET SQL_AUTO_IS_NULL=0[0m


Processing SearchController#index (for 127.0.0.1 at 2009-11-08 19:26:53) [GET]
Rendering template within layouts/application
Rendering search/index
Completed in 6ms (View: 4, DB: 0) | 200 OK [http://localhost/search/]
  [4;36;1mSQL (0.1ms)[0m   [0;1mSET NAMES 'utf8'[0m
  [4;35;1mSQL (0.7ms)[0m   [0mSET SQL_AUTO_IS_NULL=0[0m


Processing SearchController#find (for 127.0.0.1 at 2009-11-08 19:26:59) [POST]
  Parameters: {"authenticity_token"=>"lMeYfdtf1Q4WxRyAd4uCi8lm9yLopH/ka/uYOQRcML4=", "search"=>{"name"=>"gertrude"}}
Rendering template within layouts/application
Rendering search/find
Completed in 4ms (View: 2, DB: 1) | 200 OK [http://localhost/search/find]
  [4;36;1mSQL (0.1ms)[0m   [0;1mSET NAMES 'utf8'[0m
  [4;35;1mSQL (0.1ms)[0m   [0mSET SQL_AUTO_IS_NULL=0[0m


Processing SearchController#index (for 127.0.0.1 at 2009-11-08 19:30:03) [GET]
Rendering template within layouts/application
Rendering search/index
Completed in 6ms (View: 5, DB: 0) | 200 OK [http://localhost/search]
  [4;36;1mSQL (0.1ms)[0m   [0;1mSET NAMES 'utf8'[0m
  [4;35;1mSQL (0.1ms)[0m   [0mSET SQL_AUTO_IS_NULL=0[0m


Processing SearchController#find (for 127.0.0.1 at 2009-11-08 19:30:10) [POST]
  Parameters: {"authenticity_token"=>"lMeYfdtf1Q4WxRyAd4uCi8lm9yLopH/ka/uYOQRcML4=", "search"=>{"name"=>"gertrude"}}
Rendering template within layouts/application
Rendering search/find
Completed in 4ms (View: 2, DB: 0) | 200 OK [http://localhost/search/find]
  [4;36;1mSQL (0.1ms)[0m   [0;1mSET NAMES 'utf8'[0m
  [4;35;1mSQL (0.1ms)[0m   [0mSET SQL_AUTO_IS_NULL=0[0m


Processing SearchController#index (for 127.0.0.1 at 2009-11-08 20:33:36) [GET]
Rendering template within layouts/application
Rendering search/index
Completed in 3ms (View: 2, DB: 0) | 200 OK [http://localhost/search]
  [4;36;1mSQL (0.1ms)[0m   [0;1mSET NAMES 'utf8'[0m
  [4;35;1mSQL (0.1ms)[0m   [0mSET SQL_AUTO_IS_NULL=0[0m


Processing SearchController#find (for 127.0.0.1 at 2009-11-08 21:39:04) [POST]
  Parameters: {"authenticity_token"=>"lMeYfdtf1Q4WxRyAd4uCi8lm9yLopH/ka/uYOQRcML4=", "search"=>{"name"=>"gertrude"}}
Rendering template within layouts/application
Rendering search/find
Completed in 4ms (View: 2, DB: 0) | 200 OK [http://localhost/search/find]
  [4;36;1mSQL (79.4ms)[0m   [0;1mSET NAMES 'utf8'[0m
  [4;35;1mSQL (6.1ms)[0m   [0mSET SQL_AUTO_IS_NULL=0[0m


Processing SearchController#find (for 127.0.0.1 at 2009-11-09 17:39:32) [GET]
Rendering template within layouts/application
Rendering search/find
Completed in 374ms (View: 336, DB: 85) | 200 OK [http://localhost/search/find]
